========= Standard Cell ==========
[[4533/1000, 0, 0], [0, 4533/1000, 0], [0, 0, 781/250]]
第1个操作:
	R_spin_Frac is Matrix([[1, 0, 0], [0, 1, 0], [0, 0, 1]])
	R_space_Frac is Matrix([[1, 0, 0], [0, 1, 0], [0, 0, 1]])                
	R_spin_Cart is Matrix([[1, 0, 0], [0, 1, 0], [0, 0, 1]])
	R_space_Cart is Matrix([[1, 0, 0], [0, 1, 0], [0, 0, 1]])                
	Time reversal is 1
第1个生成元操作

时间反演奇电导约束关系:
	 σC_odd_xx = 0
	 σC_odd_xy = -σC_odd_yx
	 σC_odd_xz = -σC_odd_zx
	 σC_odd_yy = 0
	 σC_odd_yz = -σC_odd_zy
	 σC_odd_zz = 0

时间反演奇自旋电导约束关系:
	没有多余的解

时间反演偶电导约束关系:
	 σC_even_xy = σC_even_yx
	 σC_even_xz = σC_even_zx
	 σC_even_yz = σC_even_zy

时间反演偶自旋电导约束关系:
	没有多余的解
================================================================================ 

第2个操作:
	R_spin_Frac is Matrix([[1, 0, 0], [0, -1, 0], [0, 0, -1]])
	R_space_Frac is Matrix([[1, 0, 0], [0, -1, 0], [0, 0, -1]])                
	R_spin_Cart is Matrix([[1, 0, 0], [0, -1, 0], [0, 0, -1]])
	R_space_Cart is Matrix([[1, 0, 0], [0, -1, 0], [0, 0, -1]])                
	Time reversal is 1
第2个生成元操作

时间反演奇电导约束关系:
	 σC_odd_xx = 0 	该约束关系已在之前的操作结果中存在
	 σC_odd_xy = 0
	 σC_odd_xz = 0
	 σC_odd_yx = 0
	 σC_odd_yy = 0 	该约束关系已在之前的操作结果中存在
	 σC_odd_yz = -σC_odd_zy 	该约束关系已在之前的操作结果中存在
	 σC_odd_zx = 0
	 σC_odd_zz = 0 	该约束关系已在之前的操作结果中存在

时间反演奇自旋电导约束关系:
	 σS_odd_Xxy = 0
	 σS_odd_Xxz = 0
	 σS_odd_Xyx = 0
	 σS_odd_Xzx = 0
	 σS_odd_Yxx = 0
	 σS_odd_Yyy = 0
	 σS_odd_Yyz = 0
	 σS_odd_Yzy = 0
	 σS_odd_Yzz = 0
	 σS_odd_Zxx = 0
	 σS_odd_Zyy = 0
	 σS_odd_Zyz = 0
	 σS_odd_Zzy = 0
	 σS_odd_Zzz = 0

时间反演偶电导约束关系:
	 σC_even_xy = 0
	 σC_even_xz = 0
	 σC_even_yx = 0
	 σC_even_yz = σC_even_zy 	该约束关系已在之前的操作结果中存在
	 σC_even_zx = 0

时间反演偶自旋电导约束关系:
	 σS_even_Xxy = 0
	 σS_even_Xxz = 0
	 σS_even_Xyx = 0
	 σS_even_Xzx = 0
	 σS_even_Yxx = 0
	 σS_even_Yyy = 0
	 σS_even_Yyz = 0
	 σS_even_Yzy = 0
	 σS_even_Yzz = 0
	 σS_even_Zxx = 0
	 σS_even_Zyy = 0
	 σS_even_Zyz = 0
	 σS_even_Zzy = 0
	 σS_even_Zzz = 0
================================================================================ 

第3个操作:
	R_spin_Frac is Matrix([[-1, 0, 0], [0, 1, 0], [0, 0, -1]])
	R_space_Frac is Matrix([[-1, 0, 0], [0, 1, 0], [0, 0, -1]])                
	R_spin_Cart is Matrix([[-1, 0, 0], [0, 1, 0], [0, 0, -1]])
	R_space_Cart is Matrix([[-1, 0, 0], [0, 1, 0], [0, 0, -1]])                
	Time reversal is 1
第3个生成元操作

时间反演奇电导约束关系:
	 σC_odd_xx = 0 	该约束关系已在之前的操作结果中存在
	 σC_odd_xy = 0 	该约束关系已在之前的操作结果中存在
	 σC_odd_xz = -σC_odd_zx 	该约束关系已在之前的操作结果中存在
	 σC_odd_yx = 0 	该约束关系已在之前的操作结果中存在
	 σC_odd_yy = 0 	该约束关系已在之前的操作结果中存在
	 σC_odd_yz = 0
	 σC_odd_zy = 0
	 σC_odd_zz = 0 	该约束关系已在之前的操作结果中存在

时间反演奇自旋电导约束关系:
	 σS_odd_Xxx = 0
	 σS_odd_Xxz = 0 	该约束关系已在之前的操作结果中存在
	 σS_odd_Xyy = 0
	 σS_odd_Xzx = 0 	该约束关系已在之前的操作结果中存在
	 σS_odd_Xzz = 0
	 σS_odd_Yxy = 0
	 σS_odd_Yyx = 0
	 σS_odd_Yyz = 0 	该约束关系已在之前的操作结果中存在
	 σS_odd_Yzy = 0 	该约束关系已在之前的操作结果中存在
	 σS_odd_Zxx = 0 	该约束关系已在之前的操作结果中存在
	 σS_odd_Zxz = 0
	 σS_odd_Zyy = 0 	该约束关系已在之前的操作结果中存在
	 σS_odd_Zzx = 0
	 σS_odd_Zzz = 0 	该约束关系已在之前的操作结果中存在

时间反演偶电导约束关系:
	 σC_even_xy = 0 	该约束关系已在之前的操作结果中存在
	 σC_even_xz = σC_even_zx 	该约束关系已在之前的操作结果中存在
	 σC_even_yx = 0 	该约束关系已在之前的操作结果中存在
	 σC_even_yz = 0
	 σC_even_zy = 0

时间反演偶自旋电导约束关系:
	 σS_even_Xxx = 0
	 σS_even_Xxz = 0 	该约束关系已在之前的操作结果中存在
	 σS_even_Xyy = 0
	 σS_even_Xzx = 0 	该约束关系已在之前的操作结果中存在
	 σS_even_Xzz = 0
	 σS_even_Yxy = 0
	 σS_even_Yyx = 0
	 σS_even_Yyz = 0 	该约束关系已在之前的操作结果中存在
	 σS_even_Yzy = 0 	该约束关系已在之前的操作结果中存在
	 σS_even_Zxx = 0 	该约束关系已在之前的操作结果中存在
	 σS_even_Zxz = 0
	 σS_even_Zyy = 0 	该约束关系已在之前的操作结果中存在
	 σS_even_Zzx = 0
	 σS_even_Zzz = 0 	该约束关系已在之前的操作结果中存在
================================================================================ 

第4个操作:
	R_spin_Frac is Matrix([[-1, 0, 0], [0, -1, 0], [0, 0, 1]])
	R_space_Frac is Matrix([[-1, 0, 0], [0, -1, 0], [0, 0, 1]])                
	R_spin_Cart is Matrix([[-1, 0, 0], [0, -1, 0], [0, 0, 1]])
	R_space_Cart is Matrix([[-1, 0, 0], [0, -1, 0], [0, 0, 1]])                
	Time reversal is 1
R_spin = Matrix([[1, 0, 0], [0, -1, 0], [0, 0, -1]])*Matrix([[-1, 0, 0], [0, 1, 0], [0, 0, -1]]),                            
R_space = Matrix([[1, 0, 0], [0, -1, 0], [0, 0, -1]])*Matrix([[-1, 0, 0], [0, 1, 0], [0, 0, -1]]),                            
是第2个生成元操作和第3个生成元操作的乘积，故不是生成元
================================================================================ 

第5个操作:
	R_spin_Frac is Matrix([[1, 0, 0], [0, 1, 0], [0, 0, 1]])
	R_space_Frac is Matrix([[-1, 0, 0], [0, -1, 0], [0, 0, -1]])                
	R_spin_Cart is Matrix([[1, 0, 0], [0, 1, 0], [0, 0, 1]])
	R_space_Cart is Matrix([[-1, 0, 0], [0, -1, 0], [0, 0, -1]])                
	Time reversal is 1
第4个生成元操作

时间反演奇电导约束关系:
	 σC_odd_xx = 0 	该约束关系已在之前的操作结果中存在
	 σC_odd_xy = -σC_odd_yx 	该约束关系已在之前的操作结果中存在
	 σC_odd_xz = -σC_odd_zx 	该约束关系已在之前的操作结果中存在
	 σC_odd_yy = 0 	该约束关系已在之前的操作结果中存在
	 σC_odd_yz = -σC_odd_zy 	该约束关系已在之前的操作结果中存在
	 σC_odd_zz = 0 	该约束关系已在之前的操作结果中存在

时间反演奇自旋电导约束关系:
	没有多余的解

时间反演偶电导约束关系:
	 σC_even_xy = σC_even_yx 	该约束关系已在之前的操作结果中存在
	 σC_even_xz = σC_even_zx 	该约束关系已在之前的操作结果中存在
	 σC_even_yz = σC_even_zy 	该约束关系已在之前的操作结果中存在

时间反演偶自旋电导约束关系:
	没有多余的解
================================================================================ 

第6个操作:
	R_spin_Frac is Matrix([[1, 0, 0], [0, -1, 0], [0, 0, -1]])
	R_space_Frac is Matrix([[-1, 0, 0], [0, 1, 0], [0, 0, 1]])                
	R_spin_Cart is Matrix([[1, 0, 0], [0, -1, 0], [0, 0, -1]])
	R_space_Cart is Matrix([[-1, 0, 0], [0, 1, 0], [0, 0, 1]])                
	Time reversal is 1
R_spin = Matrix([[1, 0, 0], [0, -1, 0], [0, 0, -1]])*Matrix([[1, 0, 0], [0, 1, 0], [0, 0, 1]]),                            
R_space = Matrix([[1, 0, 0], [0, -1, 0], [0, 0, -1]])*Matrix([[-1, 0, 0], [0, -1, 0], [0, 0, -1]]),                            
是第2个生成元操作和第4个生成元操作的乘积，故不是生成元
================================================================================ 

第7个操作:
	R_spin_Frac is Matrix([[-1, 0, 0], [0, 1, 0], [0, 0, -1]])
	R_space_Frac is Matrix([[1, 0, 0], [0, -1, 0], [0, 0, 1]])                
	R_spin_Cart is Matrix([[-1, 0, 0], [0, 1, 0], [0, 0, -1]])
	R_space_Cart is Matrix([[1, 0, 0], [0, -1, 0], [0, 0, 1]])                
	Time reversal is 1
R_spin = Matrix([[-1, 0, 0], [0, 1, 0], [0, 0, -1]])*Matrix([[1, 0, 0], [0, 1, 0], [0, 0, 1]]),                            
R_space = Matrix([[-1, 0, 0], [0, 1, 0], [0, 0, -1]])*Matrix([[-1, 0, 0], [0, -1, 0], [0, 0, -1]]),                            
是第3个生成元操作和第4个生成元操作的乘积，故不是生成元
================================================================================ 

第8个操作:
	R_spin_Frac is Matrix([[-1, 0, 0], [0, -1, 0], [0, 0, 1]])
	R_space_Frac is Matrix([[1, 0, 0], [0, 1, 0], [0, 0, -1]])                
	R_spin_Cart is Matrix([[-1, 0, 0], [0, -1, 0], [0, 0, 1]])
	R_space_Cart is Matrix([[1, 0, 0], [0, 1, 0], [0, 0, -1]])                
	Time reversal is 1
第5个生成元操作

时间反演奇电导约束关系:
	 σC_odd_xx = 0 	该约束关系已在之前的操作结果中存在
	 σC_odd_xy = -σC_odd_yx 	该约束关系已在之前的操作结果中存在
	 σC_odd_xz = 0 	该约束关系已在之前的操作结果中存在
	 σC_odd_yy = 0 	该约束关系已在之前的操作结果中存在
	 σC_odd_yz = 0 	该约束关系已在之前的操作结果中存在
	 σC_odd_zx = 0 	该约束关系已在之前的操作结果中存在
	 σC_odd_zy = 0 	该约束关系已在之前的操作结果中存在
	 σC_odd_zz = 0 	该约束关系已在之前的操作结果中存在

时间反演奇自旋电导约束关系:
	 σS_odd_Xxx = 0 	该约束关系已在之前的操作结果中存在
	 σS_odd_Xxy = 0 	该约束关系已在之前的操作结果中存在
	 σS_odd_Xyx = 0 	该约束关系已在之前的操作结果中存在
	 σS_odd_Xyy = 0 	该约束关系已在之前的操作结果中存在
	 σS_odd_Xzz = 0 	该约束关系已在之前的操作结果中存在
	 σS_odd_Yxx = 0 	该约束关系已在之前的操作结果中存在
	 σS_odd_Yxy = 0 	该约束关系已在之前的操作结果中存在
	 σS_odd_Yyx = 0 	该约束关系已在之前的操作结果中存在
	 σS_odd_Yyy = 0 	该约束关系已在之前的操作结果中存在
	 σS_odd_Yzz = 0 	该约束关系已在之前的操作结果中存在
	 σS_odd_Zxz = 0 	该约束关系已在之前的操作结果中存在
	 σS_odd_Zyz = 0 	该约束关系已在之前的操作结果中存在
	 σS_odd_Zzx = 0 	该约束关系已在之前的操作结果中存在
	 σS_odd_Zzy = 0 	该约束关系已在之前的操作结果中存在

时间反演偶电导约束关系:
	 σC_even_xy = σC_even_yx 	该约束关系已在之前的操作结果中存在
	 σC_even_xz = 0 	该约束关系已在之前的操作结果中存在
	 σC_even_yz = 0 	该约束关系已在之前的操作结果中存在
	 σC_even_zx = 0 	该约束关系已在之前的操作结果中存在
	 σC_even_zy = 0 	该约束关系已在之前的操作结果中存在

时间反演偶自旋电导约束关系:
	 σS_even_Xxx = 0 	该约束关系已在之前的操作结果中存在
	 σS_even_Xxy = 0 	该约束关系已在之前的操作结果中存在
	 σS_even_Xyx = 0 	该约束关系已在之前的操作结果中存在
	 σS_even_Xyy = 0 	该约束关系已在之前的操作结果中存在
	 σS_even_Xzz = 0 	该约束关系已在之前的操作结果中存在
	 σS_even_Yxx = 0 	该约束关系已在之前的操作结果中存在
	 σS_even_Yxy = 0 	该约束关系已在之前的操作结果中存在
	 σS_even_Yyx = 0 	该约束关系已在之前的操作结果中存在
	 σS_even_Yyy = 0 	该约束关系已在之前的操作结果中存在
	 σS_even_Yzz = 0 	该约束关系已在之前的操作结果中存在
	 σS_even_Zxz = 0 	该约束关系已在之前的操作结果中存在
	 σS_even_Zyz = 0 	该约束关系已在之前的操作结果中存在
	 σS_even_Zzx = 0 	该约束关系已在之前的操作结果中存在
	 σS_even_Zzy = 0 	该约束关系已在之前的操作结果中存在
================================================================================ 

第9个操作:
	R_spin_Frac is Matrix([[0, 1, 0], [1, 0, 0], [0, 0, 1]])
	R_space_Frac is Matrix([[0, -1, 0], [-1, 0, 0], [0, 0, -1]])                
	R_spin_Cart is Matrix([[0, 1, 0], [1, 0, 0], [0, 0, 1]])
	R_space_Cart is Matrix([[0, -1, 0], [-1, 0, 0], [0, 0, -1]])                
	Time reversal is -1
第6个生成元操作

时间反演奇电导约束关系:
	 σC_odd_xx = 0 	该约束关系已在之前的操作结果中存在
	 σC_odd_xy = -σC_odd_yx 	该约束关系已在之前的操作结果中存在
	 σC_odd_xz = σC_odd_zy
	 σC_odd_yy = 0 	该约束关系已在之前的操作结果中存在
	 σC_odd_yz = -σC_odd_zy 	该约束关系已在之前的操作结果中存在
	 σC_odd_zx = -σC_odd_zy
	 σC_odd_zz = 0 	该约束关系已在之前的操作结果中存在

时间反演奇自旋电导约束关系:
	 σS_odd_Xxx = σS_odd_Yyy
	 σS_odd_Xxy = σS_odd_Yyx
	 σS_odd_Xxz = σS_odd_Yyz
	 σS_odd_Xyx = σS_odd_Yxy
	 σS_odd_Xyy = σS_odd_Yxx
	 σS_odd_Xyz = σS_odd_Yxz
	 σS_odd_Xzx = σS_odd_Yzy
	 σS_odd_Xzy = σS_odd_Yzx
	 σS_odd_Xzz = σS_odd_Yzz
	 σS_odd_Zxx = σS_odd_Zyy
	 σS_odd_Zxy = σS_odd_Zyx
	 σS_odd_Zxz = σS_odd_Zyz
	 σS_odd_Zzx = σS_odd_Zzy

时间反演偶电导约束关系:
	 σC_even_xx = σC_even_yy
	 σC_even_xy = σC_even_yx 	该约束关系已在之前的操作结果中存在
	 σC_even_xz = σC_even_zy
	 σC_even_yz = σC_even_zy 	该约束关系已在之前的操作结果中存在
	 σC_even_zx = σC_even_zy

时间反演偶自旋电导约束关系:
	 σS_even_Xxx = -σS_even_Yyy
	 σS_even_Xxy = -σS_even_Yyx
	 σS_even_Xxz = -σS_even_Yyz
	 σS_even_Xyx = -σS_even_Yxy
	 σS_even_Xyy = -σS_even_Yxx
	 σS_even_Xyz = -σS_even_Yxz
	 σS_even_Xzx = -σS_even_Yzy
	 σS_even_Xzy = -σS_even_Yzx
	 σS_even_Xzz = -σS_even_Yzz
	 σS_even_Zxx = -σS_even_Zyy
	 σS_even_Zxy = -σS_even_Zyx
	 σS_even_Zxz = -σS_even_Zyz
	 σS_even_Zzx = -σS_even_Zzy
	 σS_even_Zzz = 0 	该约束关系已在之前的操作结果中存在
================================================================================ 

第10个操作:
	R_spin_Frac is Matrix([[0, 1, 0], [-1, 0, 0], [0, 0, -1]])
	R_space_Frac is Matrix([[0, -1, 0], [1, 0, 0], [0, 0, 1]])                
	R_spin_Cart is Matrix([[0, 1, 0], [-1, 0, 0], [0, 0, -1]])
	R_space_Cart is Matrix([[0, -1, 0], [1, 0, 0], [0, 0, 1]])                
	Time reversal is -1
R_spin = Matrix([[1, 0, 0], [0, -1, 0], [0, 0, -1]])*Matrix([[0, 1, 0], [1, 0, 0], [0, 0, 1]]),                            
R_space = Matrix([[1, 0, 0], [0, -1, 0], [0, 0, -1]])*Matrix([[0, -1, 0], [-1, 0, 0], [0, 0, -1]]),                            
是第2个生成元操作和第6个生成元操作的乘积，故不是生成元
================================================================================ 

第11个操作:
	R_spin_Frac is Matrix([[0, -1, 0], [1, 0, 0], [0, 0, -1]])
	R_space_Frac is Matrix([[0, 1, 0], [-1, 0, 0], [0, 0, 1]])                
	R_spin_Cart is Matrix([[0, -1, 0], [1, 0, 0], [0, 0, -1]])
	R_space_Cart is Matrix([[0, 1, 0], [-1, 0, 0], [0, 0, 1]])                
	Time reversal is -1
R_spin = Matrix([[-1, 0, 0], [0, 1, 0], [0, 0, -1]])*Matrix([[0, 1, 0], [1, 0, 0], [0, 0, 1]]),                            
R_space = Matrix([[-1, 0, 0], [0, 1, 0], [0, 0, -1]])*Matrix([[0, -1, 0], [-1, 0, 0], [0, 0, -1]]),                            
是第3个生成元操作和第6个生成元操作的乘积，故不是生成元
================================================================================ 

第12个操作:
	R_spin_Frac is Matrix([[0, -1, 0], [-1, 0, 0], [0, 0, 1]])
	R_space_Frac is Matrix([[0, 1, 0], [1, 0, 0], [0, 0, -1]])                
	R_spin_Cart is Matrix([[0, -1, 0], [-1, 0, 0], [0, 0, 1]])
	R_space_Cart is Matrix([[0, 1, 0], [1, 0, 0], [0, 0, -1]])                
	Time reversal is -1
第7个生成元操作

时间反演奇电导约束关系:
	 σC_odd_xx = 0 	该约束关系已在之前的操作结果中存在
	 σC_odd_xy = -σC_odd_yx 	该约束关系已在之前的操作结果中存在
	 σC_odd_xz = -σC_odd_zy
	 σC_odd_yy = 0 	该约束关系已在之前的操作结果中存在
	 σC_odd_yz = -σC_odd_zy 	该约束关系已在之前的操作结果中存在
	 σC_odd_zx = σC_odd_zy
	 σC_odd_zz = 0 	该约束关系已在之前的操作结果中存在

时间反演奇自旋电导约束关系:
	 σS_odd_Xxx = -σS_odd_Yyy
	 σS_odd_Xxy = -σS_odd_Yyx
	 σS_odd_Xxz = σS_odd_Yyz 	该约束关系已在之前的操作结果中存在
	 σS_odd_Xyx = -σS_odd_Yxy
	 σS_odd_Xyy = -σS_odd_Yxx
	 σS_odd_Xyz = σS_odd_Yxz 	该约束关系已在之前的操作结果中存在
	 σS_odd_Xzx = σS_odd_Yzy 	该约束关系已在之前的操作结果中存在
	 σS_odd_Xzy = σS_odd_Yzx 	该约束关系已在之前的操作结果中存在
	 σS_odd_Xzz = -σS_odd_Yzz
	 σS_odd_Zxx = σS_odd_Zyy 	该约束关系已在之前的操作结果中存在
	 σS_odd_Zxy = σS_odd_Zyx 	该约束关系已在之前的操作结果中存在
	 σS_odd_Zxz = -σS_odd_Zyz
	 σS_odd_Zzx = -σS_odd_Zzy

时间反演偶电导约束关系:
	 σC_even_xx = σC_even_yy 	该约束关系已在之前的操作结果中存在
	 σC_even_xy = σC_even_yx 	该约束关系已在之前的操作结果中存在
	 σC_even_xz = -σC_even_zy
	 σC_even_yz = σC_even_zy 	该约束关系已在之前的操作结果中存在
	 σC_even_zx = -σC_even_zy

时间反演偶自旋电导约束关系:
	 σS_even_Xxx = σS_even_Yyy
	 σS_even_Xxy = σS_even_Yyx
	 σS_even_Xxz = -σS_even_Yyz 	该约束关系已在之前的操作结果中存在
	 σS_even_Xyx = σS_even_Yxy
	 σS_even_Xyy = σS_even_Yxx
	 σS_even_Xyz = -σS_even_Yxz 	该约束关系已在之前的操作结果中存在
	 σS_even_Xzx = -σS_even_Yzy 	该约束关系已在之前的操作结果中存在
	 σS_even_Xzy = -σS_even_Yzx 	该约束关系已在之前的操作结果中存在
	 σS_even_Xzz = σS_even_Yzz
	 σS_even_Zxx = -σS_even_Zyy 	该约束关系已在之前的操作结果中存在
	 σS_even_Zxy = -σS_even_Zyx 	该约束关系已在之前的操作结果中存在
	 σS_even_Zxz = σS_even_Zyz
	 σS_even_Zzx = σS_even_Zzy
	 σS_even_Zzz = 0 	该约束关系已在之前的操作结果中存在
================================================================================ 

第13个操作:
	R_spin_Frac is Matrix([[0, 1, 0], [1, 0, 0], [0, 0, 1]])
	R_space_Frac is Matrix([[0, 1, 0], [1, 0, 0], [0, 0, 1]])                
	R_spin_Cart is Matrix([[0, 1, 0], [1, 0, 0], [0, 0, 1]])
	R_space_Cart is Matrix([[0, 1, 0], [1, 0, 0], [0, 0, 1]])                
	Time reversal is -1
R_spin = Matrix([[1, 0, 0], [0, 1, 0], [0, 0, 1]])*Matrix([[0, 1, 0], [1, 0, 0], [0, 0, 1]]),                            
R_space = Matrix([[-1, 0, 0], [0, -1, 0], [0, 0, -1]])*Matrix([[0, -1, 0], [-1, 0, 0], [0, 0, -1]]),                            
是第4个生成元操作和第6个生成元操作的乘积，故不是生成元
================================================================================ 

第14个操作:
	R_spin_Frac is Matrix([[0, 1, 0], [-1, 0, 0], [0, 0, -1]])
	R_space_Frac is Matrix([[0, 1, 0], [-1, 0, 0], [0, 0, -1]])                
	R_spin_Cart is Matrix([[0, 1, 0], [-1, 0, 0], [0, 0, -1]])
	R_space_Cart is Matrix([[0, 1, 0], [-1, 0, 0], [0, 0, -1]])                
	Time reversal is -1
第8个生成元操作

时间反演奇电导约束关系:
	 σC_odd_xx = 0 	该约束关系已在之前的操作结果中存在
	 σC_odd_xy = 0 	该约束关系已在之前的操作结果中存在
	 σC_odd_xz = 0 	该约束关系已在之前的操作结果中存在
	 σC_odd_yx = 0 	该约束关系已在之前的操作结果中存在
	 σC_odd_yy = 0 	该约束关系已在之前的操作结果中存在
	 σC_odd_yz = 0 	该约束关系已在之前的操作结果中存在
	 σC_odd_zx = 0 	该约束关系已在之前的操作结果中存在
	 σC_odd_zy = 0 	该约束关系已在之前的操作结果中存在
	 σC_odd_zz = 0 	该约束关系已在之前的操作结果中存在

时间反演奇自旋电导约束关系:
	 σS_odd_Xxx = 0 	该约束关系已在之前的操作结果中存在
	 σS_odd_Xxy = 0 	该约束关系已在之前的操作结果中存在
	 σS_odd_Xxz = -σS_odd_Yyz
	 σS_odd_Xyx = 0 	该约束关系已在之前的操作结果中存在
	 σS_odd_Xyy = 0 	该约束关系已在之前的操作结果中存在
	 σS_odd_Xyz = σS_odd_Yxz 	该约束关系已在之前的操作结果中存在
	 σS_odd_Xzx = -σS_odd_Yzy
	 σS_odd_Xzy = σS_odd_Yzx 	该约束关系已在之前的操作结果中存在
	 σS_odd_Xzz = 0 	该约束关系已在之前的操作结果中存在
	 σS_odd_Yxx = 0 	该约束关系已在之前的操作结果中存在
	 σS_odd_Yxy = 0 	该约束关系已在之前的操作结果中存在
	 σS_odd_Yyx = 0 	该约束关系已在之前的操作结果中存在
	 σS_odd_Yyy = 0 	该约束关系已在之前的操作结果中存在
	 σS_odd_Yzz = 0 	该约束关系已在之前的操作结果中存在
	 σS_odd_Zxx = -σS_odd_Zyy
	 σS_odd_Zxy = σS_odd_Zyx 	该约束关系已在之前的操作结果中存在
	 σS_odd_Zxz = 0 	该约束关系已在之前的操作结果中存在
	 σS_odd_Zyz = 0 	该约束关系已在之前的操作结果中存在
	 σS_odd_Zzx = 0 	该约束关系已在之前的操作结果中存在
	 σS_odd_Zzy = 0 	该约束关系已在之前的操作结果中存在
	 σS_odd_Zzz = 0 	该约束关系已在之前的操作结果中存在

时间反演偶电导约束关系:
	 σC_even_xx = σC_even_yy 	该约束关系已在之前的操作结果中存在
	 σC_even_xy = 0 	该约束关系已在之前的操作结果中存在
	 σC_even_xz = 0 	该约束关系已在之前的操作结果中存在
	 σC_even_yx = 0 	该约束关系已在之前的操作结果中存在
	 σC_even_yz = 0 	该约束关系已在之前的操作结果中存在
	 σC_even_zx = 0 	该约束关系已在之前的操作结果中存在
	 σC_even_zy = 0 	该约束关系已在之前的操作结果中存在

时间反演偶自旋电导约束关系:
	 σS_even_Xxx = 0 	该约束关系已在之前的操作结果中存在
	 σS_even_Xxy = 0 	该约束关系已在之前的操作结果中存在
	 σS_even_Xxz = σS_even_Yyz
	 σS_even_Xyx = 0 	该约束关系已在之前的操作结果中存在
	 σS_even_Xyy = 0 	该约束关系已在之前的操作结果中存在
	 σS_even_Xyz = -σS_even_Yxz 	该约束关系已在之前的操作结果中存在
	 σS_even_Xzx = σS_even_Yzy
	 σS_even_Xzy = -σS_even_Yzx 	该约束关系已在之前的操作结果中存在
	 σS_even_Xzz = 0 	该约束关系已在之前的操作结果中存在
	 σS_even_Yxx = 0 	该约束关系已在之前的操作结果中存在
	 σS_even_Yxy = 0 	该约束关系已在之前的操作结果中存在
	 σS_even_Yyx = 0 	该约束关系已在之前的操作结果中存在
	 σS_even_Yyy = 0 	该约束关系已在之前的操作结果中存在
	 σS_even_Yzz = 0 	该约束关系已在之前的操作结果中存在
	 σS_even_Zxx = σS_even_Zyy
	 σS_even_Zxy = -σS_even_Zyx 	该约束关系已在之前的操作结果中存在
	 σS_even_Zxz = 0 	该约束关系已在之前的操作结果中存在
	 σS_even_Zyz = 0 	该约束关系已在之前的操作结果中存在
	 σS_even_Zzx = 0 	该约束关系已在之前的操作结果中存在
	 σS_even_Zzy = 0 	该约束关系已在之前的操作结果中存在
================================================================================ 

第15个操作:
	R_spin_Frac is Matrix([[0, -1, 0], [1, 0, 0], [0, 0, -1]])
	R_space_Frac is Matrix([[0, -1, 0], [1, 0, 0], [0, 0, -1]])                
	R_spin_Cart is Matrix([[0, -1, 0], [1, 0, 0], [0, 0, -1]])
	R_space_Cart is Matrix([[0, -1, 0], [1, 0, 0], [0, 0, -1]])                
	Time reversal is -1
第9个生成元操作

时间反演奇电导约束关系:
	 σC_odd_xx = 0 	该约束关系已在之前的操作结果中存在
	 σC_odd_xy = 0 	该约束关系已在之前的操作结果中存在
	 σC_odd_xz = 0 	该约束关系已在之前的操作结果中存在
	 σC_odd_yx = 0 	该约束关系已在之前的操作结果中存在
	 σC_odd_yy = 0 	该约束关系已在之前的操作结果中存在
	 σC_odd_yz = 0 	该约束关系已在之前的操作结果中存在
	 σC_odd_zx = 0 	该约束关系已在之前的操作结果中存在
	 σC_odd_zy = 0 	该约束关系已在之前的操作结果中存在
	 σC_odd_zz = 0 	该约束关系已在之前的操作结果中存在

时间反演奇自旋电导约束关系:
	 σS_odd_Xxx = 0 	该约束关系已在之前的操作结果中存在
	 σS_odd_Xxy = 0 	该约束关系已在之前的操作结果中存在
	 σS_odd_Xxz = -σS_odd_Yyz 	该约束关系已在之前的操作结果中存在
	 σS_odd_Xyx = 0 	该约束关系已在之前的操作结果中存在
	 σS_odd_Xyy = 0 	该约束关系已在之前的操作结果中存在
	 σS_odd_Xyz = σS_odd_Yxz 	该约束关系已在之前的操作结果中存在
	 σS_odd_Xzx = -σS_odd_Yzy 	该约束关系已在之前的操作结果中存在
	 σS_odd_Xzy = σS_odd_Yzx 	该约束关系已在之前的操作结果中存在
	 σS_odd_Xzz = 0 	该约束关系已在之前的操作结果中存在
	 σS_odd_Yxx = 0 	该约束关系已在之前的操作结果中存在
	 σS_odd_Yxy = 0 	该约束关系已在之前的操作结果中存在
	 σS_odd_Yyx = 0 	该约束关系已在之前的操作结果中存在
	 σS_odd_Yyy = 0 	该约束关系已在之前的操作结果中存在
	 σS_odd_Yzz = 0 	该约束关系已在之前的操作结果中存在
	 σS_odd_Zxx = -σS_odd_Zyy 	该约束关系已在之前的操作结果中存在
	 σS_odd_Zxy = σS_odd_Zyx 	该约束关系已在之前的操作结果中存在
	 σS_odd_Zxz = 0 	该约束关系已在之前的操作结果中存在
	 σS_odd_Zyz = 0 	该约束关系已在之前的操作结果中存在
	 σS_odd_Zzx = 0 	该约束关系已在之前的操作结果中存在
	 σS_odd_Zzy = 0 	该约束关系已在之前的操作结果中存在
	 σS_odd_Zzz = 0 	该约束关系已在之前的操作结果中存在

时间反演偶电导约束关系:
	 σC_even_xx = σC_even_yy 	该约束关系已在之前的操作结果中存在
	 σC_even_xy = 0 	该约束关系已在之前的操作结果中存在
	 σC_even_xz = 0 	该约束关系已在之前的操作结果中存在
	 σC_even_yx = 0 	该约束关系已在之前的操作结果中存在
	 σC_even_yz = 0 	该约束关系已在之前的操作结果中存在
	 σC_even_zx = 0 	该约束关系已在之前的操作结果中存在
	 σC_even_zy = 0 	该约束关系已在之前的操作结果中存在

时间反演偶自旋电导约束关系:
	 σS_even_Xxx = 0 	该约束关系已在之前的操作结果中存在
	 σS_even_Xxy = 0 	该约束关系已在之前的操作结果中存在
	 σS_even_Xxz = σS_even_Yyz 	该约束关系已在之前的操作结果中存在
	 σS_even_Xyx = 0 	该约束关系已在之前的操作结果中存在
	 σS_even_Xyy = 0 	该约束关系已在之前的操作结果中存在
	 σS_even_Xyz = -σS_even_Yxz 	该约束关系已在之前的操作结果中存在
	 σS_even_Xzx = σS_even_Yzy 	该约束关系已在之前的操作结果中存在
	 σS_even_Xzy = -σS_even_Yzx 	该约束关系已在之前的操作结果中存在
	 σS_even_Xzz = 0 	该约束关系已在之前的操作结果中存在
	 σS_even_Yxx = 0 	该约束关系已在之前的操作结果中存在
	 σS_even_Yxy = 0 	该约束关系已在之前的操作结果中存在
	 σS_even_Yyx = 0 	该约束关系已在之前的操作结果中存在
	 σS_even_Yyy = 0 	该约束关系已在之前的操作结果中存在
	 σS_even_Yzz = 0 	该约束关系已在之前的操作结果中存在
	 σS_even_Zxx = σS_even_Zyy 	该约束关系已在之前的操作结果中存在
	 σS_even_Zxy = -σS_even_Zyx 	该约束关系已在之前的操作结果中存在
	 σS_even_Zxz = 0 	该约束关系已在之前的操作结果中存在
	 σS_even_Zyz = 0 	该约束关系已在之前的操作结果中存在
	 σS_even_Zzx = 0 	该约束关系已在之前的操作结果中存在
	 σS_even_Zzy = 0 	该约束关系已在之前的操作结果中存在
================================================================================ 

第16个操作:
	R_spin_Frac is Matrix([[0, -1, 0], [-1, 0, 0], [0, 0, 1]])
	R_space_Frac is Matrix([[0, -1, 0], [-1, 0, 0], [0, 0, 1]])                
	R_spin_Cart is Matrix([[0, -1, 0], [-1, 0, 0], [0, 0, 1]])
	R_space_Cart is Matrix([[0, -1, 0], [-1, 0, 0], [0, 0, 1]])                
	Time reversal is -1
R_spin = Matrix([[1, 0, 0], [0, -1, 0], [0, 0, -1]])*Matrix([[0, -1, 0], [1, 0, 0], [0, 0, -1]]),                            
R_space = Matrix([[1, 0, 0], [0, -1, 0], [0, 0, -1]])*Matrix([[0, -1, 0], [1, 0, 0], [0, 0, -1]]),                            
是第2个生成元操作和第9个生成元操作的乘积，故不是生成元
================================================================================ 

总约束条件

时间反演奇电导约束关系:
	 σC_odd_xx = 0
	 σC_odd_xy = 0
	 σC_odd_xz = 0
	 σC_odd_yx = 0
	 σC_odd_yy = 0
	 σC_odd_yz = 0
	 σC_odd_zx = 0
	 σC_odd_zy = 0
	 σC_odd_zz = 0

时间反演奇自旋电导约束关系:
	 σS_odd_Xxx = 0
	 σS_odd_Xxy = 0
	 σS_odd_Xxz = 0
	 σS_odd_Xyx = 0
	 σS_odd_Xyy = 0
	 σS_odd_Xyz = σS_odd_Yxz
	 σS_odd_Xzx = 0
	 σS_odd_Xzy = σS_odd_Yzx
	 σS_odd_Xzz = 0
	 σS_odd_Yxx = 0
	 σS_odd_Yxy = 0
	 σS_odd_Yyx = 0
	 σS_odd_Yyy = 0
	 σS_odd_Yyz = 0
	 σS_odd_Yzy = 0
	 σS_odd_Yzz = 0
	 σS_odd_Zxx = 0
	 σS_odd_Zxy = σS_odd_Zyx
	 σS_odd_Zxz = 0
	 σS_odd_Zyy = 0
	 σS_odd_Zyz = 0
	 σS_odd_Zzx = 0
	 σS_odd_Zzy = 0
	 σS_odd_Zzz = 0

时间反演偶电导约束关系:
	 σC_even_xx = σC_even_yy
	 σC_even_xy = 0
	 σC_even_xz = 0
	 σC_even_yx = 0
	 σC_even_yz = 0
	 σC_even_zx = 0
	 σC_even_zy = 0

时间反演偶自旋电导约束关系:
	 σS_even_Xxx = 0
	 σS_even_Xxy = 0
	 σS_even_Xxz = 0
	 σS_even_Xyx = 0
	 σS_even_Xyy = 0
	 σS_even_Xyz = -σS_even_Yxz
	 σS_even_Xzx = 0
	 σS_even_Xzy = -σS_even_Yzx
	 σS_even_Xzz = 0
	 σS_even_Yxx = 0
	 σS_even_Yxy = 0
	 σS_even_Yyx = 0
	 σS_even_Yyy = 0
	 σS_even_Yyz = 0
	 σS_even_Yzy = 0
	 σS_even_Yzz = 0
	 σS_even_Zxx = 0
	 σS_even_Zxy = -σS_even_Zyx
	 σS_even_Zxz = 0
	 σS_even_Zyy = 0
	 σS_even_Zyz = 0
	 σS_even_Zzx = 0
	 σS_even_Zzy = 0
	 σS_even_Zzz = 0
================================================================================
