========= Standard Cell ==========
Matrix([[1, 0, 0], [0, 1, 0], [0, 0, 1]])
总操作数量: 64
================================================================================ 

第1个操作:
	R_spin_Frac is Matrix([[1, 0, 0], [0, 1, 0], [0, 0, 1]])
	R_space_Frac is Matrix([[1, 0, 0], [0, 1, 0], [0, 0, 1]])                
	R_spin_Cart is Matrix([[1, 0, 0], [0, 1, 0], [0, 0, 1]])
	R_space_Cart is Matrix([[1, 0, 0], [0, 1, 0], [0, 0, 1]])                
	Translate is Matrix([[0], [0], [0]])
第1个生成元操作

时间反演奇电导约束关系:
	 σC_odd_xx = 0
	 σC_odd_xy = -σC_odd_yx
	 σC_odd_xz = -σC_odd_zx
	 σC_odd_yy = 0
	 σC_odd_yz = -σC_odd_zy
	 σC_odd_zz = 0

时间反演奇自旋电导约束关系:
	没有多余的解

时间反演偶电导约束关系:
	 σC_even_xy = σC_even_yx
	 σC_even_xz = σC_even_zx
	 σC_even_yz = σC_even_zy

时间反演偶自旋电导约束关系:
	没有多余的解
================================================================================ 

第2个操作:
	R_spin_Frac is Matrix([[1, 0, 0], [0, -1, 0], [0, 0, 1]])
	R_space_Frac is Matrix([[1, 0, 0], [0, 1, 0], [0, 0, 1]])                
	R_spin_Cart is Matrix([[1, 0, 0], [0, -1, 0], [0, 0, 1]])
	R_space_Cart is Matrix([[1, 0, 0], [0, 1, 0], [0, 0, 1]])                
	Translate is Matrix([[0], [0], [0]])
第2个生成元操作

时间反演奇电导约束关系:
	 σC_odd_xx = 0 	该约束关系已在之前的操作结果中存在
	 σC_odd_xy = 0
	 σC_odd_xz = 0
	 σC_odd_yx = 0
	 σC_odd_yy = 0 	该约束关系已在之前的操作结果中存在
	 σC_odd_yz = 0
	 σC_odd_zx = 0
	 σC_odd_zy = 0
	 σC_odd_zz = 0 	该约束关系已在之前的操作结果中存在

时间反演奇自旋电导约束关系:
	 σS_odd_Yxx = 0
	 σS_odd_Yxy = 0
	 σS_odd_Yxz = 0
	 σS_odd_Yyx = 0
	 σS_odd_Yyy = 0
	 σS_odd_Yyz = 0
	 σS_odd_Yzx = 0
	 σS_odd_Yzy = 0
	 σS_odd_Yzz = 0

时间反演偶电导约束关系:
	 σC_even_xy = σC_even_yx 	该约束关系已在之前的操作结果中存在
	 σC_even_xz = σC_even_zx 	该约束关系已在之前的操作结果中存在
	 σC_even_yz = σC_even_zy 	该约束关系已在之前的操作结果中存在

时间反演偶自旋电导约束关系:
	 σS_even_Xxx = 0
	 σS_even_Xxy = 0
	 σS_even_Xxz = 0
	 σS_even_Xyx = 0
	 σS_even_Xyy = 0
	 σS_even_Xyz = 0
	 σS_even_Xzx = 0
	 σS_even_Xzy = 0
	 σS_even_Xzz = 0
	 σS_even_Zxx = 0
	 σS_even_Zxy = 0
	 σS_even_Zxz = 0
	 σS_even_Zyx = 0
	 σS_even_Zyy = 0
	 σS_even_Zyz = 0
	 σS_even_Zzx = 0
	 σS_even_Zzy = 0
	 σS_even_Zzz = 0
================================================================================ 

第3个操作:
	R_spin_Frac is Matrix([[-1, 0, 0], [0, -1, 0], [0, 0, 1]])
	R_space_Frac is Matrix([[1, 0, 0], [0, 1, 0], [0, 0, 1]])                
	R_spin_Cart is Matrix([[-1, 0, 0], [0, -1, 0], [0, 0, 1]])
	R_space_Cart is Matrix([[1, 0, 0], [0, 1, 0], [0, 0, 1]])                
	Translate is Matrix([[0], [0], [0]])
第3个生成元操作

时间反演奇电导约束关系:
	 σC_odd_xx = 0 	该约束关系已在之前的操作结果中存在
	 σC_odd_xy = -σC_odd_yx 	该约束关系已在之前的操作结果中存在
	 σC_odd_xz = -σC_odd_zx 	该约束关系已在之前的操作结果中存在
	 σC_odd_yy = 0 	该约束关系已在之前的操作结果中存在
	 σC_odd_yz = -σC_odd_zy 	该约束关系已在之前的操作结果中存在
	 σC_odd_zz = 0 	该约束关系已在之前的操作结果中存在

时间反演奇自旋电导约束关系:
	 σS_odd_Xxx = 0
	 σS_odd_Xxy = 0
	 σS_odd_Xxz = 0
	 σS_odd_Xyx = 0
	 σS_odd_Xyy = 0
	 σS_odd_Xyz = 0
	 σS_odd_Xzx = 0
	 σS_odd_Xzy = 0
	 σS_odd_Xzz = 0
	 σS_odd_Yxx = 0 	该约束关系已在之前的操作结果中存在
	 σS_odd_Yxy = 0 	该约束关系已在之前的操作结果中存在
	 σS_odd_Yxz = 0 	该约束关系已在之前的操作结果中存在
	 σS_odd_Yyx = 0 	该约束关系已在之前的操作结果中存在
	 σS_odd_Yyy = 0 	该约束关系已在之前的操作结果中存在
	 σS_odd_Yyz = 0 	该约束关系已在之前的操作结果中存在
	 σS_odd_Yzx = 0 	该约束关系已在之前的操作结果中存在
	 σS_odd_Yzy = 0 	该约束关系已在之前的操作结果中存在
	 σS_odd_Yzz = 0 	该约束关系已在之前的操作结果中存在

时间反演偶电导约束关系:
	 σC_even_xy = σC_even_yx 	该约束关系已在之前的操作结果中存在
	 σC_even_xz = σC_even_zx 	该约束关系已在之前的操作结果中存在
	 σC_even_yz = σC_even_zy 	该约束关系已在之前的操作结果中存在

时间反演偶自旋电导约束关系:
	 σS_even_Xxx = 0 	该约束关系已在之前的操作结果中存在
	 σS_even_Xxy = 0 	该约束关系已在之前的操作结果中存在
	 σS_even_Xxz = 0 	该约束关系已在之前的操作结果中存在
	 σS_even_Xyx = 0 	该约束关系已在之前的操作结果中存在
	 σS_even_Xyy = 0 	该约束关系已在之前的操作结果中存在
	 σS_even_Xyz = 0 	该约束关系已在之前的操作结果中存在
	 σS_even_Xzx = 0 	该约束关系已在之前的操作结果中存在
	 σS_even_Xzy = 0 	该约束关系已在之前的操作结果中存在
	 σS_even_Xzz = 0 	该约束关系已在之前的操作结果中存在
	 σS_even_Yxx = 0
	 σS_even_Yxy = 0
	 σS_even_Yxz = 0
	 σS_even_Yyx = 0
	 σS_even_Yyy = 0
	 σS_even_Yyz = 0
	 σS_even_Yzx = 0
	 σS_even_Yzy = 0
	 σS_even_Yzz = 0
================================================================================ 

第4个操作:
	R_spin_Frac is Matrix([[-1, 0, 0], [0, 1, 0], [0, 0, 1]])
	R_space_Frac is Matrix([[1, 0, 0], [0, 1, 0], [0, 0, 1]])                
	R_spin_Cart is Matrix([[-1, 0, 0], [0, 1, 0], [0, 0, 1]])
	R_space_Cart is Matrix([[1, 0, 0], [0, 1, 0], [0, 0, 1]])                
	Translate is Matrix([[0], [0], [0]])
R_spin = Matrix([[1, 0, 0], [0, -1, 0], [0, 0, 1]])*Matrix([[-1, 0, 0], [0, -1, 0], [0, 0, 1]]),                            
R_space = Matrix([[1, 0, 0], [0, 1, 0], [0, 0, 1]])*Matrix([[1, 0, 0], [0, 1, 0], [0, 0, 1]]),                            
是第2个生成元操作和第3个生成元操作的乘积，故不是生成元
================================================================================ 

第5个操作:
	R_spin_Frac is Matrix([[1, 0, 0], [0, 1, 0], [0, 0, 1]])
	R_space_Frac is Matrix([[-1, 0, 0], [0, -1, 0], [0, 0, -1]])                
	R_spin_Cart is Matrix([[1, 0, 0], [0, 1, 0], [0, 0, 1]])
	R_space_Cart is Matrix([[-1, 0, 0], [0, -1, 0], [0, 0, -1]])                
	Translate is Matrix([[0], [0], [0]])
第4个生成元操作

时间反演奇电导约束关系:
	 σC_odd_xx = 0 	该约束关系已在之前的操作结果中存在
	 σC_odd_xy = -σC_odd_yx 	该约束关系已在之前的操作结果中存在
	 σC_odd_xz = -σC_odd_zx 	该约束关系已在之前的操作结果中存在
	 σC_odd_yy = 0 	该约束关系已在之前的操作结果中存在
	 σC_odd_yz = -σC_odd_zy 	该约束关系已在之前的操作结果中存在
	 σC_odd_zz = 0 	该约束关系已在之前的操作结果中存在

时间反演奇自旋电导约束关系:
	没有多余的解

时间反演偶电导约束关系:
	 σC_even_xy = σC_even_yx 	该约束关系已在之前的操作结果中存在
	 σC_even_xz = σC_even_zx 	该约束关系已在之前的操作结果中存在
	 σC_even_yz = σC_even_zy 	该约束关系已在之前的操作结果中存在

时间反演偶自旋电导约束关系:
	没有多余的解
================================================================================ 

第6个操作:
	R_spin_Frac is Matrix([[1, 0, 0], [0, -1, 0], [0, 0, 1]])
	R_space_Frac is Matrix([[-1, 0, 0], [0, -1, 0], [0, 0, -1]])                
	R_spin_Cart is Matrix([[1, 0, 0], [0, -1, 0], [0, 0, 1]])
	R_space_Cart is Matrix([[-1, 0, 0], [0, -1, 0], [0, 0, -1]])                
	Translate is Matrix([[0], [0], [0]])
R_spin = Matrix([[1, 0, 0], [0, -1, 0], [0, 0, 1]])*Matrix([[1, 0, 0], [0, 1, 0], [0, 0, 1]]),                            
R_space = Matrix([[1, 0, 0], [0, 1, 0], [0, 0, 1]])*Matrix([[-1, 0, 0], [0, -1, 0], [0, 0, -1]]),                            
是第2个生成元操作和第4个生成元操作的乘积，故不是生成元
================================================================================ 

第7个操作:
	R_spin_Frac is Matrix([[-1, 0, 0], [0, -1, 0], [0, 0, 1]])
	R_space_Frac is Matrix([[-1, 0, 0], [0, -1, 0], [0, 0, -1]])                
	R_spin_Cart is Matrix([[-1, 0, 0], [0, -1, 0], [0, 0, 1]])
	R_space_Cart is Matrix([[-1, 0, 0], [0, -1, 0], [0, 0, -1]])                
	Translate is Matrix([[0], [0], [0]])
R_spin = Matrix([[-1, 0, 0], [0, -1, 0], [0, 0, 1]])*Matrix([[1, 0, 0], [0, 1, 0], [0, 0, 1]]),                            
R_space = Matrix([[1, 0, 0], [0, 1, 0], [0, 0, 1]])*Matrix([[-1, 0, 0], [0, -1, 0], [0, 0, -1]]),                            
是第3个生成元操作和第4个生成元操作的乘积，故不是生成元
================================================================================ 

第8个操作:
	R_spin_Frac is Matrix([[-1, 0, 0], [0, 1, 0], [0, 0, 1]])
	R_space_Frac is Matrix([[-1, 0, 0], [0, -1, 0], [0, 0, -1]])                
	R_spin_Cart is Matrix([[-1, 0, 0], [0, 1, 0], [0, 0, 1]])
	R_space_Cart is Matrix([[-1, 0, 0], [0, -1, 0], [0, 0, -1]])                
	Translate is Matrix([[0], [0], [0]])
第5个生成元操作

时间反演奇电导约束关系:
	 σC_odd_xx = 0 	该约束关系已在之前的操作结果中存在
	 σC_odd_xy = 0 	该约束关系已在之前的操作结果中存在
	 σC_odd_xz = 0 	该约束关系已在之前的操作结果中存在
	 σC_odd_yx = 0 	该约束关系已在之前的操作结果中存在
	 σC_odd_yy = 0 	该约束关系已在之前的操作结果中存在
	 σC_odd_yz = 0 	该约束关系已在之前的操作结果中存在
	 σC_odd_zx = 0 	该约束关系已在之前的操作结果中存在
	 σC_odd_zy = 0 	该约束关系已在之前的操作结果中存在
	 σC_odd_zz = 0 	该约束关系已在之前的操作结果中存在

时间反演奇自旋电导约束关系:
	 σS_odd_Xxx = 0 	该约束关系已在之前的操作结果中存在
	 σS_odd_Xxy = 0 	该约束关系已在之前的操作结果中存在
	 σS_odd_Xxz = 0 	该约束关系已在之前的操作结果中存在
	 σS_odd_Xyx = 0 	该约束关系已在之前的操作结果中存在
	 σS_odd_Xyy = 0 	该约束关系已在之前的操作结果中存在
	 σS_odd_Xyz = 0 	该约束关系已在之前的操作结果中存在
	 σS_odd_Xzx = 0 	该约束关系已在之前的操作结果中存在
	 σS_odd_Xzy = 0 	该约束关系已在之前的操作结果中存在
	 σS_odd_Xzz = 0 	该约束关系已在之前的操作结果中存在

时间反演偶电导约束关系:
	 σC_even_xy = σC_even_yx 	该约束关系已在之前的操作结果中存在
	 σC_even_xz = σC_even_zx 	该约束关系已在之前的操作结果中存在
	 σC_even_yz = σC_even_zy 	该约束关系已在之前的操作结果中存在

时间反演偶自旋电导约束关系:
	 σS_even_Yxx = 0 	该约束关系已在之前的操作结果中存在
	 σS_even_Yxy = 0 	该约束关系已在之前的操作结果中存在
	 σS_even_Yxz = 0 	该约束关系已在之前的操作结果中存在
	 σS_even_Yyx = 0 	该约束关系已在之前的操作结果中存在
	 σS_even_Yyy = 0 	该约束关系已在之前的操作结果中存在
	 σS_even_Yyz = 0 	该约束关系已在之前的操作结果中存在
	 σS_even_Yzx = 0 	该约束关系已在之前的操作结果中存在
	 σS_even_Yzy = 0 	该约束关系已在之前的操作结果中存在
	 σS_even_Yzz = 0 	该约束关系已在之前的操作结果中存在
	 σS_even_Zxx = 0 	该约束关系已在之前的操作结果中存在
	 σS_even_Zxy = 0 	该约束关系已在之前的操作结果中存在
	 σS_even_Zxz = 0 	该约束关系已在之前的操作结果中存在
	 σS_even_Zyx = 0 	该约束关系已在之前的操作结果中存在
	 σS_even_Zyy = 0 	该约束关系已在之前的操作结果中存在
	 σS_even_Zyz = 0 	该约束关系已在之前的操作结果中存在
	 σS_even_Zzx = 0 	该约束关系已在之前的操作结果中存在
	 σS_even_Zzy = 0 	该约束关系已在之前的操作结果中存在
	 σS_even_Zzz = 0 	该约束关系已在之前的操作结果中存在
================================================================================ 

第9个操作:
	R_spin_Frac is Matrix([[-1, 0, 0], [0, -1, 0], [0, 0, -1]])
	R_space_Frac is Matrix([[0, -1, 0], [1, 0, 0], [0, 0, 1]])                
	R_spin_Cart is Matrix([[-1, 0, 0], [0, -1, 0], [0, 0, -1]])
	R_space_Cart is Matrix([[0, -1, 0], [1, 0, 0], [0, 0, 1]])                
	Translate is Matrix([[1/2], [1/2], [1/2]])
第6个生成元操作

时间反演奇电导约束关系:
	 σC_odd_xx = 0 	该约束关系已在之前的操作结果中存在
	 σC_odd_xy = 0 	该约束关系已在之前的操作结果中存在
	 σC_odd_xz = 0 	该约束关系已在之前的操作结果中存在
	 σC_odd_yx = 0 	该约束关系已在之前的操作结果中存在
	 σC_odd_yy = 0 	该约束关系已在之前的操作结果中存在
	 σC_odd_yz = 0 	该约束关系已在之前的操作结果中存在
	 σC_odd_zx = 0 	该约束关系已在之前的操作结果中存在
	 σC_odd_zy = 0 	该约束关系已在之前的操作结果中存在
	 σC_odd_zz = 0 	该约束关系已在之前的操作结果中存在

时间反演奇自旋电导约束关系:
	 σS_odd_Xxx = -σS_odd_Xyy
	 σS_odd_Xxy = σS_odd_Xyx
	 σS_odd_Xxz = 0 	该约束关系已在之前的操作结果中存在
	 σS_odd_Xyz = 0 	该约束关系已在之前的操作结果中存在
	 σS_odd_Xzx = 0 	该约束关系已在之前的操作结果中存在
	 σS_odd_Xzy = 0 	该约束关系已在之前的操作结果中存在
	 σS_odd_Xzz = 0 	该约束关系已在之前的操作结果中存在
	 σS_odd_Yxx = -σS_odd_Yyy
	 σS_odd_Yxy = σS_odd_Yyx
	 σS_odd_Yxz = 0 	该约束关系已在之前的操作结果中存在
	 σS_odd_Yyz = 0 	该约束关系已在之前的操作结果中存在
	 σS_odd_Yzx = 0 	该约束关系已在之前的操作结果中存在
	 σS_odd_Yzy = 0 	该约束关系已在之前的操作结果中存在
	 σS_odd_Yzz = 0 	该约束关系已在之前的操作结果中存在
	 σS_odd_Zxx = -σS_odd_Zyy
	 σS_odd_Zxy = σS_odd_Zyx
	 σS_odd_Zxz = 0
	 σS_odd_Zyz = 0
	 σS_odd_Zzx = 0
	 σS_odd_Zzy = 0
	 σS_odd_Zzz = 0

时间反演偶电导约束关系:
	 σC_even_xx = σC_even_yy
	 σC_even_xy = 0
	 σC_even_xz = 0
	 σC_even_yx = 0
	 σC_even_yz = 0
	 σC_even_zx = 0
	 σC_even_zy = 0

时间反演偶自旋电导约束关系:
	 σS_even_Xxx = σS_even_Xyy
	 σS_even_Xxy = -σS_even_Xyx
	 σS_even_Xxz = 0 	该约束关系已在之前的操作结果中存在
	 σS_even_Xyz = 0 	该约束关系已在之前的操作结果中存在
	 σS_even_Xzx = 0 	该约束关系已在之前的操作结果中存在
	 σS_even_Xzy = 0 	该约束关系已在之前的操作结果中存在
	 σS_even_Yxx = σS_even_Yyy
	 σS_even_Yxy = -σS_even_Yyx
	 σS_even_Yxz = 0 	该约束关系已在之前的操作结果中存在
	 σS_even_Yyz = 0 	该约束关系已在之前的操作结果中存在
	 σS_even_Yzx = 0 	该约束关系已在之前的操作结果中存在
	 σS_even_Yzy = 0 	该约束关系已在之前的操作结果中存在
	 σS_even_Zxx = σS_even_Zyy
	 σS_even_Zxy = -σS_even_Zyx
	 σS_even_Zxz = 0 	该约束关系已在之前的操作结果中存在
	 σS_even_Zyz = 0 	该约束关系已在之前的操作结果中存在
	 σS_even_Zzx = 0 	该约束关系已在之前的操作结果中存在
	 σS_even_Zzy = 0 	该约束关系已在之前的操作结果中存在
================================================================================ 

第10个操作:
	R_spin_Frac is Matrix([[-1, 0, 0], [0, 1, 0], [0, 0, -1]])
	R_space_Frac is Matrix([[0, -1, 0], [1, 0, 0], [0, 0, 1]])                
	R_spin_Cart is Matrix([[-1, 0, 0], [0, 1, 0], [0, 0, -1]])
	R_space_Cart is Matrix([[0, -1, 0], [1, 0, 0], [0, 0, 1]])                
	Translate is Matrix([[1/2], [1/2], [1/2]])
R_spin = Matrix([[1, 0, 0], [0, -1, 0], [0, 0, 1]])*Matrix([[-1, 0, 0], [0, -1, 0], [0, 0, -1]]),                            
R_space = Matrix([[1, 0, 0], [0, 1, 0], [0, 0, 1]])*Matrix([[0, -1, 0], [1, 0, 0], [0, 0, 1]]),                            
是第2个生成元操作和第6个生成元操作的乘积，故不是生成元
================================================================================ 

第11个操作:
	R_spin_Frac is Matrix([[1, 0, 0], [0, 1, 0], [0, 0, -1]])
	R_space_Frac is Matrix([[0, -1, 0], [1, 0, 0], [0, 0, 1]])                
	R_spin_Cart is Matrix([[1, 0, 0], [0, 1, 0], [0, 0, -1]])
	R_space_Cart is Matrix([[0, -1, 0], [1, 0, 0], [0, 0, 1]])                
	Translate is Matrix([[1/2], [1/2], [1/2]])
R_spin = Matrix([[-1, 0, 0], [0, -1, 0], [0, 0, 1]])*Matrix([[-1, 0, 0], [0, -1, 0], [0, 0, -1]]),                            
R_space = Matrix([[1, 0, 0], [0, 1, 0], [0, 0, 1]])*Matrix([[0, -1, 0], [1, 0, 0], [0, 0, 1]]),                            
是第3个生成元操作和第6个生成元操作的乘积，故不是生成元
================================================================================ 

第12个操作:
	R_spin_Frac is Matrix([[1, 0, 0], [0, -1, 0], [0, 0, -1]])
	R_space_Frac is Matrix([[0, -1, 0], [1, 0, 0], [0, 0, 1]])                
	R_spin_Cart is Matrix([[1, 0, 0], [0, -1, 0], [0, 0, -1]])
	R_space_Cart is Matrix([[0, -1, 0], [1, 0, 0], [0, 0, 1]])                
	Translate is Matrix([[1/2], [1/2], [1/2]])
第7个生成元操作

时间反演奇电导约束关系:
	 σC_odd_xx = 0 	该约束关系已在之前的操作结果中存在
	 σC_odd_xy = -σC_odd_yx 	该约束关系已在之前的操作结果中存在
	 σC_odd_xz = 0 	该约束关系已在之前的操作结果中存在
	 σC_odd_yy = 0 	该约束关系已在之前的操作结果中存在
	 σC_odd_yz = 0 	该约束关系已在之前的操作结果中存在
	 σC_odd_zx = 0 	该约束关系已在之前的操作结果中存在
	 σC_odd_zy = 0 	该约束关系已在之前的操作结果中存在
	 σC_odd_zz = 0 	该约束关系已在之前的操作结果中存在

时间反演奇自旋电导约束关系:
	 σS_odd_Xxx = σS_odd_Xyy
	 σS_odd_Xxy = -σS_odd_Xyx
	 σS_odd_Xxz = 0 	该约束关系已在之前的操作结果中存在
	 σS_odd_Xyz = 0 	该约束关系已在之前的操作结果中存在
	 σS_odd_Xzx = 0 	该约束关系已在之前的操作结果中存在
	 σS_odd_Xzy = 0 	该约束关系已在之前的操作结果中存在
	 σS_odd_Yxx = -σS_odd_Yyy 	该约束关系已在之前的操作结果中存在
	 σS_odd_Yxy = σS_odd_Yyx 	该约束关系已在之前的操作结果中存在
	 σS_odd_Yxz = 0 	该约束关系已在之前的操作结果中存在
	 σS_odd_Yyz = 0 	该约束关系已在之前的操作结果中存在
	 σS_odd_Yzx = 0 	该约束关系已在之前的操作结果中存在
	 σS_odd_Yzy = 0 	该约束关系已在之前的操作结果中存在
	 σS_odd_Yzz = 0 	该约束关系已在之前的操作结果中存在
	 σS_odd_Zxx = -σS_odd_Zyy 	该约束关系已在之前的操作结果中存在
	 σS_odd_Zxy = σS_odd_Zyx 	该约束关系已在之前的操作结果中存在
	 σS_odd_Zxz = 0 	该约束关系已在之前的操作结果中存在
	 σS_odd_Zyz = 0 	该约束关系已在之前的操作结果中存在
	 σS_odd_Zzx = 0 	该约束关系已在之前的操作结果中存在
	 σS_odd_Zzy = 0 	该约束关系已在之前的操作结果中存在
	 σS_odd_Zzz = 0 	该约束关系已在之前的操作结果中存在

时间反演偶电导约束关系:
	 σC_even_xx = σC_even_yy 	该约束关系已在之前的操作结果中存在
	 σC_even_xy = 0 	该约束关系已在之前的操作结果中存在
	 σC_even_xz = 0 	该约束关系已在之前的操作结果中存在
	 σC_even_yx = 0 	该约束关系已在之前的操作结果中存在
	 σC_even_yz = 0 	该约束关系已在之前的操作结果中存在
	 σC_even_zx = 0 	该约束关系已在之前的操作结果中存在
	 σC_even_zy = 0 	该约束关系已在之前的操作结果中存在

时间反演偶自旋电导约束关系:
	 σS_even_Xxx = σS_even_Xyy 	该约束关系已在之前的操作结果中存在
	 σS_even_Xxy = -σS_even_Xyx 	该约束关系已在之前的操作结果中存在
	 σS_even_Xxz = 0 	该约束关系已在之前的操作结果中存在
	 σS_even_Xyz = 0 	该约束关系已在之前的操作结果中存在
	 σS_even_Xzx = 0 	该约束关系已在之前的操作结果中存在
	 σS_even_Xzy = 0 	该约束关系已在之前的操作结果中存在
	 σS_even_Yxx = -σS_even_Yyy
	 σS_even_Yxy = σS_even_Yyx
	 σS_even_Yxz = 0 	该约束关系已在之前的操作结果中存在
	 σS_even_Yyz = 0 	该约束关系已在之前的操作结果中存在
	 σS_even_Yzx = 0 	该约束关系已在之前的操作结果中存在
	 σS_even_Yzy = 0 	该约束关系已在之前的操作结果中存在
	 σS_even_Yzz = 0 	该约束关系已在之前的操作结果中存在
	 σS_even_Zxx = -σS_even_Zyy
	 σS_even_Zxy = σS_even_Zyx
	 σS_even_Zxz = 0 	该约束关系已在之前的操作结果中存在
	 σS_even_Zyz = 0 	该约束关系已在之前的操作结果中存在
	 σS_even_Zzx = 0 	该约束关系已在之前的操作结果中存在
	 σS_even_Zzy = 0 	该约束关系已在之前的操作结果中存在
	 σS_even_Zzz = 0 	该约束关系已在之前的操作结果中存在
================================================================================ 

第13个操作:
	R_spin_Frac is Matrix([[-1, 0, 0], [0, -1, 0], [0, 0, -1]])
	R_space_Frac is Matrix([[0, 1, 0], [-1, 0, 0], [0, 0, -1]])                
	R_spin_Cart is Matrix([[-1, 0, 0], [0, -1, 0], [0, 0, -1]])
	R_space_Cart is Matrix([[0, 1, 0], [-1, 0, 0], [0, 0, -1]])                
	Translate is Matrix([[1/2], [1/2], [1/2]])
R_spin = Matrix([[1, 0, 0], [0, 1, 0], [0, 0, 1]])*Matrix([[-1, 0, 0], [0, -1, 0], [0, 0, -1]]),                            
R_space = Matrix([[-1, 0, 0], [0, -1, 0], [0, 0, -1]])*Matrix([[0, -1, 0], [1, 0, 0], [0, 0, 1]]),                            
是第4个生成元操作和第6个生成元操作的乘积，故不是生成元
================================================================================ 

第14个操作:
	R_spin_Frac is Matrix([[-1, 0, 0], [0, 1, 0], [0, 0, -1]])
	R_space_Frac is Matrix([[0, 1, 0], [-1, 0, 0], [0, 0, -1]])                
	R_spin_Cart is Matrix([[-1, 0, 0], [0, 1, 0], [0, 0, -1]])
	R_space_Cart is Matrix([[0, 1, 0], [-1, 0, 0], [0, 0, -1]])                
	Translate is Matrix([[1/2], [1/2], [1/2]])
第8个生成元操作

时间反演奇电导约束关系:
	 σC_odd_xx = 0 	该约束关系已在之前的操作结果中存在
	 σC_odd_xy = -σC_odd_yx 	该约束关系已在之前的操作结果中存在
	 σC_odd_xz = 0 	该约束关系已在之前的操作结果中存在
	 σC_odd_yy = 0 	该约束关系已在之前的操作结果中存在
	 σC_odd_yz = 0 	该约束关系已在之前的操作结果中存在
	 σC_odd_zx = 0 	该约束关系已在之前的操作结果中存在
	 σC_odd_zy = 0 	该约束关系已在之前的操作结果中存在
	 σC_odd_zz = 0 	该约束关系已在之前的操作结果中存在

时间反演奇自旋电导约束关系:
	 σS_odd_Xxx = -σS_odd_Xyy 	该约束关系已在之前的操作结果中存在
	 σS_odd_Xxy = σS_odd_Xyx 	该约束关系已在之前的操作结果中存在
	 σS_odd_Xxz = 0 	该约束关系已在之前的操作结果中存在
	 σS_odd_Xyz = 0 	该约束关系已在之前的操作结果中存在
	 σS_odd_Xzx = 0 	该约束关系已在之前的操作结果中存在
	 σS_odd_Xzy = 0 	该约束关系已在之前的操作结果中存在
	 σS_odd_Xzz = 0 	该约束关系已在之前的操作结果中存在
	 σS_odd_Yxx = σS_odd_Yyy
	 σS_odd_Yxy = -σS_odd_Yyx
	 σS_odd_Yxz = 0 	该约束关系已在之前的操作结果中存在
	 σS_odd_Yyz = 0 	该约束关系已在之前的操作结果中存在
	 σS_odd_Yzx = 0 	该约束关系已在之前的操作结果中存在
	 σS_odd_Yzy = 0 	该约束关系已在之前的操作结果中存在
	 σS_odd_Zxx = -σS_odd_Zyy 	该约束关系已在之前的操作结果中存在
	 σS_odd_Zxy = σS_odd_Zyx 	该约束关系已在之前的操作结果中存在
	 σS_odd_Zxz = 0 	该约束关系已在之前的操作结果中存在
	 σS_odd_Zyz = 0 	该约束关系已在之前的操作结果中存在
	 σS_odd_Zzx = 0 	该约束关系已在之前的操作结果中存在
	 σS_odd_Zzy = 0 	该约束关系已在之前的操作结果中存在
	 σS_odd_Zzz = 0 	该约束关系已在之前的操作结果中存在

时间反演偶电导约束关系:
	 σC_even_xx = σC_even_yy 	该约束关系已在之前的操作结果中存在
	 σC_even_xy = 0 	该约束关系已在之前的操作结果中存在
	 σC_even_xz = 0 	该约束关系已在之前的操作结果中存在
	 σC_even_yx = 0 	该约束关系已在之前的操作结果中存在
	 σC_even_yz = 0 	该约束关系已在之前的操作结果中存在
	 σC_even_zx = 0 	该约束关系已在之前的操作结果中存在
	 σC_even_zy = 0 	该约束关系已在之前的操作结果中存在

时间反演偶自旋电导约束关系:
	 σS_even_Xxx = -σS_even_Xyy
	 σS_even_Xxy = σS_even_Xyx
	 σS_even_Xxz = 0 	该约束关系已在之前的操作结果中存在
	 σS_even_Xyz = 0 	该约束关系已在之前的操作结果中存在
	 σS_even_Xzx = 0 	该约束关系已在之前的操作结果中存在
	 σS_even_Xzy = 0 	该约束关系已在之前的操作结果中存在
	 σS_even_Xzz = 0 	该约束关系已在之前的操作结果中存在
	 σS_even_Yxx = σS_even_Yyy 	该约束关系已在之前的操作结果中存在
	 σS_even_Yxy = -σS_even_Yyx 	该约束关系已在之前的操作结果中存在
	 σS_even_Yxz = 0 	该约束关系已在之前的操作结果中存在
	 σS_even_Yyz = 0 	该约束关系已在之前的操作结果中存在
	 σS_even_Yzx = 0 	该约束关系已在之前的操作结果中存在
	 σS_even_Yzy = 0 	该约束关系已在之前的操作结果中存在
	 σS_even_Zxx = -σS_even_Zyy 	该约束关系已在之前的操作结果中存在
	 σS_even_Zxy = σS_even_Zyx 	该约束关系已在之前的操作结果中存在
	 σS_even_Zxz = 0 	该约束关系已在之前的操作结果中存在
	 σS_even_Zyz = 0 	该约束关系已在之前的操作结果中存在
	 σS_even_Zzx = 0 	该约束关系已在之前的操作结果中存在
	 σS_even_Zzy = 0 	该约束关系已在之前的操作结果中存在
	 σS_even_Zzz = 0 	该约束关系已在之前的操作结果中存在
================================================================================ 

第15个操作:
	R_spin_Frac is Matrix([[1, 0, 0], [0, 1, 0], [0, 0, -1]])
	R_space_Frac is Matrix([[0, 1, 0], [-1, 0, 0], [0, 0, -1]])                
	R_spin_Cart is Matrix([[1, 0, 0], [0, 1, 0], [0, 0, -1]])
	R_space_Cart is Matrix([[0, 1, 0], [-1, 0, 0], [0, 0, -1]])                
	Translate is Matrix([[1/2], [1/2], [1/2]])
第9个生成元操作

时间反演奇电导约束关系:
	 σC_odd_xx = 0 	该约束关系已在之前的操作结果中存在
	 σC_odd_xy = 0 	该约束关系已在之前的操作结果中存在
	 σC_odd_xz = 0 	该约束关系已在之前的操作结果中存在
	 σC_odd_yx = 0 	该约束关系已在之前的操作结果中存在
	 σC_odd_yy = 0 	该约束关系已在之前的操作结果中存在
	 σC_odd_yz = 0 	该约束关系已在之前的操作结果中存在
	 σC_odd_zx = 0 	该约束关系已在之前的操作结果中存在
	 σC_odd_zy = 0 	该约束关系已在之前的操作结果中存在
	 σC_odd_zz = 0 	该约束关系已在之前的操作结果中存在

时间反演奇自旋电导约束关系:
	 σS_odd_Xxx = σS_odd_Xyy 	该约束关系已在之前的操作结果中存在
	 σS_odd_Xxy = -σS_odd_Xyx 	该约束关系已在之前的操作结果中存在
	 σS_odd_Xxz = 0 	该约束关系已在之前的操作结果中存在
	 σS_odd_Xyz = 0 	该约束关系已在之前的操作结果中存在
	 σS_odd_Xzx = 0 	该约束关系已在之前的操作结果中存在
	 σS_odd_Xzy = 0 	该约束关系已在之前的操作结果中存在
	 σS_odd_Yxx = σS_odd_Yyy 	该约束关系已在之前的操作结果中存在
	 σS_odd_Yxy = -σS_odd_Yyx 	该约束关系已在之前的操作结果中存在
	 σS_odd_Yxz = 0 	该约束关系已在之前的操作结果中存在
	 σS_odd_Yyz = 0 	该约束关系已在之前的操作结果中存在
	 σS_odd_Yzx = 0 	该约束关系已在之前的操作结果中存在
	 σS_odd_Yzy = 0 	该约束关系已在之前的操作结果中存在
	 σS_odd_Zxx = -σS_odd_Zyy 	该约束关系已在之前的操作结果中存在
	 σS_odd_Zxy = σS_odd_Zyx 	该约束关系已在之前的操作结果中存在
	 σS_odd_Zxz = 0 	该约束关系已在之前的操作结果中存在
	 σS_odd_Zyz = 0 	该约束关系已在之前的操作结果中存在
	 σS_odd_Zzx = 0 	该约束关系已在之前的操作结果中存在
	 σS_odd_Zzy = 0 	该约束关系已在之前的操作结果中存在
	 σS_odd_Zzz = 0 	该约束关系已在之前的操作结果中存在

时间反演偶电导约束关系:
	 σC_even_xx = σC_even_yy 	该约束关系已在之前的操作结果中存在
	 σC_even_xy = 0 	该约束关系已在之前的操作结果中存在
	 σC_even_xz = 0 	该约束关系已在之前的操作结果中存在
	 σC_even_yx = 0 	该约束关系已在之前的操作结果中存在
	 σC_even_yz = 0 	该约束关系已在之前的操作结果中存在
	 σC_even_zx = 0 	该约束关系已在之前的操作结果中存在
	 σC_even_zy = 0 	该约束关系已在之前的操作结果中存在

时间反演偶自旋电导约束关系:
	 σS_even_Xxx = -σS_even_Xyy 	该约束关系已在之前的操作结果中存在
	 σS_even_Xxy = σS_even_Xyx 	该约束关系已在之前的操作结果中存在
	 σS_even_Xxz = 0 	该约束关系已在之前的操作结果中存在
	 σS_even_Xyz = 0 	该约束关系已在之前的操作结果中存在
	 σS_even_Xzx = 0 	该约束关系已在之前的操作结果中存在
	 σS_even_Xzy = 0 	该约束关系已在之前的操作结果中存在
	 σS_even_Xzz = 0 	该约束关系已在之前的操作结果中存在
	 σS_even_Yxx = -σS_even_Yyy 	该约束关系已在之前的操作结果中存在
	 σS_even_Yxy = σS_even_Yyx 	该约束关系已在之前的操作结果中存在
	 σS_even_Yxz = 0 	该约束关系已在之前的操作结果中存在
	 σS_even_Yyz = 0 	该约束关系已在之前的操作结果中存在
	 σS_even_Yzx = 0 	该约束关系已在之前的操作结果中存在
	 σS_even_Yzy = 0 	该约束关系已在之前的操作结果中存在
	 σS_even_Yzz = 0 	该约束关系已在之前的操作结果中存在
	 σS_even_Zxx = σS_even_Zyy 	该约束关系已在之前的操作结果中存在
	 σS_even_Zxy = -σS_even_Zyx 	该约束关系已在之前的操作结果中存在
	 σS_even_Zxz = 0 	该约束关系已在之前的操作结果中存在
	 σS_even_Zyz = 0 	该约束关系已在之前的操作结果中存在
	 σS_even_Zzx = 0 	该约束关系已在之前的操作结果中存在
	 σS_even_Zzy = 0 	该约束关系已在之前的操作结果中存在
================================================================================ 

第16个操作:
	R_spin_Frac is Matrix([[1, 0, 0], [0, -1, 0], [0, 0, -1]])
	R_space_Frac is Matrix([[0, 1, 0], [-1, 0, 0], [0, 0, -1]])                
	R_spin_Cart is Matrix([[1, 0, 0], [0, -1, 0], [0, 0, -1]])
	R_space_Cart is Matrix([[0, 1, 0], [-1, 0, 0], [0, 0, -1]])                
	Translate is Matrix([[1/2], [1/2], [1/2]])
R_spin = Matrix([[1, 0, 0], [0, -1, 0], [0, 0, 1]])*Matrix([[1, 0, 0], [0, 1, 0], [0, 0, -1]]),                            
R_space = Matrix([[1, 0, 0], [0, 1, 0], [0, 0, 1]])*Matrix([[0, 1, 0], [-1, 0, 0], [0, 0, -1]]),                            
是第2个生成元操作和第9个生成元操作的乘积，故不是生成元
================================================================================ 

第17个操作:
	R_spin_Frac is Matrix([[1, 0, 0], [0, 1, 0], [0, 0, 1]])
	R_space_Frac is Matrix([[-1, 0, 0], [0, -1, 0], [0, 0, 1]])                
	R_spin_Cart is Matrix([[1, 0, 0], [0, 1, 0], [0, 0, 1]])
	R_space_Cart is Matrix([[-1, 0, 0], [0, -1, 0], [0, 0, 1]])                
	Translate is Matrix([[0], [0], [0]])
R_spin = Matrix([[-1, 0, 0], [0, -1, 0], [0, 0, -1]])*Matrix([[-1, 0, 0], [0, -1, 0], [0, 0, -1]]),                            
R_space = Matrix([[0, -1, 0], [1, 0, 0], [0, 0, 1]])*Matrix([[0, -1, 0], [1, 0, 0], [0, 0, 1]]),                            
是第6个生成元操作和第6个生成元操作的乘积，故不是生成元
================================================================================ 

第18个操作:
	R_spin_Frac is Matrix([[1, 0, 0], [0, -1, 0], [0, 0, 1]])
	R_space_Frac is Matrix([[-1, 0, 0], [0, -1, 0], [0, 0, 1]])                
	R_spin_Cart is Matrix([[1, 0, 0], [0, -1, 0], [0, 0, 1]])
	R_space_Cart is Matrix([[-1, 0, 0], [0, -1, 0], [0, 0, 1]])                
	Translate is Matrix([[0], [0], [0]])
第10个生成元操作

时间反演奇电导约束关系:
	 σC_odd_xx = 0 	该约束关系已在之前的操作结果中存在
	 σC_odd_xy = 0 	该约束关系已在之前的操作结果中存在
	 σC_odd_xz = -σC_odd_zx 	该约束关系已在之前的操作结果中存在
	 σC_odd_yx = 0 	该约束关系已在之前的操作结果中存在
	 σC_odd_yy = 0 	该约束关系已在之前的操作结果中存在
	 σC_odd_yz = -σC_odd_zy 	该约束关系已在之前的操作结果中存在
	 σC_odd_zz = 0 	该约束关系已在之前的操作结果中存在

时间反演奇自旋电导约束关系:
	 σS_odd_Xxz = 0 	该约束关系已在之前的操作结果中存在
	 σS_odd_Xyz = 0 	该约束关系已在之前的操作结果中存在
	 σS_odd_Xzx = 0 	该约束关系已在之前的操作结果中存在
	 σS_odd_Xzy = 0 	该约束关系已在之前的操作结果中存在
	 σS_odd_Yxx = 0 	该约束关系已在之前的操作结果中存在
	 σS_odd_Yxy = 0 	该约束关系已在之前的操作结果中存在
	 σS_odd_Yyx = 0 	该约束关系已在之前的操作结果中存在
	 σS_odd_Yyy = 0 	该约束关系已在之前的操作结果中存在
	 σS_odd_Yzz = 0 	该约束关系已在之前的操作结果中存在
	 σS_odd_Zxz = 0 	该约束关系已在之前的操作结果中存在
	 σS_odd_Zyz = 0 	该约束关系已在之前的操作结果中存在
	 σS_odd_Zzx = 0 	该约束关系已在之前的操作结果中存在
	 σS_odd_Zzy = 0 	该约束关系已在之前的操作结果中存在

时间反演偶电导约束关系:
	 σC_even_xy = σC_even_yx 	该约束关系已在之前的操作结果中存在
	 σC_even_xz = 0 	该约束关系已在之前的操作结果中存在
	 σC_even_yz = 0 	该约束关系已在之前的操作结果中存在
	 σC_even_zx = 0 	该约束关系已在之前的操作结果中存在
	 σC_even_zy = 0 	该约束关系已在之前的操作结果中存在

时间反演偶自旋电导约束关系:
	 σS_even_Xxx = 0 	该约束关系已在之前的操作结果中存在
	 σS_even_Xxy = 0 	该约束关系已在之前的操作结果中存在
	 σS_even_Xyx = 0 	该约束关系已在之前的操作结果中存在
	 σS_even_Xyy = 0 	该约束关系已在之前的操作结果中存在
	 σS_even_Xzz = 0 	该约束关系已在之前的操作结果中存在
	 σS_even_Yxz = 0 	该约束关系已在之前的操作结果中存在
	 σS_even_Yyz = 0 	该约束关系已在之前的操作结果中存在
	 σS_even_Yzx = 0 	该约束关系已在之前的操作结果中存在
	 σS_even_Yzy = 0 	该约束关系已在之前的操作结果中存在
	 σS_even_Zxx = 0 	该约束关系已在之前的操作结果中存在
	 σS_even_Zxy = 0 	该约束关系已在之前的操作结果中存在
	 σS_even_Zyx = 0 	该约束关系已在之前的操作结果中存在
	 σS_even_Zyy = 0 	该约束关系已在之前的操作结果中存在
	 σS_even_Zzz = 0 	该约束关系已在之前的操作结果中存在
================================================================================ 

第19个操作:
	R_spin_Frac is Matrix([[-1, 0, 0], [0, -1, 0], [0, 0, 1]])
	R_space_Frac is Matrix([[-1, 0, 0], [0, -1, 0], [0, 0, 1]])                
	R_spin_Cart is Matrix([[-1, 0, 0], [0, -1, 0], [0, 0, 1]])
	R_space_Cart is Matrix([[-1, 0, 0], [0, -1, 0], [0, 0, 1]])                
	Translate is Matrix([[0], [0], [0]])
第11个生成元操作

时间反演奇电导约束关系:
	 σC_odd_xx = 0 	该约束关系已在之前的操作结果中存在
	 σC_odd_xy = -σC_odd_yx 	该约束关系已在之前的操作结果中存在
	 σC_odd_xz = 0 	该约束关系已在之前的操作结果中存在
	 σC_odd_yy = 0 	该约束关系已在之前的操作结果中存在
	 σC_odd_yz = 0 	该约束关系已在之前的操作结果中存在
	 σC_odd_zx = 0 	该约束关系已在之前的操作结果中存在
	 σC_odd_zy = 0 	该约束关系已在之前的操作结果中存在
	 σC_odd_zz = 0 	该约束关系已在之前的操作结果中存在

时间反演奇自旋电导约束关系:
	 σS_odd_Xxx = 0 	该约束关系已在之前的操作结果中存在
	 σS_odd_Xxy = 0 	该约束关系已在之前的操作结果中存在
	 σS_odd_Xyx = 0 	该约束关系已在之前的操作结果中存在
	 σS_odd_Xyy = 0 	该约束关系已在之前的操作结果中存在
	 σS_odd_Xzz = 0 	该约束关系已在之前的操作结果中存在
	 σS_odd_Yxx = 0 	该约束关系已在之前的操作结果中存在
	 σS_odd_Yxy = 0 	该约束关系已在之前的操作结果中存在
	 σS_odd_Yyx = 0 	该约束关系已在之前的操作结果中存在
	 σS_odd_Yyy = 0 	该约束关系已在之前的操作结果中存在
	 σS_odd_Yzz = 0 	该约束关系已在之前的操作结果中存在
	 σS_odd_Zxz = 0 	该约束关系已在之前的操作结果中存在
	 σS_odd_Zyz = 0 	该约束关系已在之前的操作结果中存在
	 σS_odd_Zzx = 0 	该约束关系已在之前的操作结果中存在
	 σS_odd_Zzy = 0 	该约束关系已在之前的操作结果中存在

时间反演偶电导约束关系:
	 σC_even_xy = σC_even_yx 	该约束关系已在之前的操作结果中存在
	 σC_even_xz = 0 	该约束关系已在之前的操作结果中存在
	 σC_even_yz = 0 	该约束关系已在之前的操作结果中存在
	 σC_even_zx = 0 	该约束关系已在之前的操作结果中存在
	 σC_even_zy = 0 	该约束关系已在之前的操作结果中存在

时间反演偶自旋电导约束关系:
	 σS_even_Xxx = 0 	该约束关系已在之前的操作结果中存在
	 σS_even_Xxy = 0 	该约束关系已在之前的操作结果中存在
	 σS_even_Xyx = 0 	该约束关系已在之前的操作结果中存在
	 σS_even_Xyy = 0 	该约束关系已在之前的操作结果中存在
	 σS_even_Xzz = 0 	该约束关系已在之前的操作结果中存在
	 σS_even_Yxx = 0 	该约束关系已在之前的操作结果中存在
	 σS_even_Yxy = 0 	该约束关系已在之前的操作结果中存在
	 σS_even_Yyx = 0 	该约束关系已在之前的操作结果中存在
	 σS_even_Yyy = 0 	该约束关系已在之前的操作结果中存在
	 σS_even_Yzz = 0 	该约束关系已在之前的操作结果中存在
	 σS_even_Zxz = 0 	该约束关系已在之前的操作结果中存在
	 σS_even_Zyz = 0 	该约束关系已在之前的操作结果中存在
	 σS_even_Zzx = 0 	该约束关系已在之前的操作结果中存在
	 σS_even_Zzy = 0 	该约束关系已在之前的操作结果中存在
================================================================================ 

第20个操作:
	R_spin_Frac is Matrix([[-1, 0, 0], [0, 1, 0], [0, 0, 1]])
	R_space_Frac is Matrix([[-1, 0, 0], [0, -1, 0], [0, 0, 1]])                
	R_spin_Cart is Matrix([[-1, 0, 0], [0, 1, 0], [0, 0, 1]])
	R_space_Cart is Matrix([[-1, 0, 0], [0, -1, 0], [0, 0, 1]])                
	Translate is Matrix([[0], [0], [0]])
R_spin = Matrix([[1, 0, 0], [0, -1, 0], [0, 0, 1]])*Matrix([[-1, 0, 0], [0, -1, 0], [0, 0, 1]]),                            
R_space = Matrix([[1, 0, 0], [0, 1, 0], [0, 0, 1]])*Matrix([[-1, 0, 0], [0, -1, 0], [0, 0, 1]]),                            
是第2个生成元操作和第11个生成元操作的乘积，故不是生成元
================================================================================ 

第21个操作:
	R_spin_Frac is Matrix([[1, 0, 0], [0, 1, 0], [0, 0, 1]])
	R_space_Frac is Matrix([[1, 0, 0], [0, 1, 0], [0, 0, -1]])                
	R_spin_Cart is Matrix([[1, 0, 0], [0, 1, 0], [0, 0, 1]])
	R_space_Cart is Matrix([[1, 0, 0], [0, 1, 0], [0, 0, -1]])                
	Translate is Matrix([[0], [0], [0]])
第12个生成元操作

时间反演奇电导约束关系:
	 σC_odd_xx = 0 	该约束关系已在之前的操作结果中存在
	 σC_odd_xy = -σC_odd_yx 	该约束关系已在之前的操作结果中存在
	 σC_odd_xz = 0 	该约束关系已在之前的操作结果中存在
	 σC_odd_yy = 0 	该约束关系已在之前的操作结果中存在
	 σC_odd_yz = 0 	该约束关系已在之前的操作结果中存在
	 σC_odd_zx = 0 	该约束关系已在之前的操作结果中存在
	 σC_odd_zy = 0 	该约束关系已在之前的操作结果中存在
	 σC_odd_zz = 0 	该约束关系已在之前的操作结果中存在

时间反演奇自旋电导约束关系:
	 σS_odd_Xxz = 0 	该约束关系已在之前的操作结果中存在
	 σS_odd_Xyz = 0 	该约束关系已在之前的操作结果中存在
	 σS_odd_Xzx = 0 	该约束关系已在之前的操作结果中存在
	 σS_odd_Xzy = 0 	该约束关系已在之前的操作结果中存在
	 σS_odd_Yxz = 0 	该约束关系已在之前的操作结果中存在
	 σS_odd_Yyz = 0 	该约束关系已在之前的操作结果中存在
	 σS_odd_Yzx = 0 	该约束关系已在之前的操作结果中存在
	 σS_odd_Yzy = 0 	该约束关系已在之前的操作结果中存在
	 σS_odd_Zxz = 0 	该约束关系已在之前的操作结果中存在
	 σS_odd_Zyz = 0 	该约束关系已在之前的操作结果中存在
	 σS_odd_Zzx = 0 	该约束关系已在之前的操作结果中存在
	 σS_odd_Zzy = 0 	该约束关系已在之前的操作结果中存在

时间反演偶电导约束关系:
	 σC_even_xy = σC_even_yx 	该约束关系已在之前的操作结果中存在
	 σC_even_xz = 0 	该约束关系已在之前的操作结果中存在
	 σC_even_yz = 0 	该约束关系已在之前的操作结果中存在
	 σC_even_zx = 0 	该约束关系已在之前的操作结果中存在
	 σC_even_zy = 0 	该约束关系已在之前的操作结果中存在

时间反演偶自旋电导约束关系:
	 σS_even_Xxz = 0 	该约束关系已在之前的操作结果中存在
	 σS_even_Xyz = 0 	该约束关系已在之前的操作结果中存在
	 σS_even_Xzx = 0 	该约束关系已在之前的操作结果中存在
	 σS_even_Xzy = 0 	该约束关系已在之前的操作结果中存在
	 σS_even_Yxz = 0 	该约束关系已在之前的操作结果中存在
	 σS_even_Yyz = 0 	该约束关系已在之前的操作结果中存在
	 σS_even_Yzx = 0 	该约束关系已在之前的操作结果中存在
	 σS_even_Yzy = 0 	该约束关系已在之前的操作结果中存在
	 σS_even_Zxz = 0 	该约束关系已在之前的操作结果中存在
	 σS_even_Zyz = 0 	该约束关系已在之前的操作结果中存在
	 σS_even_Zzx = 0 	该约束关系已在之前的操作结果中存在
	 σS_even_Zzy = 0 	该约束关系已在之前的操作结果中存在
================================================================================ 

第22个操作:
	R_spin_Frac is Matrix([[1, 0, 0], [0, -1, 0], [0, 0, 1]])
	R_space_Frac is Matrix([[1, 0, 0], [0, 1, 0], [0, 0, -1]])                
	R_spin_Cart is Matrix([[1, 0, 0], [0, -1, 0], [0, 0, 1]])
	R_space_Cart is Matrix([[1, 0, 0], [0, 1, 0], [0, 0, -1]])                
	Translate is Matrix([[0], [0], [0]])
R_spin = Matrix([[1, 0, 0], [0, -1, 0], [0, 0, 1]])*Matrix([[1, 0, 0], [0, 1, 0], [0, 0, 1]]),                            
R_space = Matrix([[1, 0, 0], [0, 1, 0], [0, 0, 1]])*Matrix([[1, 0, 0], [0, 1, 0], [0, 0, -1]]),                            
是第2个生成元操作和第12个生成元操作的乘积，故不是生成元
================================================================================ 

第23个操作:
	R_spin_Frac is Matrix([[-1, 0, 0], [0, -1, 0], [0, 0, 1]])
	R_space_Frac is Matrix([[1, 0, 0], [0, 1, 0], [0, 0, -1]])                
	R_spin_Cart is Matrix([[-1, 0, 0], [0, -1, 0], [0, 0, 1]])
	R_space_Cart is Matrix([[1, 0, 0], [0, 1, 0], [0, 0, -1]])                
	Translate is Matrix([[0], [0], [0]])
R_spin = Matrix([[-1, 0, 0], [0, -1, 0], [0, 0, 1]])*Matrix([[1, 0, 0], [0, 1, 0], [0, 0, 1]]),                            
R_space = Matrix([[1, 0, 0], [0, 1, 0], [0, 0, 1]])*Matrix([[1, 0, 0], [0, 1, 0], [0, 0, -1]]),                            
是第3个生成元操作和第12个生成元操作的乘积，故不是生成元
================================================================================ 

第24个操作:
	R_spin_Frac is Matrix([[-1, 0, 0], [0, 1, 0], [0, 0, 1]])
	R_space_Frac is Matrix([[1, 0, 0], [0, 1, 0], [0, 0, -1]])                
	R_spin_Cart is Matrix([[-1, 0, 0], [0, 1, 0], [0, 0, 1]])
	R_space_Cart is Matrix([[1, 0, 0], [0, 1, 0], [0, 0, -1]])                
	Translate is Matrix([[0], [0], [0]])
第13个生成元操作

时间反演奇电导约束关系:
	 σC_odd_xx = 0 	该约束关系已在之前的操作结果中存在
	 σC_odd_xy = 0 	该约束关系已在之前的操作结果中存在
	 σC_odd_xz = -σC_odd_zx 	该约束关系已在之前的操作结果中存在
	 σC_odd_yx = 0 	该约束关系已在之前的操作结果中存在
	 σC_odd_yy = 0 	该约束关系已在之前的操作结果中存在
	 σC_odd_yz = -σC_odd_zy 	该约束关系已在之前的操作结果中存在
	 σC_odd_zz = 0 	该约束关系已在之前的操作结果中存在

时间反演奇自旋电导约束关系:
	 σS_odd_Xxx = 0 	该约束关系已在之前的操作结果中存在
	 σS_odd_Xxy = 0 	该约束关系已在之前的操作结果中存在
	 σS_odd_Xyx = 0 	该约束关系已在之前的操作结果中存在
	 σS_odd_Xyy = 0 	该约束关系已在之前的操作结果中存在
	 σS_odd_Xzz = 0 	该约束关系已在之前的操作结果中存在
	 σS_odd_Yxz = 0 	该约束关系已在之前的操作结果中存在
	 σS_odd_Yyz = 0 	该约束关系已在之前的操作结果中存在
	 σS_odd_Yzx = 0 	该约束关系已在之前的操作结果中存在
	 σS_odd_Yzy = 0 	该约束关系已在之前的操作结果中存在
	 σS_odd_Zxz = 0 	该约束关系已在之前的操作结果中存在
	 σS_odd_Zyz = 0 	该约束关系已在之前的操作结果中存在
	 σS_odd_Zzx = 0 	该约束关系已在之前的操作结果中存在
	 σS_odd_Zzy = 0 	该约束关系已在之前的操作结果中存在

时间反演偶电导约束关系:
	 σC_even_xy = σC_even_yx 	该约束关系已在之前的操作结果中存在
	 σC_even_xz = 0 	该约束关系已在之前的操作结果中存在
	 σC_even_yz = 0 	该约束关系已在之前的操作结果中存在
	 σC_even_zx = 0 	该约束关系已在之前的操作结果中存在
	 σC_even_zy = 0 	该约束关系已在之前的操作结果中存在

时间反演偶自旋电导约束关系:
	 σS_even_Xxz = 0 	该约束关系已在之前的操作结果中存在
	 σS_even_Xyz = 0 	该约束关系已在之前的操作结果中存在
	 σS_even_Xzx = 0 	该约束关系已在之前的操作结果中存在
	 σS_even_Xzy = 0 	该约束关系已在之前的操作结果中存在
	 σS_even_Yxx = 0 	该约束关系已在之前的操作结果中存在
	 σS_even_Yxy = 0 	该约束关系已在之前的操作结果中存在
	 σS_even_Yyx = 0 	该约束关系已在之前的操作结果中存在
	 σS_even_Yyy = 0 	该约束关系已在之前的操作结果中存在
	 σS_even_Yzz = 0 	该约束关系已在之前的操作结果中存在
	 σS_even_Zxx = 0 	该约束关系已在之前的操作结果中存在
	 σS_even_Zxy = 0 	该约束关系已在之前的操作结果中存在
	 σS_even_Zyx = 0 	该约束关系已在之前的操作结果中存在
	 σS_even_Zyy = 0 	该约束关系已在之前的操作结果中存在
	 σS_even_Zzz = 0 	该约束关系已在之前的操作结果中存在
================================================================================ 

第25个操作:
	R_spin_Frac is Matrix([[-1, 0, 0], [0, -1, 0], [0, 0, -1]])
	R_space_Frac is Matrix([[0, 1, 0], [-1, 0, 0], [0, 0, 1]])                
	R_spin_Cart is Matrix([[-1, 0, 0], [0, -1, 0], [0, 0, -1]])
	R_space_Cart is Matrix([[0, 1, 0], [-1, 0, 0], [0, 0, 1]])                
	Translate is Matrix([[1/2], [1/2], [1/2]])
第14个生成元操作

时间反演奇电导约束关系:
	 σC_odd_xx = 0 	该约束关系已在之前的操作结果中存在
	 σC_odd_xy = 0 	该约束关系已在之前的操作结果中存在
	 σC_odd_xz = 0 	该约束关系已在之前的操作结果中存在
	 σC_odd_yx = 0 	该约束关系已在之前的操作结果中存在
	 σC_odd_yy = 0 	该约束关系已在之前的操作结果中存在
	 σC_odd_yz = 0 	该约束关系已在之前的操作结果中存在
	 σC_odd_zx = 0 	该约束关系已在之前的操作结果中存在
	 σC_odd_zy = 0 	该约束关系已在之前的操作结果中存在
	 σC_odd_zz = 0 	该约束关系已在之前的操作结果中存在

时间反演奇自旋电导约束关系:
	 σS_odd_Xxx = -σS_odd_Xyy 	该约束关系已在之前的操作结果中存在
	 σS_odd_Xxy = σS_odd_Xyx 	该约束关系已在之前的操作结果中存在
	 σS_odd_Xxz = 0 	该约束关系已在之前的操作结果中存在
	 σS_odd_Xyz = 0 	该约束关系已在之前的操作结果中存在
	 σS_odd_Xzx = 0 	该约束关系已在之前的操作结果中存在
	 σS_odd_Xzy = 0 	该约束关系已在之前的操作结果中存在
	 σS_odd_Xzz = 0 	该约束关系已在之前的操作结果中存在
	 σS_odd_Yxx = -σS_odd_Yyy 	该约束关系已在之前的操作结果中存在
	 σS_odd_Yxy = σS_odd_Yyx 	该约束关系已在之前的操作结果中存在
	 σS_odd_Yxz = 0 	该约束关系已在之前的操作结果中存在
	 σS_odd_Yyz = 0 	该约束关系已在之前的操作结果中存在
	 σS_odd_Yzx = 0 	该约束关系已在之前的操作结果中存在
	 σS_odd_Yzy = 0 	该约束关系已在之前的操作结果中存在
	 σS_odd_Yzz = 0 	该约束关系已在之前的操作结果中存在
	 σS_odd_Zxx = -σS_odd_Zyy 	该约束关系已在之前的操作结果中存在
	 σS_odd_Zxy = σS_odd_Zyx 	该约束关系已在之前的操作结果中存在
	 σS_odd_Zxz = 0 	该约束关系已在之前的操作结果中存在
	 σS_odd_Zyz = 0 	该约束关系已在之前的操作结果中存在
	 σS_odd_Zzx = 0 	该约束关系已在之前的操作结果中存在
	 σS_odd_Zzy = 0 	该约束关系已在之前的操作结果中存在
	 σS_odd_Zzz = 0 	该约束关系已在之前的操作结果中存在

时间反演偶电导约束关系:
	 σC_even_xx = σC_even_yy 	该约束关系已在之前的操作结果中存在
	 σC_even_xy = 0 	该约束关系已在之前的操作结果中存在
	 σC_even_xz = 0 	该约束关系已在之前的操作结果中存在
	 σC_even_yx = 0 	该约束关系已在之前的操作结果中存在
	 σC_even_yz = 0 	该约束关系已在之前的操作结果中存在
	 σC_even_zx = 0 	该约束关系已在之前的操作结果中存在
	 σC_even_zy = 0 	该约束关系已在之前的操作结果中存在

时间反演偶自旋电导约束关系:
	 σS_even_Xxx = σS_even_Xyy 	该约束关系已在之前的操作结果中存在
	 σS_even_Xxy = -σS_even_Xyx 	该约束关系已在之前的操作结果中存在
	 σS_even_Xxz = 0 	该约束关系已在之前的操作结果中存在
	 σS_even_Xyz = 0 	该约束关系已在之前的操作结果中存在
	 σS_even_Xzx = 0 	该约束关系已在之前的操作结果中存在
	 σS_even_Xzy = 0 	该约束关系已在之前的操作结果中存在
	 σS_even_Yxx = σS_even_Yyy 	该约束关系已在之前的操作结果中存在
	 σS_even_Yxy = -σS_even_Yyx 	该约束关系已在之前的操作结果中存在
	 σS_even_Yxz = 0 	该约束关系已在之前的操作结果中存在
	 σS_even_Yyz = 0 	该约束关系已在之前的操作结果中存在
	 σS_even_Yzx = 0 	该约束关系已在之前的操作结果中存在
	 σS_even_Yzy = 0 	该约束关系已在之前的操作结果中存在
	 σS_even_Zxx = σS_even_Zyy 	该约束关系已在之前的操作结果中存在
	 σS_even_Zxy = -σS_even_Zyx 	该约束关系已在之前的操作结果中存在
	 σS_even_Zxz = 0 	该约束关系已在之前的操作结果中存在
	 σS_even_Zyz = 0 	该约束关系已在之前的操作结果中存在
	 σS_even_Zzx = 0 	该约束关系已在之前的操作结果中存在
	 σS_even_Zzy = 0 	该约束关系已在之前的操作结果中存在
================================================================================ 

第26个操作:
	R_spin_Frac is Matrix([[-1, 0, 0], [0, 1, 0], [0, 0, -1]])
	R_space_Frac is Matrix([[0, 1, 0], [-1, 0, 0], [0, 0, 1]])                
	R_spin_Cart is Matrix([[-1, 0, 0], [0, 1, 0], [0, 0, -1]])
	R_space_Cart is Matrix([[0, 1, 0], [-1, 0, 0], [0, 0, 1]])                
	Translate is Matrix([[1/2], [1/2], [1/2]])
R_spin = Matrix([[1, 0, 0], [0, -1, 0], [0, 0, 1]])*Matrix([[-1, 0, 0], [0, -1, 0], [0, 0, -1]]),                            
R_space = Matrix([[1, 0, 0], [0, 1, 0], [0, 0, 1]])*Matrix([[0, 1, 0], [-1, 0, 0], [0, 0, 1]]),                            
是第2个生成元操作和第14个生成元操作的乘积，故不是生成元
================================================================================ 

第27个操作:
	R_spin_Frac is Matrix([[1, 0, 0], [0, 1, 0], [0, 0, -1]])
	R_space_Frac is Matrix([[0, 1, 0], [-1, 0, 0], [0, 0, 1]])                
	R_spin_Cart is Matrix([[1, 0, 0], [0, 1, 0], [0, 0, -1]])
	R_space_Cart is Matrix([[0, 1, 0], [-1, 0, 0], [0, 0, 1]])                
	Translate is Matrix([[1/2], [1/2], [1/2]])
R_spin = Matrix([[-1, 0, 0], [0, -1, 0], [0, 0, 1]])*Matrix([[-1, 0, 0], [0, -1, 0], [0, 0, -1]]),                            
R_space = Matrix([[1, 0, 0], [0, 1, 0], [0, 0, 1]])*Matrix([[0, 1, 0], [-1, 0, 0], [0, 0, 1]]),                            
是第3个生成元操作和第14个生成元操作的乘积，故不是生成元
================================================================================ 

第28个操作:
	R_spin_Frac is Matrix([[1, 0, 0], [0, -1, 0], [0, 0, -1]])
	R_space_Frac is Matrix([[0, 1, 0], [-1, 0, 0], [0, 0, 1]])                
	R_spin_Cart is Matrix([[1, 0, 0], [0, -1, 0], [0, 0, -1]])
	R_space_Cart is Matrix([[0, 1, 0], [-1, 0, 0], [0, 0, 1]])                
	Translate is Matrix([[1/2], [1/2], [1/2]])
第15个生成元操作

时间反演奇电导约束关系:
	 σC_odd_xx = 0 	该约束关系已在之前的操作结果中存在
	 σC_odd_xy = -σC_odd_yx 	该约束关系已在之前的操作结果中存在
	 σC_odd_xz = 0 	该约束关系已在之前的操作结果中存在
	 σC_odd_yy = 0 	该约束关系已在之前的操作结果中存在
	 σC_odd_yz = 0 	该约束关系已在之前的操作结果中存在
	 σC_odd_zx = 0 	该约束关系已在之前的操作结果中存在
	 σC_odd_zy = 0 	该约束关系已在之前的操作结果中存在
	 σC_odd_zz = 0 	该约束关系已在之前的操作结果中存在

时间反演奇自旋电导约束关系:
	 σS_odd_Xxx = σS_odd_Xyy 	该约束关系已在之前的操作结果中存在
	 σS_odd_Xxy = -σS_odd_Xyx 	该约束关系已在之前的操作结果中存在
	 σS_odd_Xxz = 0 	该约束关系已在之前的操作结果中存在
	 σS_odd_Xyz = 0 	该约束关系已在之前的操作结果中存在
	 σS_odd_Xzx = 0 	该约束关系已在之前的操作结果中存在
	 σS_odd_Xzy = 0 	该约束关系已在之前的操作结果中存在
	 σS_odd_Yxx = -σS_odd_Yyy 	该约束关系已在之前的操作结果中存在
	 σS_odd_Yxy = σS_odd_Yyx 	该约束关系已在之前的操作结果中存在
	 σS_odd_Yxz = 0 	该约束关系已在之前的操作结果中存在
	 σS_odd_Yyz = 0 	该约束关系已在之前的操作结果中存在
	 σS_odd_Yzx = 0 	该约束关系已在之前的操作结果中存在
	 σS_odd_Yzy = 0 	该约束关系已在之前的操作结果中存在
	 σS_odd_Yzz = 0 	该约束关系已在之前的操作结果中存在
	 σS_odd_Zxx = -σS_odd_Zyy 	该约束关系已在之前的操作结果中存在
	 σS_odd_Zxy = σS_odd_Zyx 	该约束关系已在之前的操作结果中存在
	 σS_odd_Zxz = 0 	该约束关系已在之前的操作结果中存在
	 σS_odd_Zyz = 0 	该约束关系已在之前的操作结果中存在
	 σS_odd_Zzx = 0 	该约束关系已在之前的操作结果中存在
	 σS_odd_Zzy = 0 	该约束关系已在之前的操作结果中存在
	 σS_odd_Zzz = 0 	该约束关系已在之前的操作结果中存在

时间反演偶电导约束关系:
	 σC_even_xx = σC_even_yy 	该约束关系已在之前的操作结果中存在
	 σC_even_xy = 0 	该约束关系已在之前的操作结果中存在
	 σC_even_xz = 0 	该约束关系已在之前的操作结果中存在
	 σC_even_yx = 0 	该约束关系已在之前的操作结果中存在
	 σC_even_yz = 0 	该约束关系已在之前的操作结果中存在
	 σC_even_zx = 0 	该约束关系已在之前的操作结果中存在
	 σC_even_zy = 0 	该约束关系已在之前的操作结果中存在

时间反演偶自旋电导约束关系:
	 σS_even_Xxx = σS_even_Xyy 	该约束关系已在之前的操作结果中存在
	 σS_even_Xxy = -σS_even_Xyx 	该约束关系已在之前的操作结果中存在
	 σS_even_Xxz = 0 	该约束关系已在之前的操作结果中存在
	 σS_even_Xyz = 0 	该约束关系已在之前的操作结果中存在
	 σS_even_Xzx = 0 	该约束关系已在之前的操作结果中存在
	 σS_even_Xzy = 0 	该约束关系已在之前的操作结果中存在
	 σS_even_Yxx = -σS_even_Yyy 	该约束关系已在之前的操作结果中存在
	 σS_even_Yxy = σS_even_Yyx 	该约束关系已在之前的操作结果中存在
	 σS_even_Yxz = 0 	该约束关系已在之前的操作结果中存在
	 σS_even_Yyz = 0 	该约束关系已在之前的操作结果中存在
	 σS_even_Yzx = 0 	该约束关系已在之前的操作结果中存在
	 σS_even_Yzy = 0 	该约束关系已在之前的操作结果中存在
	 σS_even_Yzz = 0 	该约束关系已在之前的操作结果中存在
	 σS_even_Zxx = -σS_even_Zyy 	该约束关系已在之前的操作结果中存在
	 σS_even_Zxy = σS_even_Zyx 	该约束关系已在之前的操作结果中存在
	 σS_even_Zxz = 0 	该约束关系已在之前的操作结果中存在
	 σS_even_Zyz = 0 	该约束关系已在之前的操作结果中存在
	 σS_even_Zzx = 0 	该约束关系已在之前的操作结果中存在
	 σS_even_Zzy = 0 	该约束关系已在之前的操作结果中存在
	 σS_even_Zzz = 0 	该约束关系已在之前的操作结果中存在
================================================================================ 

第29个操作:
	R_spin_Frac is Matrix([[-1, 0, 0], [0, -1, 0], [0, 0, -1]])
	R_space_Frac is Matrix([[0, -1, 0], [1, 0, 0], [0, 0, -1]])                
	R_spin_Cart is Matrix([[-1, 0, 0], [0, -1, 0], [0, 0, -1]])
	R_space_Cart is Matrix([[0, -1, 0], [1, 0, 0], [0, 0, -1]])                
	Translate is Matrix([[1/2], [1/2], [1/2]])
R_spin = Matrix([[1, 0, 0], [0, 1, 0], [0, 0, 1]])*Matrix([[-1, 0, 0], [0, -1, 0], [0, 0, -1]]),                            
R_space = Matrix([[-1, 0, 0], [0, -1, 0], [0, 0, -1]])*Matrix([[0, 1, 0], [-1, 0, 0], [0, 0, 1]]),                            
是第4个生成元操作和第14个生成元操作的乘积，故不是生成元
================================================================================ 

第30个操作:
	R_spin_Frac is Matrix([[-1, 0, 0], [0, 1, 0], [0, 0, -1]])
	R_space_Frac is Matrix([[0, -1, 0], [1, 0, 0], [0, 0, -1]])                
	R_spin_Cart is Matrix([[-1, 0, 0], [0, 1, 0], [0, 0, -1]])
	R_space_Cart is Matrix([[0, -1, 0], [1, 0, 0], [0, 0, -1]])                
	Translate is Matrix([[1/2], [1/2], [1/2]])
第16个生成元操作

时间反演奇电导约束关系:
	 σC_odd_xx = 0 	该约束关系已在之前的操作结果中存在
	 σC_odd_xy = -σC_odd_yx 	该约束关系已在之前的操作结果中存在
	 σC_odd_xz = 0 	该约束关系已在之前的操作结果中存在
	 σC_odd_yy = 0 	该约束关系已在之前的操作结果中存在
	 σC_odd_yz = 0 	该约束关系已在之前的操作结果中存在
	 σC_odd_zx = 0 	该约束关系已在之前的操作结果中存在
	 σC_odd_zy = 0 	该约束关系已在之前的操作结果中存在
	 σC_odd_zz = 0 	该约束关系已在之前的操作结果中存在

时间反演奇自旋电导约束关系:
	 σS_odd_Xxx = -σS_odd_Xyy 	该约束关系已在之前的操作结果中存在
	 σS_odd_Xxy = σS_odd_Xyx 	该约束关系已在之前的操作结果中存在
	 σS_odd_Xxz = 0 	该约束关系已在之前的操作结果中存在
	 σS_odd_Xyz = 0 	该约束关系已在之前的操作结果中存在
	 σS_odd_Xzx = 0 	该约束关系已在之前的操作结果中存在
	 σS_odd_Xzy = 0 	该约束关系已在之前的操作结果中存在
	 σS_odd_Xzz = 0 	该约束关系已在之前的操作结果中存在
	 σS_odd_Yxx = σS_odd_Yyy 	该约束关系已在之前的操作结果中存在
	 σS_odd_Yxy = -σS_odd_Yyx 	该约束关系已在之前的操作结果中存在
	 σS_odd_Yxz = 0 	该约束关系已在之前的操作结果中存在
	 σS_odd_Yyz = 0 	该约束关系已在之前的操作结果中存在
	 σS_odd_Yzx = 0 	该约束关系已在之前的操作结果中存在
	 σS_odd_Yzy = 0 	该约束关系已在之前的操作结果中存在
	 σS_odd_Zxx = -σS_odd_Zyy 	该约束关系已在之前的操作结果中存在
	 σS_odd_Zxy = σS_odd_Zyx 	该约束关系已在之前的操作结果中存在
	 σS_odd_Zxz = 0 	该约束关系已在之前的操作结果中存在
	 σS_odd_Zyz = 0 	该约束关系已在之前的操作结果中存在
	 σS_odd_Zzx = 0 	该约束关系已在之前的操作结果中存在
	 σS_odd_Zzy = 0 	该约束关系已在之前的操作结果中存在
	 σS_odd_Zzz = 0 	该约束关系已在之前的操作结果中存在

时间反演偶电导约束关系:
	 σC_even_xx = σC_even_yy 	该约束关系已在之前的操作结果中存在
	 σC_even_xy = 0 	该约束关系已在之前的操作结果中存在
	 σC_even_xz = 0 	该约束关系已在之前的操作结果中存在
	 σC_even_yx = 0 	该约束关系已在之前的操作结果中存在
	 σC_even_yz = 0 	该约束关系已在之前的操作结果中存在
	 σC_even_zx = 0 	该约束关系已在之前的操作结果中存在
	 σC_even_zy = 0 	该约束关系已在之前的操作结果中存在

时间反演偶自旋电导约束关系:
	 σS_even_Xxx = -σS_even_Xyy 	该约束关系已在之前的操作结果中存在
	 σS_even_Xxy = σS_even_Xyx 	该约束关系已在之前的操作结果中存在
	 σS_even_Xxz = 0 	该约束关系已在之前的操作结果中存在
	 σS_even_Xyz = 0 	该约束关系已在之前的操作结果中存在
	 σS_even_Xzx = 0 	该约束关系已在之前的操作结果中存在
	 σS_even_Xzy = 0 	该约束关系已在之前的操作结果中存在
	 σS_even_Xzz = 0 	该约束关系已在之前的操作结果中存在
	 σS_even_Yxx = σS_even_Yyy 	该约束关系已在之前的操作结果中存在
	 σS_even_Yxy = -σS_even_Yyx 	该约束关系已在之前的操作结果中存在
	 σS_even_Yxz = 0 	该约束关系已在之前的操作结果中存在
	 σS_even_Yyz = 0 	该约束关系已在之前的操作结果中存在
	 σS_even_Yzx = 0 	该约束关系已在之前的操作结果中存在
	 σS_even_Yzy = 0 	该约束关系已在之前的操作结果中存在
	 σS_even_Zxx = -σS_even_Zyy 	该约束关系已在之前的操作结果中存在
	 σS_even_Zxy = σS_even_Zyx 	该约束关系已在之前的操作结果中存在
	 σS_even_Zxz = 0 	该约束关系已在之前的操作结果中存在
	 σS_even_Zyz = 0 	该约束关系已在之前的操作结果中存在
	 σS_even_Zzx = 0 	该约束关系已在之前的操作结果中存在
	 σS_even_Zzy = 0 	该约束关系已在之前的操作结果中存在
	 σS_even_Zzz = 0 	该约束关系已在之前的操作结果中存在
================================================================================ 

第31个操作:
	R_spin_Frac is Matrix([[1, 0, 0], [0, 1, 0], [0, 0, -1]])
	R_space_Frac is Matrix([[0, -1, 0], [1, 0, 0], [0, 0, -1]])                
	R_spin_Cart is Matrix([[1, 0, 0], [0, 1, 0], [0, 0, -1]])
	R_space_Cart is Matrix([[0, -1, 0], [1, 0, 0], [0, 0, -1]])                
	Translate is Matrix([[1/2], [1/2], [1/2]])
第17个生成元操作

时间反演奇电导约束关系:
	 σC_odd_xx = 0 	该约束关系已在之前的操作结果中存在
	 σC_odd_xy = 0 	该约束关系已在之前的操作结果中存在
	 σC_odd_xz = 0 	该约束关系已在之前的操作结果中存在
	 σC_odd_yx = 0 	该约束关系已在之前的操作结果中存在
	 σC_odd_yy = 0 	该约束关系已在之前的操作结果中存在
	 σC_odd_yz = 0 	该约束关系已在之前的操作结果中存在
	 σC_odd_zx = 0 	该约束关系已在之前的操作结果中存在
	 σC_odd_zy = 0 	该约束关系已在之前的操作结果中存在
	 σC_odd_zz = 0 	该约束关系已在之前的操作结果中存在

时间反演奇自旋电导约束关系:
	 σS_odd_Xxx = σS_odd_Xyy 	该约束关系已在之前的操作结果中存在
	 σS_odd_Xxy = -σS_odd_Xyx 	该约束关系已在之前的操作结果中存在
	 σS_odd_Xxz = 0 	该约束关系已在之前的操作结果中存在
	 σS_odd_Xyz = 0 	该约束关系已在之前的操作结果中存在
	 σS_odd_Xzx = 0 	该约束关系已在之前的操作结果中存在
	 σS_odd_Xzy = 0 	该约束关系已在之前的操作结果中存在
	 σS_odd_Yxx = σS_odd_Yyy 	该约束关系已在之前的操作结果中存在
	 σS_odd_Yxy = -σS_odd_Yyx 	该约束关系已在之前的操作结果中存在
	 σS_odd_Yxz = 0 	该约束关系已在之前的操作结果中存在
	 σS_odd_Yyz = 0 	该约束关系已在之前的操作结果中存在
	 σS_odd_Yzx = 0 	该约束关系已在之前的操作结果中存在
	 σS_odd_Yzy = 0 	该约束关系已在之前的操作结果中存在
	 σS_odd_Zxx = -σS_odd_Zyy 	该约束关系已在之前的操作结果中存在
	 σS_odd_Zxy = σS_odd_Zyx 	该约束关系已在之前的操作结果中存在
	 σS_odd_Zxz = 0 	该约束关系已在之前的操作结果中存在
	 σS_odd_Zyz = 0 	该约束关系已在之前的操作结果中存在
	 σS_odd_Zzx = 0 	该约束关系已在之前的操作结果中存在
	 σS_odd_Zzy = 0 	该约束关系已在之前的操作结果中存在
	 σS_odd_Zzz = 0 	该约束关系已在之前的操作结果中存在

时间反演偶电导约束关系:
	 σC_even_xx = σC_even_yy 	该约束关系已在之前的操作结果中存在
	 σC_even_xy = 0 	该约束关系已在之前的操作结果中存在
	 σC_even_xz = 0 	该约束关系已在之前的操作结果中存在
	 σC_even_yx = 0 	该约束关系已在之前的操作结果中存在
	 σC_even_yz = 0 	该约束关系已在之前的操作结果中存在
	 σC_even_zx = 0 	该约束关系已在之前的操作结果中存在
	 σC_even_zy = 0 	该约束关系已在之前的操作结果中存在

时间反演偶自旋电导约束关系:
	 σS_even_Xxx = -σS_even_Xyy 	该约束关系已在之前的操作结果中存在
	 σS_even_Xxy = σS_even_Xyx 	该约束关系已在之前的操作结果中存在
	 σS_even_Xxz = 0 	该约束关系已在之前的操作结果中存在
	 σS_even_Xyz = 0 	该约束关系已在之前的操作结果中存在
	 σS_even_Xzx = 0 	该约束关系已在之前的操作结果中存在
	 σS_even_Xzy = 0 	该约束关系已在之前的操作结果中存在
	 σS_even_Xzz = 0 	该约束关系已在之前的操作结果中存在
	 σS_even_Yxx = -σS_even_Yyy 	该约束关系已在之前的操作结果中存在
	 σS_even_Yxy = σS_even_Yyx 	该约束关系已在之前的操作结果中存在
	 σS_even_Yxz = 0 	该约束关系已在之前的操作结果中存在
	 σS_even_Yyz = 0 	该约束关系已在之前的操作结果中存在
	 σS_even_Yzx = 0 	该约束关系已在之前的操作结果中存在
	 σS_even_Yzy = 0 	该约束关系已在之前的操作结果中存在
	 σS_even_Yzz = 0 	该约束关系已在之前的操作结果中存在
	 σS_even_Zxx = σS_even_Zyy 	该约束关系已在之前的操作结果中存在
	 σS_even_Zxy = -σS_even_Zyx 	该约束关系已在之前的操作结果中存在
	 σS_even_Zxz = 0 	该约束关系已在之前的操作结果中存在
	 σS_even_Zyz = 0 	该约束关系已在之前的操作结果中存在
	 σS_even_Zzx = 0 	该约束关系已在之前的操作结果中存在
	 σS_even_Zzy = 0 	该约束关系已在之前的操作结果中存在
================================================================================ 

第32个操作:
	R_spin_Frac is Matrix([[1, 0, 0], [0, -1, 0], [0, 0, -1]])
	R_space_Frac is Matrix([[0, -1, 0], [1, 0, 0], [0, 0, -1]])                
	R_spin_Cart is Matrix([[1, 0, 0], [0, -1, 0], [0, 0, -1]])
	R_space_Cart is Matrix([[0, -1, 0], [1, 0, 0], [0, 0, -1]])                
	Translate is Matrix([[1/2], [1/2], [1/2]])
R_spin = Matrix([[1, 0, 0], [0, -1, 0], [0, 0, 1]])*Matrix([[1, 0, 0], [0, 1, 0], [0, 0, -1]]),                            
R_space = Matrix([[1, 0, 0], [0, 1, 0], [0, 0, 1]])*Matrix([[0, -1, 0], [1, 0, 0], [0, 0, -1]]),                            
是第2个生成元操作和第17个生成元操作的乘积，故不是生成元
================================================================================ 

第33个操作:
	R_spin_Frac is Matrix([[-1, 0, 0], [0, -1, 0], [0, 0, -1]])
	R_space_Frac is Matrix([[1, 0, 0], [0, -1, 0], [0, 0, -1]])                
	R_spin_Cart is Matrix([[-1, 0, 0], [0, -1, 0], [0, 0, -1]])
	R_space_Cart is Matrix([[1, 0, 0], [0, -1, 0], [0, 0, -1]])                
	Translate is Matrix([[1/2], [1/2], [1/2]])
第18个生成元操作

时间反演奇电导约束关系:
	 σC_odd_xx = 0 	该约束关系已在之前的操作结果中存在
	 σC_odd_xy = -σC_odd_yx 	该约束关系已在之前的操作结果中存在
	 σC_odd_xz = -σC_odd_zx 	该约束关系已在之前的操作结果中存在
	 σC_odd_yy = 0 	该约束关系已在之前的操作结果中存在
	 σC_odd_yz = 0 	该约束关系已在之前的操作结果中存在
	 σC_odd_zy = 0 	该约束关系已在之前的操作结果中存在
	 σC_odd_zz = 0 	该约束关系已在之前的操作结果中存在

时间反演奇自旋电导约束关系:
	 σS_odd_Xxx = 0 	该约束关系已在之前的操作结果中存在
	 σS_odd_Xyy = 0 	该约束关系已在之前的操作结果中存在
	 σS_odd_Xyz = 0 	该约束关系已在之前的操作结果中存在
	 σS_odd_Xzy = 0 	该约束关系已在之前的操作结果中存在
	 σS_odd_Xzz = 0 	该约束关系已在之前的操作结果中存在
	 σS_odd_Yxx = 0 	该约束关系已在之前的操作结果中存在
	 σS_odd_Yyy = 0 	该约束关系已在之前的操作结果中存在
	 σS_odd_Yyz = 0 	该约束关系已在之前的操作结果中存在
	 σS_odd_Yzy = 0 	该约束关系已在之前的操作结果中存在
	 σS_odd_Yzz = 0 	该约束关系已在之前的操作结果中存在
	 σS_odd_Zxx = 0
	 σS_odd_Zyy = 0
	 σS_odd_Zyz = 0 	该约束关系已在之前的操作结果中存在
	 σS_odd_Zzy = 0 	该约束关系已在之前的操作结果中存在
	 σS_odd_Zzz = 0 	该约束关系已在之前的操作结果中存在

时间反演偶电导约束关系:
	 σC_even_xy = 0 	该约束关系已在之前的操作结果中存在
	 σC_even_xz = 0 	该约束关系已在之前的操作结果中存在
	 σC_even_yx = 0 	该约束关系已在之前的操作结果中存在
	 σC_even_yz = σC_even_zy 	该约束关系已在之前的操作结果中存在
	 σC_even_zx = 0 	该约束关系已在之前的操作结果中存在

时间反演偶自旋电导约束关系:
	 σS_even_Xxy = 0 	该约束关系已在之前的操作结果中存在
	 σS_even_Xxz = 0 	该约束关系已在之前的操作结果中存在
	 σS_even_Xyx = 0 	该约束关系已在之前的操作结果中存在
	 σS_even_Xzx = 0 	该约束关系已在之前的操作结果中存在
	 σS_even_Yxy = 0 	该约束关系已在之前的操作结果中存在
	 σS_even_Yxz = 0 	该约束关系已在之前的操作结果中存在
	 σS_even_Yyx = 0 	该约束关系已在之前的操作结果中存在
	 σS_even_Yzx = 0 	该约束关系已在之前的操作结果中存在
	 σS_even_Zxy = 0 	该约束关系已在之前的操作结果中存在
	 σS_even_Zxz = 0 	该约束关系已在之前的操作结果中存在
	 σS_even_Zyx = 0 	该约束关系已在之前的操作结果中存在
	 σS_even_Zzx = 0 	该约束关系已在之前的操作结果中存在
================================================================================ 

第34个操作:
	R_spin_Frac is Matrix([[-1, 0, 0], [0, 1, 0], [0, 0, -1]])
	R_space_Frac is Matrix([[1, 0, 0], [0, -1, 0], [0, 0, -1]])                
	R_spin_Cart is Matrix([[-1, 0, 0], [0, 1, 0], [0, 0, -1]])
	R_space_Cart is Matrix([[1, 0, 0], [0, -1, 0], [0, 0, -1]])                
	Translate is Matrix([[1/2], [1/2], [1/2]])
R_spin = Matrix([[1, 0, 0], [0, -1, 0], [0, 0, 1]])*Matrix([[-1, 0, 0], [0, -1, 0], [0, 0, -1]]),                            
R_space = Matrix([[1, 0, 0], [0, 1, 0], [0, 0, 1]])*Matrix([[1, 0, 0], [0, -1, 0], [0, 0, -1]]),                            
是第2个生成元操作和第18个生成元操作的乘积，故不是生成元
================================================================================ 

第35个操作:
	R_spin_Frac is Matrix([[1, 0, 0], [0, 1, 0], [0, 0, -1]])
	R_space_Frac is Matrix([[1, 0, 0], [0, -1, 0], [0, 0, -1]])                
	R_spin_Cart is Matrix([[1, 0, 0], [0, 1, 0], [0, 0, -1]])
	R_space_Cart is Matrix([[1, 0, 0], [0, -1, 0], [0, 0, -1]])                
	Translate is Matrix([[1/2], [1/2], [1/2]])
R_spin = Matrix([[-1, 0, 0], [0, -1, 0], [0, 0, 1]])*Matrix([[-1, 0, 0], [0, -1, 0], [0, 0, -1]]),                            
R_space = Matrix([[1, 0, 0], [0, 1, 0], [0, 0, 1]])*Matrix([[1, 0, 0], [0, -1, 0], [0, 0, -1]]),                            
是第3个生成元操作和第18个生成元操作的乘积，故不是生成元
================================================================================ 

第36个操作:
	R_spin_Frac is Matrix([[1, 0, 0], [0, -1, 0], [0, 0, -1]])
	R_space_Frac is Matrix([[1, 0, 0], [0, -1, 0], [0, 0, -1]])                
	R_spin_Cart is Matrix([[1, 0, 0], [0, -1, 0], [0, 0, -1]])
	R_space_Cart is Matrix([[1, 0, 0], [0, -1, 0], [0, 0, -1]])                
	Translate is Matrix([[1/2], [1/2], [1/2]])
第19个生成元操作

时间反演奇电导约束关系:
	 σC_odd_xx = 0 	该约束关系已在之前的操作结果中存在
	 σC_odd_xy = 0 	该约束关系已在之前的操作结果中存在
	 σC_odd_xz = 0 	该约束关系已在之前的操作结果中存在
	 σC_odd_yx = 0 	该约束关系已在之前的操作结果中存在
	 σC_odd_yy = 0 	该约束关系已在之前的操作结果中存在
	 σC_odd_yz = -σC_odd_zy 	该约束关系已在之前的操作结果中存在
	 σC_odd_zx = 0 	该约束关系已在之前的操作结果中存在
	 σC_odd_zz = 0 	该约束关系已在之前的操作结果中存在

时间反演奇自旋电导约束关系:
	 σS_odd_Xxy = 0 	该约束关系已在之前的操作结果中存在
	 σS_odd_Xxz = 0 	该约束关系已在之前的操作结果中存在
	 σS_odd_Xyx = 0 	该约束关系已在之前的操作结果中存在
	 σS_odd_Xzx = 0 	该约束关系已在之前的操作结果中存在
	 σS_odd_Yxx = 0 	该约束关系已在之前的操作结果中存在
	 σS_odd_Yyy = 0 	该约束关系已在之前的操作结果中存在
	 σS_odd_Yyz = 0 	该约束关系已在之前的操作结果中存在
	 σS_odd_Yzy = 0 	该约束关系已在之前的操作结果中存在
	 σS_odd_Yzz = 0 	该约束关系已在之前的操作结果中存在
	 σS_odd_Zxx = 0 	该约束关系已在之前的操作结果中存在
	 σS_odd_Zyy = 0 	该约束关系已在之前的操作结果中存在
	 σS_odd_Zyz = 0 	该约束关系已在之前的操作结果中存在
	 σS_odd_Zzy = 0 	该约束关系已在之前的操作结果中存在
	 σS_odd_Zzz = 0 	该约束关系已在之前的操作结果中存在

时间反演偶电导约束关系:
	 σC_even_xy = 0 	该约束关系已在之前的操作结果中存在
	 σC_even_xz = 0 	该约束关系已在之前的操作结果中存在
	 σC_even_yx = 0 	该约束关系已在之前的操作结果中存在
	 σC_even_yz = σC_even_zy 	该约束关系已在之前的操作结果中存在
	 σC_even_zx = 0 	该约束关系已在之前的操作结果中存在

时间反演偶自旋电导约束关系:
	 σS_even_Xxy = 0 	该约束关系已在之前的操作结果中存在
	 σS_even_Xxz = 0 	该约束关系已在之前的操作结果中存在
	 σS_even_Xyx = 0 	该约束关系已在之前的操作结果中存在
	 σS_even_Xzx = 0 	该约束关系已在之前的操作结果中存在
	 σS_even_Yxx = 0 	该约束关系已在之前的操作结果中存在
	 σS_even_Yyy = 0 	该约束关系已在之前的操作结果中存在
	 σS_even_Yyz = 0 	该约束关系已在之前的操作结果中存在
	 σS_even_Yzy = 0 	该约束关系已在之前的操作结果中存在
	 σS_even_Yzz = 0 	该约束关系已在之前的操作结果中存在
	 σS_even_Zxx = 0 	该约束关系已在之前的操作结果中存在
	 σS_even_Zyy = 0 	该约束关系已在之前的操作结果中存在
	 σS_even_Zyz = 0 	该约束关系已在之前的操作结果中存在
	 σS_even_Zzy = 0 	该约束关系已在之前的操作结果中存在
	 σS_even_Zzz = 0 	该约束关系已在之前的操作结果中存在
================================================================================ 

第37个操作:
	R_spin_Frac is Matrix([[-1, 0, 0], [0, -1, 0], [0, 0, -1]])
	R_space_Frac is Matrix([[-1, 0, 0], [0, 1, 0], [0, 0, 1]])                
	R_spin_Cart is Matrix([[-1, 0, 0], [0, -1, 0], [0, 0, -1]])
	R_space_Cart is Matrix([[-1, 0, 0], [0, 1, 0], [0, 0, 1]])                
	Translate is Matrix([[1/2], [1/2], [1/2]])
R_spin = Matrix([[1, 0, 0], [0, 1, 0], [0, 0, 1]])*Matrix([[-1, 0, 0], [0, -1, 0], [0, 0, -1]]),                            
R_space = Matrix([[-1, 0, 0], [0, -1, 0], [0, 0, -1]])*Matrix([[1, 0, 0], [0, -1, 0], [0, 0, -1]]),                            
是第4个生成元操作和第18个生成元操作的乘积，故不是生成元
================================================================================ 

第38个操作:
	R_spin_Frac is Matrix([[-1, 0, 0], [0, 1, 0], [0, 0, -1]])
	R_space_Frac is Matrix([[-1, 0, 0], [0, 1, 0], [0, 0, 1]])                
	R_spin_Cart is Matrix([[-1, 0, 0], [0, 1, 0], [0, 0, -1]])
	R_space_Cart is Matrix([[-1, 0, 0], [0, 1, 0], [0, 0, 1]])                
	Translate is Matrix([[1/2], [1/2], [1/2]])
第20个生成元操作

时间反演奇电导约束关系:
	 σC_odd_xx = 0 	该约束关系已在之前的操作结果中存在
	 σC_odd_xy = 0 	该约束关系已在之前的操作结果中存在
	 σC_odd_xz = 0 	该约束关系已在之前的操作结果中存在
	 σC_odd_yx = 0 	该约束关系已在之前的操作结果中存在
	 σC_odd_yy = 0 	该约束关系已在之前的操作结果中存在
	 σC_odd_yz = -σC_odd_zy 	该约束关系已在之前的操作结果中存在
	 σC_odd_zx = 0 	该约束关系已在之前的操作结果中存在
	 σC_odd_zz = 0 	该约束关系已在之前的操作结果中存在

时间反演奇自旋电导约束关系:
	 σS_odd_Xxx = 0 	该约束关系已在之前的操作结果中存在
	 σS_odd_Xyy = 0 	该约束关系已在之前的操作结果中存在
	 σS_odd_Xyz = 0 	该约束关系已在之前的操作结果中存在
	 σS_odd_Xzy = 0 	该约束关系已在之前的操作结果中存在
	 σS_odd_Xzz = 0 	该约束关系已在之前的操作结果中存在
	 σS_odd_Yxy = 0 	该约束关系已在之前的操作结果中存在
	 σS_odd_Yxz = 0 	该约束关系已在之前的操作结果中存在
	 σS_odd_Yyx = 0 	该约束关系已在之前的操作结果中存在
	 σS_odd_Yzx = 0 	该约束关系已在之前的操作结果中存在
	 σS_odd_Zxx = 0 	该约束关系已在之前的操作结果中存在
	 σS_odd_Zyy = 0 	该约束关系已在之前的操作结果中存在
	 σS_odd_Zyz = 0 	该约束关系已在之前的操作结果中存在
	 σS_odd_Zzy = 0 	该约束关系已在之前的操作结果中存在
	 σS_odd_Zzz = 0 	该约束关系已在之前的操作结果中存在

时间反演偶电导约束关系:
	 σC_even_xy = 0 	该约束关系已在之前的操作结果中存在
	 σC_even_xz = 0 	该约束关系已在之前的操作结果中存在
	 σC_even_yx = 0 	该约束关系已在之前的操作结果中存在
	 σC_even_yz = σC_even_zy 	该约束关系已在之前的操作结果中存在
	 σC_even_zx = 0 	该约束关系已在之前的操作结果中存在

时间反演偶自旋电导约束关系:
	 σS_even_Xxx = 0 	该约束关系已在之前的操作结果中存在
	 σS_even_Xyy = 0 	该约束关系已在之前的操作结果中存在
	 σS_even_Xyz = 0 	该约束关系已在之前的操作结果中存在
	 σS_even_Xzy = 0 	该约束关系已在之前的操作结果中存在
	 σS_even_Xzz = 0 	该约束关系已在之前的操作结果中存在
	 σS_even_Yxy = 0 	该约束关系已在之前的操作结果中存在
	 σS_even_Yxz = 0 	该约束关系已在之前的操作结果中存在
	 σS_even_Yyx = 0 	该约束关系已在之前的操作结果中存在
	 σS_even_Yzx = 0 	该约束关系已在之前的操作结果中存在
	 σS_even_Zxx = 0 	该约束关系已在之前的操作结果中存在
	 σS_even_Zyy = 0 	该约束关系已在之前的操作结果中存在
	 σS_even_Zyz = 0 	该约束关系已在之前的操作结果中存在
	 σS_even_Zzy = 0 	该约束关系已在之前的操作结果中存在
	 σS_even_Zzz = 0 	该约束关系已在之前的操作结果中存在
================================================================================ 

第39个操作:
	R_spin_Frac is Matrix([[1, 0, 0], [0, 1, 0], [0, 0, -1]])
	R_space_Frac is Matrix([[-1, 0, 0], [0, 1, 0], [0, 0, 1]])                
	R_spin_Cart is Matrix([[1, 0, 0], [0, 1, 0], [0, 0, -1]])
	R_space_Cart is Matrix([[-1, 0, 0], [0, 1, 0], [0, 0, 1]])                
	Translate is Matrix([[1/2], [1/2], [1/2]])
第21个生成元操作

时间反演奇电导约束关系:
	 σC_odd_xx = 0 	该约束关系已在之前的操作结果中存在
	 σC_odd_xy = -σC_odd_yx 	该约束关系已在之前的操作结果中存在
	 σC_odd_xz = -σC_odd_zx 	该约束关系已在之前的操作结果中存在
	 σC_odd_yy = 0 	该约束关系已在之前的操作结果中存在
	 σC_odd_yz = 0 	该约束关系已在之前的操作结果中存在
	 σC_odd_zy = 0 	该约束关系已在之前的操作结果中存在
	 σC_odd_zz = 0 	该约束关系已在之前的操作结果中存在

时间反演奇自旋电导约束关系:
	 σS_odd_Xxy = 0 	该约束关系已在之前的操作结果中存在
	 σS_odd_Xxz = 0 	该约束关系已在之前的操作结果中存在
	 σS_odd_Xyx = 0 	该约束关系已在之前的操作结果中存在
	 σS_odd_Xzx = 0 	该约束关系已在之前的操作结果中存在
	 σS_odd_Yxy = 0 	该约束关系已在之前的操作结果中存在
	 σS_odd_Yxz = 0 	该约束关系已在之前的操作结果中存在
	 σS_odd_Yyx = 0 	该约束关系已在之前的操作结果中存在
	 σS_odd_Yzx = 0 	该约束关系已在之前的操作结果中存在
	 σS_odd_Zxx = 0 	该约束关系已在之前的操作结果中存在
	 σS_odd_Zyy = 0 	该约束关系已在之前的操作结果中存在
	 σS_odd_Zyz = 0 	该约束关系已在之前的操作结果中存在
	 σS_odd_Zzy = 0 	该约束关系已在之前的操作结果中存在
	 σS_odd_Zzz = 0 	该约束关系已在之前的操作结果中存在

时间反演偶电导约束关系:
	 σC_even_xy = 0 	该约束关系已在之前的操作结果中存在
	 σC_even_xz = 0 	该约束关系已在之前的操作结果中存在
	 σC_even_yx = 0 	该约束关系已在之前的操作结果中存在
	 σC_even_yz = σC_even_zy 	该约束关系已在之前的操作结果中存在
	 σC_even_zx = 0 	该约束关系已在之前的操作结果中存在

时间反演偶自旋电导约束关系:
	 σS_even_Xxx = 0 	该约束关系已在之前的操作结果中存在
	 σS_even_Xyy = 0 	该约束关系已在之前的操作结果中存在
	 σS_even_Xyz = 0 	该约束关系已在之前的操作结果中存在
	 σS_even_Xzy = 0 	该约束关系已在之前的操作结果中存在
	 σS_even_Xzz = 0 	该约束关系已在之前的操作结果中存在
	 σS_even_Yxx = 0 	该约束关系已在之前的操作结果中存在
	 σS_even_Yyy = 0 	该约束关系已在之前的操作结果中存在
	 σS_even_Yyz = 0 	该约束关系已在之前的操作结果中存在
	 σS_even_Yzy = 0 	该约束关系已在之前的操作结果中存在
	 σS_even_Yzz = 0 	该约束关系已在之前的操作结果中存在
	 σS_even_Zxy = 0 	该约束关系已在之前的操作结果中存在
	 σS_even_Zxz = 0 	该约束关系已在之前的操作结果中存在
	 σS_even_Zyx = 0 	该约束关系已在之前的操作结果中存在
	 σS_even_Zzx = 0 	该约束关系已在之前的操作结果中存在
================================================================================ 

第40个操作:
	R_spin_Frac is Matrix([[1, 0, 0], [0, -1, 0], [0, 0, -1]])
	R_space_Frac is Matrix([[-1, 0, 0], [0, 1, 0], [0, 0, 1]])                
	R_spin_Cart is Matrix([[1, 0, 0], [0, -1, 0], [0, 0, -1]])
	R_space_Cart is Matrix([[-1, 0, 0], [0, 1, 0], [0, 0, 1]])                
	Translate is Matrix([[1/2], [1/2], [1/2]])
R_spin = Matrix([[1, 0, 0], [0, -1, 0], [0, 0, 1]])*Matrix([[1, 0, 0], [0, 1, 0], [0, 0, -1]]),                            
R_space = Matrix([[1, 0, 0], [0, 1, 0], [0, 0, 1]])*Matrix([[-1, 0, 0], [0, 1, 0], [0, 0, 1]]),                            
是第2个生成元操作和第21个生成元操作的乘积，故不是生成元
================================================================================ 

第41个操作:
	R_spin_Frac is Matrix([[1, 0, 0], [0, 1, 0], [0, 0, 1]])
	R_space_Frac is Matrix([[0, -1, 0], [-1, 0, 0], [0, 0, -1]])                
	R_spin_Cart is Matrix([[1, 0, 0], [0, 1, 0], [0, 0, 1]])
	R_space_Cart is Matrix([[0, -1, 0], [-1, 0, 0], [0, 0, -1]])                
	Translate is Matrix([[0], [0], [0]])
R_spin = Matrix([[-1, 0, 0], [0, -1, 0], [0, 0, -1]])*Matrix([[-1, 0, 0], [0, -1, 0], [0, 0, -1]]),                            
R_space = Matrix([[0, 1, 0], [-1, 0, 0], [0, 0, 1]])*Matrix([[1, 0, 0], [0, -1, 0], [0, 0, -1]]),                            
是第14个生成元操作和第18个生成元操作的乘积，故不是生成元
================================================================================ 

第42个操作:
	R_spin_Frac is Matrix([[1, 0, 0], [0, -1, 0], [0, 0, 1]])
	R_space_Frac is Matrix([[0, -1, 0], [-1, 0, 0], [0, 0, -1]])                
	R_spin_Cart is Matrix([[1, 0, 0], [0, -1, 0], [0, 0, 1]])
	R_space_Cart is Matrix([[0, -1, 0], [-1, 0, 0], [0, 0, -1]])                
	Translate is Matrix([[0], [0], [0]])
第22个生成元操作

时间反演奇电导约束关系:
	 σC_odd_xx = 0 	该约束关系已在之前的操作结果中存在
	 σC_odd_xy = -σC_odd_yx 	该约束关系已在之前的操作结果中存在
	 σC_odd_xz = σC_odd_zy
	 σC_odd_yy = 0 	该约束关系已在之前的操作结果中存在
	 σC_odd_yz = -σC_odd_zy 	该约束关系已在之前的操作结果中存在
	 σC_odd_zx = -σC_odd_zy
	 σC_odd_zz = 0 	该约束关系已在之前的操作结果中存在

时间反演奇自旋电导约束关系:
	 σS_odd_Xxx = σS_odd_Xyy 	该约束关系已在之前的操作结果中存在
	 σS_odd_Xxy = σS_odd_Xyx 	该约束关系已在之前的操作结果中存在
	 σS_odd_Xxz = σS_odd_Xyz
	 σS_odd_Xzx = σS_odd_Xzy
	 σS_odd_Yxx = -σS_odd_Yyy 	该约束关系已在之前的操作结果中存在
	 σS_odd_Yxy = -σS_odd_Yyx 	该约束关系已在之前的操作结果中存在
	 σS_odd_Yxz = -σS_odd_Yyz
	 σS_odd_Yzx = -σS_odd_Yzy
	 σS_odd_Yzz = 0 	该约束关系已在之前的操作结果中存在
	 σS_odd_Zxx = σS_odd_Zyy
	 σS_odd_Zxy = σS_odd_Zyx 	该约束关系已在之前的操作结果中存在
	 σS_odd_Zxz = σS_odd_Zyz
	 σS_odd_Zzx = σS_odd_Zzy

时间反演偶电导约束关系:
	 σC_even_xx = σC_even_yy 	该约束关系已在之前的操作结果中存在
	 σC_even_xy = σC_even_yx 	该约束关系已在之前的操作结果中存在
	 σC_even_xz = σC_even_zy
	 σC_even_yz = σC_even_zy 	该约束关系已在之前的操作结果中存在
	 σC_even_zx = σC_even_zy

时间反演偶自旋电导约束关系:
	 σS_even_Xxx = -σS_even_Xyy 	该约束关系已在之前的操作结果中存在
	 σS_even_Xxy = -σS_even_Xyx 	该约束关系已在之前的操作结果中存在
	 σS_even_Xxz = -σS_even_Xyz
	 σS_even_Xzx = -σS_even_Xzy
	 σS_even_Xzz = 0 	该约束关系已在之前的操作结果中存在
	 σS_even_Yxx = σS_even_Yyy 	该约束关系已在之前的操作结果中存在
	 σS_even_Yxy = σS_even_Yyx 	该约束关系已在之前的操作结果中存在
	 σS_even_Yxz = σS_even_Yyz
	 σS_even_Yzx = σS_even_Yzy
	 σS_even_Zxx = -σS_even_Zyy 	该约束关系已在之前的操作结果中存在
	 σS_even_Zxy = -σS_even_Zyx 	该约束关系已在之前的操作结果中存在
	 σS_even_Zxz = -σS_even_Zyz
	 σS_even_Zzx = -σS_even_Zzy
	 σS_even_Zzz = 0 	该约束关系已在之前的操作结果中存在
================================================================================ 

第43个操作:
	R_spin_Frac is Matrix([[-1, 0, 0], [0, -1, 0], [0, 0, 1]])
	R_space_Frac is Matrix([[0, -1, 0], [-1, 0, 0], [0, 0, -1]])                
	R_spin_Cart is Matrix([[-1, 0, 0], [0, -1, 0], [0, 0, 1]])
	R_space_Cart is Matrix([[0, -1, 0], [-1, 0, 0], [0, 0, -1]])                
	Translate is Matrix([[0], [0], [0]])
第23个生成元操作

时间反演奇电导约束关系:
	 σC_odd_xx = 0 	该约束关系已在之前的操作结果中存在
	 σC_odd_xy = 0 	该约束关系已在之前的操作结果中存在
	 σC_odd_xz = -σC_odd_zy
	 σC_odd_yx = 0 	该约束关系已在之前的操作结果中存在
	 σC_odd_yy = 0 	该约束关系已在之前的操作结果中存在
	 σC_odd_yz = -σC_odd_zy 	该约束关系已在之前的操作结果中存在
	 σC_odd_zx = σC_odd_zy
	 σC_odd_zz = 0 	该约束关系已在之前的操作结果中存在

时间反演奇自旋电导约束关系:
	 σS_odd_Xxx = -σS_odd_Xyy 	该约束关系已在之前的操作结果中存在
	 σS_odd_Xxy = -σS_odd_Xyx 	该约束关系已在之前的操作结果中存在
	 σS_odd_Xxz = -σS_odd_Xyz
	 σS_odd_Xzx = -σS_odd_Xzy
	 σS_odd_Xzz = 0 	该约束关系已在之前的操作结果中存在
	 σS_odd_Yxx = -σS_odd_Yyy 	该约束关系已在之前的操作结果中存在
	 σS_odd_Yxy = -σS_odd_Yyx 	该约束关系已在之前的操作结果中存在
	 σS_odd_Yxz = -σS_odd_Yyz 	该约束关系已在之前的操作结果中存在
	 σS_odd_Yzx = -σS_odd_Yzy 	该约束关系已在之前的操作结果中存在
	 σS_odd_Yzz = 0 	该约束关系已在之前的操作结果中存在
	 σS_odd_Zxx = σS_odd_Zyy 	该约束关系已在之前的操作结果中存在
	 σS_odd_Zxy = σS_odd_Zyx 	该约束关系已在之前的操作结果中存在
	 σS_odd_Zxz = σS_odd_Zyz 	该约束关系已在之前的操作结果中存在
	 σS_odd_Zzx = σS_odd_Zzy 	该约束关系已在之前的操作结果中存在

时间反演偶电导约束关系:
	 σC_even_xx = σC_even_yy 	该约束关系已在之前的操作结果中存在
	 σC_even_xy = σC_even_yx 	该约束关系已在之前的操作结果中存在
	 σC_even_xz = σC_even_zy 	该约束关系已在之前的操作结果中存在
	 σC_even_yz = σC_even_zy 	该约束关系已在之前的操作结果中存在
	 σC_even_zx = σC_even_zy 	该约束关系已在之前的操作结果中存在

时间反演偶自旋电导约束关系:
	 σS_even_Xxx = -σS_even_Xyy 	该约束关系已在之前的操作结果中存在
	 σS_even_Xxy = -σS_even_Xyx 	该约束关系已在之前的操作结果中存在
	 σS_even_Xxz = -σS_even_Xyz 	该约束关系已在之前的操作结果中存在
	 σS_even_Xzx = -σS_even_Xzy 	该约束关系已在之前的操作结果中存在
	 σS_even_Xzz = 0 	该约束关系已在之前的操作结果中存在
	 σS_even_Yxx = -σS_even_Yyy 	该约束关系已在之前的操作结果中存在
	 σS_even_Yxy = -σS_even_Yyx 	该约束关系已在之前的操作结果中存在
	 σS_even_Yxz = -σS_even_Yyz
	 σS_even_Yzx = -σS_even_Yzy
	 σS_even_Yzz = 0 	该约束关系已在之前的操作结果中存在
	 σS_even_Zxx = σS_even_Zyy 	该约束关系已在之前的操作结果中存在
	 σS_even_Zxy = σS_even_Zyx 	该约束关系已在之前的操作结果中存在
	 σS_even_Zxz = σS_even_Zyz
	 σS_even_Zzx = σS_even_Zzy
================================================================================ 

第44个操作:
	R_spin_Frac is Matrix([[-1, 0, 0], [0, 1, 0], [0, 0, 1]])
	R_space_Frac is Matrix([[0, -1, 0], [-1, 0, 0], [0, 0, -1]])                
	R_spin_Cart is Matrix([[-1, 0, 0], [0, 1, 0], [0, 0, 1]])
	R_space_Cart is Matrix([[0, -1, 0], [-1, 0, 0], [0, 0, -1]])                
	Translate is Matrix([[0], [0], [0]])
R_spin = Matrix([[1, 0, 0], [0, -1, 0], [0, 0, 1]])*Matrix([[-1, 0, 0], [0, -1, 0], [0, 0, 1]]),                            
R_space = Matrix([[1, 0, 0], [0, 1, 0], [0, 0, 1]])*Matrix([[0, -1, 0], [-1, 0, 0], [0, 0, -1]]),                            
是第2个生成元操作和第23个生成元操作的乘积，故不是生成元
================================================================================ 

第45个操作:
	R_spin_Frac is Matrix([[1, 0, 0], [0, 1, 0], [0, 0, 1]])
	R_space_Frac is Matrix([[0, 1, 0], [1, 0, 0], [0, 0, 1]])                
	R_spin_Cart is Matrix([[1, 0, 0], [0, 1, 0], [0, 0, 1]])
	R_space_Cart is Matrix([[0, 1, 0], [1, 0, 0], [0, 0, 1]])                
	Translate is Matrix([[0], [0], [0]])
第24个生成元操作

时间反演奇电导约束关系:
	 σC_odd_xx = 0 	该约束关系已在之前的操作结果中存在
	 σC_odd_xy = 0 	该约束关系已在之前的操作结果中存在
	 σC_odd_xz = -σC_odd_zy 	该约束关系已在之前的操作结果中存在
	 σC_odd_yx = 0 	该约束关系已在之前的操作结果中存在
	 σC_odd_yy = 0 	该约束关系已在之前的操作结果中存在
	 σC_odd_yz = -σC_odd_zy 	该约束关系已在之前的操作结果中存在
	 σC_odd_zx = σC_odd_zy 	该约束关系已在之前的操作结果中存在
	 σC_odd_zz = 0 	该约束关系已在之前的操作结果中存在

时间反演奇自旋电导约束关系:
	 σS_odd_Xxx = σS_odd_Xyy 	该约束关系已在之前的操作结果中存在
	 σS_odd_Xxy = σS_odd_Xyx 	该约束关系已在之前的操作结果中存在
	 σS_odd_Xxz = σS_odd_Xyz 	该约束关系已在之前的操作结果中存在
	 σS_odd_Xzx = σS_odd_Xzy 	该约束关系已在之前的操作结果中存在
	 σS_odd_Yxx = σS_odd_Yyy 	该约束关系已在之前的操作结果中存在
	 σS_odd_Yxy = σS_odd_Yyx 	该约束关系已在之前的操作结果中存在
	 σS_odd_Yxz = σS_odd_Yyz
	 σS_odd_Yzx = σS_odd_Yzy
	 σS_odd_Zxx = σS_odd_Zyy 	该约束关系已在之前的操作结果中存在
	 σS_odd_Zxy = σS_odd_Zyx 	该约束关系已在之前的操作结果中存在
	 σS_odd_Zxz = σS_odd_Zyz 	该约束关系已在之前的操作结果中存在
	 σS_odd_Zzx = σS_odd_Zzy 	该约束关系已在之前的操作结果中存在

时间反演偶电导约束关系:
	 σC_even_xx = σC_even_yy 	该约束关系已在之前的操作结果中存在
	 σC_even_xy = σC_even_yx 	该约束关系已在之前的操作结果中存在
	 σC_even_xz = σC_even_zy 	该约束关系已在之前的操作结果中存在
	 σC_even_yz = σC_even_zy 	该约束关系已在之前的操作结果中存在
	 σC_even_zx = σC_even_zy 	该约束关系已在之前的操作结果中存在

时间反演偶自旋电导约束关系:
	 σS_even_Xxx = σS_even_Xyy 	该约束关系已在之前的操作结果中存在
	 σS_even_Xxy = σS_even_Xyx 	该约束关系已在之前的操作结果中存在
	 σS_even_Xxz = σS_even_Xyz
	 σS_even_Xzx = σS_even_Xzy
	 σS_even_Yxx = σS_even_Yyy 	该约束关系已在之前的操作结果中存在
	 σS_even_Yxy = σS_even_Yyx 	该约束关系已在之前的操作结果中存在
	 σS_even_Yxz = σS_even_Yyz 	该约束关系已在之前的操作结果中存在
	 σS_even_Yzx = σS_even_Yzy 	该约束关系已在之前的操作结果中存在
	 σS_even_Zxx = σS_even_Zyy 	该约束关系已在之前的操作结果中存在
	 σS_even_Zxy = σS_even_Zyx 	该约束关系已在之前的操作结果中存在
	 σS_even_Zxz = σS_even_Zyz 	该约束关系已在之前的操作结果中存在
	 σS_even_Zzx = σS_even_Zzy 	该约束关系已在之前的操作结果中存在
================================================================================ 

第46个操作:
	R_spin_Frac is Matrix([[1, 0, 0], [0, -1, 0], [0, 0, 1]])
	R_space_Frac is Matrix([[0, 1, 0], [1, 0, 0], [0, 0, 1]])                
	R_spin_Cart is Matrix([[1, 0, 0], [0, -1, 0], [0, 0, 1]])
	R_space_Cart is Matrix([[0, 1, 0], [1, 0, 0], [0, 0, 1]])                
	Translate is Matrix([[0], [0], [0]])
R_spin = Matrix([[1, 0, 0], [0, -1, 0], [0, 0, 1]])*Matrix([[1, 0, 0], [0, 1, 0], [0, 0, 1]]),                            
R_space = Matrix([[1, 0, 0], [0, 1, 0], [0, 0, 1]])*Matrix([[0, 1, 0], [1, 0, 0], [0, 0, 1]]),                            
是第2个生成元操作和第24个生成元操作的乘积，故不是生成元
================================================================================ 

第47个操作:
	R_spin_Frac is Matrix([[-1, 0, 0], [0, -1, 0], [0, 0, 1]])
	R_space_Frac is Matrix([[0, 1, 0], [1, 0, 0], [0, 0, 1]])                
	R_spin_Cart is Matrix([[-1, 0, 0], [0, -1, 0], [0, 0, 1]])
	R_space_Cart is Matrix([[0, 1, 0], [1, 0, 0], [0, 0, 1]])                
	Translate is Matrix([[0], [0], [0]])
R_spin = Matrix([[-1, 0, 0], [0, -1, 0], [0, 0, 1]])*Matrix([[1, 0, 0], [0, 1, 0], [0, 0, 1]]),                            
R_space = Matrix([[1, 0, 0], [0, 1, 0], [0, 0, 1]])*Matrix([[0, 1, 0], [1, 0, 0], [0, 0, 1]]),                            
是第3个生成元操作和第24个生成元操作的乘积，故不是生成元
================================================================================ 

第48个操作:
	R_spin_Frac is Matrix([[-1, 0, 0], [0, 1, 0], [0, 0, 1]])
	R_space_Frac is Matrix([[0, 1, 0], [1, 0, 0], [0, 0, 1]])                
	R_spin_Cart is Matrix([[-1, 0, 0], [0, 1, 0], [0, 0, 1]])
	R_space_Cart is Matrix([[0, 1, 0], [1, 0, 0], [0, 0, 1]])                
	Translate is Matrix([[0], [0], [0]])
第25个生成元操作

时间反演奇电导约束关系:
	 σC_odd_xx = 0 	该约束关系已在之前的操作结果中存在
	 σC_odd_xy = -σC_odd_yx 	该约束关系已在之前的操作结果中存在
	 σC_odd_xz = σC_odd_zy 	该约束关系已在之前的操作结果中存在
	 σC_odd_yy = 0 	该约束关系已在之前的操作结果中存在
	 σC_odd_yz = -σC_odd_zy 	该约束关系已在之前的操作结果中存在
	 σC_odd_zx = -σC_odd_zy 	该约束关系已在之前的操作结果中存在
	 σC_odd_zz = 0 	该约束关系已在之前的操作结果中存在

时间反演奇自旋电导约束关系:
	 σS_odd_Xxx = -σS_odd_Xyy 	该约束关系已在之前的操作结果中存在
	 σS_odd_Xxy = -σS_odd_Xyx 	该约束关系已在之前的操作结果中存在
	 σS_odd_Xxz = -σS_odd_Xyz 	该约束关系已在之前的操作结果中存在
	 σS_odd_Xzx = -σS_odd_Xzy 	该约束关系已在之前的操作结果中存在
	 σS_odd_Xzz = 0 	该约束关系已在之前的操作结果中存在
	 σS_odd_Yxx = σS_odd_Yyy 	该约束关系已在之前的操作结果中存在
	 σS_odd_Yxy = σS_odd_Yyx 	该约束关系已在之前的操作结果中存在
	 σS_odd_Yxz = σS_odd_Yyz 	该约束关系已在之前的操作结果中存在
	 σS_odd_Yzx = σS_odd_Yzy 	该约束关系已在之前的操作结果中存在
	 σS_odd_Zxx = σS_odd_Zyy 	该约束关系已在之前的操作结果中存在
	 σS_odd_Zxy = σS_odd_Zyx 	该约束关系已在之前的操作结果中存在
	 σS_odd_Zxz = σS_odd_Zyz 	该约束关系已在之前的操作结果中存在
	 σS_odd_Zzx = σS_odd_Zzy 	该约束关系已在之前的操作结果中存在

时间反演偶电导约束关系:
	 σC_even_xx = σC_even_yy 	该约束关系已在之前的操作结果中存在
	 σC_even_xy = σC_even_yx 	该约束关系已在之前的操作结果中存在
	 σC_even_xz = σC_even_zy 	该约束关系已在之前的操作结果中存在
	 σC_even_yz = σC_even_zy 	该约束关系已在之前的操作结果中存在
	 σC_even_zx = σC_even_zy 	该约束关系已在之前的操作结果中存在

时间反演偶自旋电导约束关系:
	 σS_even_Xxx = σS_even_Xyy 	该约束关系已在之前的操作结果中存在
	 σS_even_Xxy = σS_even_Xyx 	该约束关系已在之前的操作结果中存在
	 σS_even_Xxz = σS_even_Xyz 	该约束关系已在之前的操作结果中存在
	 σS_even_Xzx = σS_even_Xzy 	该约束关系已在之前的操作结果中存在
	 σS_even_Yxx = -σS_even_Yyy 	该约束关系已在之前的操作结果中存在
	 σS_even_Yxy = -σS_even_Yyx 	该约束关系已在之前的操作结果中存在
	 σS_even_Yxz = -σS_even_Yyz 	该约束关系已在之前的操作结果中存在
	 σS_even_Yzx = -σS_even_Yzy 	该约束关系已在之前的操作结果中存在
	 σS_even_Yzz = 0 	该约束关系已在之前的操作结果中存在
	 σS_even_Zxx = -σS_even_Zyy 	该约束关系已在之前的操作结果中存在
	 σS_even_Zxy = -σS_even_Zyx 	该约束关系已在之前的操作结果中存在
	 σS_even_Zxz = -σS_even_Zyz 	该约束关系已在之前的操作结果中存在
	 σS_even_Zzx = -σS_even_Zzy 	该约束关系已在之前的操作结果中存在
	 σS_even_Zzz = 0 	该约束关系已在之前的操作结果中存在
================================================================================ 

第49个操作:
	R_spin_Frac is Matrix([[-1, 0, 0], [0, -1, 0], [0, 0, -1]])
	R_space_Frac is Matrix([[-1, 0, 0], [0, 1, 0], [0, 0, -1]])                
	R_spin_Cart is Matrix([[-1, 0, 0], [0, -1, 0], [0, 0, -1]])
	R_space_Cart is Matrix([[-1, 0, 0], [0, 1, 0], [0, 0, -1]])                
	Translate is Matrix([[1/2], [1/2], [1/2]])
第26个生成元操作

时间反演奇电导约束关系:
	 σC_odd_xx = 0 	该约束关系已在之前的操作结果中存在
	 σC_odd_xy = -σC_odd_yx 	该约束关系已在之前的操作结果中存在
	 σC_odd_xz = 0 	该约束关系已在之前的操作结果中存在
	 σC_odd_yy = 0 	该约束关系已在之前的操作结果中存在
	 σC_odd_yz = -σC_odd_zy 	该约束关系已在之前的操作结果中存在
	 σC_odd_zx = 0 	该约束关系已在之前的操作结果中存在
	 σC_odd_zz = 0 	该约束关系已在之前的操作结果中存在

时间反演奇自旋电导约束关系:
	 σS_odd_Xxx = 0 	该约束关系已在之前的操作结果中存在
	 σS_odd_Xxz = 0 	该约束关系已在之前的操作结果中存在
	 σS_odd_Xyy = 0 	该约束关系已在之前的操作结果中存在
	 σS_odd_Xzx = 0 	该约束关系已在之前的操作结果中存在
	 σS_odd_Xzz = 0 	该约束关系已在之前的操作结果中存在
	 σS_odd_Yxx = 0 	该约束关系已在之前的操作结果中存在
	 σS_odd_Yxz = 0 	该约束关系已在之前的操作结果中存在
	 σS_odd_Yyy = 0 	该约束关系已在之前的操作结果中存在
	 σS_odd_Yzx = 0 	该约束关系已在之前的操作结果中存在
	 σS_odd_Yzz = 0 	该约束关系已在之前的操作结果中存在
	 σS_odd_Zxx = 0 	该约束关系已在之前的操作结果中存在
	 σS_odd_Zxz = 0 	该约束关系已在之前的操作结果中存在
	 σS_odd_Zyy = 0 	该约束关系已在之前的操作结果中存在
	 σS_odd_Zzx = 0 	该约束关系已在之前的操作结果中存在
	 σS_odd_Zzz = 0 	该约束关系已在之前的操作结果中存在

时间反演偶电导约束关系:
	 σC_even_xy = 0 	该约束关系已在之前的操作结果中存在
	 σC_even_xz = σC_even_zx 	该约束关系已在之前的操作结果中存在
	 σC_even_yx = 0 	该约束关系已在之前的操作结果中存在
	 σC_even_yz = 0 	该约束关系已在之前的操作结果中存在
	 σC_even_zy = 0 	该约束关系已在之前的操作结果中存在

时间反演偶自旋电导约束关系:
	 σS_even_Xxy = 0 	该约束关系已在之前的操作结果中存在
	 σS_even_Xyx = 0 	该约束关系已在之前的操作结果中存在
	 σS_even_Xyz = 0 	该约束关系已在之前的操作结果中存在
	 σS_even_Xzy = 0 	该约束关系已在之前的操作结果中存在
	 σS_even_Yxy = 0 	该约束关系已在之前的操作结果中存在
	 σS_even_Yyx = 0 	该约束关系已在之前的操作结果中存在
	 σS_even_Yyz = 0 	该约束关系已在之前的操作结果中存在
	 σS_even_Yzy = 0 	该约束关系已在之前的操作结果中存在
	 σS_even_Zxy = 0 	该约束关系已在之前的操作结果中存在
	 σS_even_Zyx = 0 	该约束关系已在之前的操作结果中存在
	 σS_even_Zyz = 0 	该约束关系已在之前的操作结果中存在
	 σS_even_Zzy = 0 	该约束关系已在之前的操作结果中存在
================================================================================ 

第50个操作:
	R_spin_Frac is Matrix([[-1, 0, 0], [0, 1, 0], [0, 0, -1]])
	R_space_Frac is Matrix([[-1, 0, 0], [0, 1, 0], [0, 0, -1]])                
	R_spin_Cart is Matrix([[-1, 0, 0], [0, 1, 0], [0, 0, -1]])
	R_space_Cart is Matrix([[-1, 0, 0], [0, 1, 0], [0, 0, -1]])                
	Translate is Matrix([[1/2], [1/2], [1/2]])
R_spin = Matrix([[1, 0, 0], [0, -1, 0], [0, 0, 1]])*Matrix([[-1, 0, 0], [0, -1, 0], [0, 0, -1]]),                            
R_space = Matrix([[1, 0, 0], [0, 1, 0], [0, 0, 1]])*Matrix([[-1, 0, 0], [0, 1, 0], [0, 0, -1]]),                            
是第2个生成元操作和第26个生成元操作的乘积，故不是生成元
================================================================================ 

第51个操作:
	R_spin_Frac is Matrix([[1, 0, 0], [0, 1, 0], [0, 0, -1]])
	R_space_Frac is Matrix([[-1, 0, 0], [0, 1, 0], [0, 0, -1]])                
	R_spin_Cart is Matrix([[1, 0, 0], [0, 1, 0], [0, 0, -1]])
	R_space_Cart is Matrix([[-1, 0, 0], [0, 1, 0], [0, 0, -1]])                
	Translate is Matrix([[1/2], [1/2], [1/2]])
R_spin = Matrix([[-1, 0, 0], [0, -1, 0], [0, 0, 1]])*Matrix([[-1, 0, 0], [0, -1, 0], [0, 0, -1]]),                            
R_space = Matrix([[1, 0, 0], [0, 1, 0], [0, 0, 1]])*Matrix([[-1, 0, 0], [0, 1, 0], [0, 0, -1]]),                            
是第3个生成元操作和第26个生成元操作的乘积，故不是生成元
================================================================================ 

第52个操作:
	R_spin_Frac is Matrix([[1, 0, 0], [0, -1, 0], [0, 0, -1]])
	R_space_Frac is Matrix([[-1, 0, 0], [0, 1, 0], [0, 0, -1]])                
	R_spin_Cart is Matrix([[1, 0, 0], [0, -1, 0], [0, 0, -1]])
	R_space_Cart is Matrix([[-1, 0, 0], [0, 1, 0], [0, 0, -1]])                
	Translate is Matrix([[1/2], [1/2], [1/2]])
第27个生成元操作

时间反演奇电导约束关系:
	 σC_odd_xx = 0 	该约束关系已在之前的操作结果中存在
	 σC_odd_xy = 0 	该约束关系已在之前的操作结果中存在
	 σC_odd_xz = -σC_odd_zx 	该约束关系已在之前的操作结果中存在
	 σC_odd_yx = 0 	该约束关系已在之前的操作结果中存在
	 σC_odd_yy = 0 	该约束关系已在之前的操作结果中存在
	 σC_odd_yz = 0 	该约束关系已在之前的操作结果中存在
	 σC_odd_zy = 0 	该约束关系已在之前的操作结果中存在
	 σC_odd_zz = 0 	该约束关系已在之前的操作结果中存在

时间反演奇自旋电导约束关系:
	 σS_odd_Xxy = 0 	该约束关系已在之前的操作结果中存在
	 σS_odd_Xyx = 0 	该约束关系已在之前的操作结果中存在
	 σS_odd_Xyz = 0 	该约束关系已在之前的操作结果中存在
	 σS_odd_Xzy = 0 	该约束关系已在之前的操作结果中存在
	 σS_odd_Yxx = 0 	该约束关系已在之前的操作结果中存在
	 σS_odd_Yxz = 0 	该约束关系已在之前的操作结果中存在
	 σS_odd_Yyy = 0 	该约束关系已在之前的操作结果中存在
	 σS_odd_Yzx = 0 	该约束关系已在之前的操作结果中存在
	 σS_odd_Yzz = 0 	该约束关系已在之前的操作结果中存在
	 σS_odd_Zxx = 0 	该约束关系已在之前的操作结果中存在
	 σS_odd_Zxz = 0 	该约束关系已在之前的操作结果中存在
	 σS_odd_Zyy = 0 	该约束关系已在之前的操作结果中存在
	 σS_odd_Zzx = 0 	该约束关系已在之前的操作结果中存在
	 σS_odd_Zzz = 0 	该约束关系已在之前的操作结果中存在

时间反演偶电导约束关系:
	 σC_even_xy = 0 	该约束关系已在之前的操作结果中存在
	 σC_even_xz = σC_even_zx 	该约束关系已在之前的操作结果中存在
	 σC_even_yx = 0 	该约束关系已在之前的操作结果中存在
	 σC_even_yz = 0 	该约束关系已在之前的操作结果中存在
	 σC_even_zy = 0 	该约束关系已在之前的操作结果中存在

时间反演偶自旋电导约束关系:
	 σS_even_Xxy = 0 	该约束关系已在之前的操作结果中存在
	 σS_even_Xyx = 0 	该约束关系已在之前的操作结果中存在
	 σS_even_Xyz = 0 	该约束关系已在之前的操作结果中存在
	 σS_even_Xzy = 0 	该约束关系已在之前的操作结果中存在
	 σS_even_Yxx = 0 	该约束关系已在之前的操作结果中存在
	 σS_even_Yxz = 0 	该约束关系已在之前的操作结果中存在
	 σS_even_Yyy = 0 	该约束关系已在之前的操作结果中存在
	 σS_even_Yzx = 0 	该约束关系已在之前的操作结果中存在
	 σS_even_Yzz = 0 	该约束关系已在之前的操作结果中存在
	 σS_even_Zxx = 0 	该约束关系已在之前的操作结果中存在
	 σS_even_Zxz = 0 	该约束关系已在之前的操作结果中存在
	 σS_even_Zyy = 0 	该约束关系已在之前的操作结果中存在
	 σS_even_Zzx = 0 	该约束关系已在之前的操作结果中存在
	 σS_even_Zzz = 0 	该约束关系已在之前的操作结果中存在
================================================================================ 

第53个操作:
	R_spin_Frac is Matrix([[-1, 0, 0], [0, -1, 0], [0, 0, -1]])
	R_space_Frac is Matrix([[1, 0, 0], [0, -1, 0], [0, 0, 1]])                
	R_spin_Cart is Matrix([[-1, 0, 0], [0, -1, 0], [0, 0, -1]])
	R_space_Cart is Matrix([[1, 0, 0], [0, -1, 0], [0, 0, 1]])                
	Translate is Matrix([[1/2], [1/2], [1/2]])
R_spin = Matrix([[1, 0, 0], [0, 1, 0], [0, 0, 1]])*Matrix([[-1, 0, 0], [0, -1, 0], [0, 0, -1]]),                            
R_space = Matrix([[-1, 0, 0], [0, -1, 0], [0, 0, -1]])*Matrix([[-1, 0, 0], [0, 1, 0], [0, 0, -1]]),                            
是第4个生成元操作和第26个生成元操作的乘积，故不是生成元
================================================================================ 

第54个操作:
	R_spin_Frac is Matrix([[-1, 0, 0], [0, 1, 0], [0, 0, -1]])
	R_space_Frac is Matrix([[1, 0, 0], [0, -1, 0], [0, 0, 1]])                
	R_spin_Cart is Matrix([[-1, 0, 0], [0, 1, 0], [0, 0, -1]])
	R_space_Cart is Matrix([[1, 0, 0], [0, -1, 0], [0, 0, 1]])                
	Translate is Matrix([[1/2], [1/2], [1/2]])
第28个生成元操作

时间反演奇电导约束关系:
	 σC_odd_xx = 0 	该约束关系已在之前的操作结果中存在
	 σC_odd_xy = 0 	该约束关系已在之前的操作结果中存在
	 σC_odd_xz = -σC_odd_zx 	该约束关系已在之前的操作结果中存在
	 σC_odd_yx = 0 	该约束关系已在之前的操作结果中存在
	 σC_odd_yy = 0 	该约束关系已在之前的操作结果中存在
	 σC_odd_yz = 0 	该约束关系已在之前的操作结果中存在
	 σC_odd_zy = 0 	该约束关系已在之前的操作结果中存在
	 σC_odd_zz = 0 	该约束关系已在之前的操作结果中存在

时间反演奇自旋电导约束关系:
	 σS_odd_Xxx = 0 	该约束关系已在之前的操作结果中存在
	 σS_odd_Xxz = 0 	该约束关系已在之前的操作结果中存在
	 σS_odd_Xyy = 0 	该约束关系已在之前的操作结果中存在
	 σS_odd_Xzx = 0 	该约束关系已在之前的操作结果中存在
	 σS_odd_Xzz = 0 	该约束关系已在之前的操作结果中存在
	 σS_odd_Yxy = 0 	该约束关系已在之前的操作结果中存在
	 σS_odd_Yyx = 0 	该约束关系已在之前的操作结果中存在
	 σS_odd_Yyz = 0 	该约束关系已在之前的操作结果中存在
	 σS_odd_Yzy = 0 	该约束关系已在之前的操作结果中存在
	 σS_odd_Zxx = 0 	该约束关系已在之前的操作结果中存在
	 σS_odd_Zxz = 0 	该约束关系已在之前的操作结果中存在
	 σS_odd_Zyy = 0 	该约束关系已在之前的操作结果中存在
	 σS_odd_Zzx = 0 	该约束关系已在之前的操作结果中存在
	 σS_odd_Zzz = 0 	该约束关系已在之前的操作结果中存在

时间反演偶电导约束关系:
	 σC_even_xy = 0 	该约束关系已在之前的操作结果中存在
	 σC_even_xz = σC_even_zx 	该约束关系已在之前的操作结果中存在
	 σC_even_yx = 0 	该约束关系已在之前的操作结果中存在
	 σC_even_yz = 0 	该约束关系已在之前的操作结果中存在
	 σC_even_zy = 0 	该约束关系已在之前的操作结果中存在

时间反演偶自旋电导约束关系:
	 σS_even_Xxx = 0 	该约束关系已在之前的操作结果中存在
	 σS_even_Xxz = 0 	该约束关系已在之前的操作结果中存在
	 σS_even_Xyy = 0 	该约束关系已在之前的操作结果中存在
	 σS_even_Xzx = 0 	该约束关系已在之前的操作结果中存在
	 σS_even_Xzz = 0 	该约束关系已在之前的操作结果中存在
	 σS_even_Yxy = 0 	该约束关系已在之前的操作结果中存在
	 σS_even_Yyx = 0 	该约束关系已在之前的操作结果中存在
	 σS_even_Yyz = 0 	该约束关系已在之前的操作结果中存在
	 σS_even_Yzy = 0 	该约束关系已在之前的操作结果中存在
	 σS_even_Zxx = 0 	该约束关系已在之前的操作结果中存在
	 σS_even_Zxz = 0 	该约束关系已在之前的操作结果中存在
	 σS_even_Zyy = 0 	该约束关系已在之前的操作结果中存在
	 σS_even_Zzx = 0 	该约束关系已在之前的操作结果中存在
	 σS_even_Zzz = 0 	该约束关系已在之前的操作结果中存在
================================================================================ 

第55个操作:
	R_spin_Frac is Matrix([[1, 0, 0], [0, 1, 0], [0, 0, -1]])
	R_space_Frac is Matrix([[1, 0, 0], [0, -1, 0], [0, 0, 1]])                
	R_spin_Cart is Matrix([[1, 0, 0], [0, 1, 0], [0, 0, -1]])
	R_space_Cart is Matrix([[1, 0, 0], [0, -1, 0], [0, 0, 1]])                
	Translate is Matrix([[1/2], [1/2], [1/2]])
第29个生成元操作

时间反演奇电导约束关系:
	 σC_odd_xx = 0 	该约束关系已在之前的操作结果中存在
	 σC_odd_xy = -σC_odd_yx 	该约束关系已在之前的操作结果中存在
	 σC_odd_xz = 0 	该约束关系已在之前的操作结果中存在
	 σC_odd_yy = 0 	该约束关系已在之前的操作结果中存在
	 σC_odd_yz = -σC_odd_zy 	该约束关系已在之前的操作结果中存在
	 σC_odd_zx = 0 	该约束关系已在之前的操作结果中存在
	 σC_odd_zz = 0 	该约束关系已在之前的操作结果中存在

时间反演奇自旋电导约束关系:
	 σS_odd_Xxy = 0 	该约束关系已在之前的操作结果中存在
	 σS_odd_Xyx = 0 	该约束关系已在之前的操作结果中存在
	 σS_odd_Xyz = 0 	该约束关系已在之前的操作结果中存在
	 σS_odd_Xzy = 0 	该约束关系已在之前的操作结果中存在
	 σS_odd_Yxy = 0 	该约束关系已在之前的操作结果中存在
	 σS_odd_Yyx = 0 	该约束关系已在之前的操作结果中存在
	 σS_odd_Yyz = 0 	该约束关系已在之前的操作结果中存在
	 σS_odd_Yzy = 0 	该约束关系已在之前的操作结果中存在
	 σS_odd_Zxx = 0 	该约束关系已在之前的操作结果中存在
	 σS_odd_Zxz = 0 	该约束关系已在之前的操作结果中存在
	 σS_odd_Zyy = 0 	该约束关系已在之前的操作结果中存在
	 σS_odd_Zzx = 0 	该约束关系已在之前的操作结果中存在
	 σS_odd_Zzz = 0 	该约束关系已在之前的操作结果中存在

时间反演偶电导约束关系:
	 σC_even_xy = 0 	该约束关系已在之前的操作结果中存在
	 σC_even_xz = σC_even_zx 	该约束关系已在之前的操作结果中存在
	 σC_even_yx = 0 	该约束关系已在之前的操作结果中存在
	 σC_even_yz = 0 	该约束关系已在之前的操作结果中存在
	 σC_even_zy = 0 	该约束关系已在之前的操作结果中存在

时间反演偶自旋电导约束关系:
	 σS_even_Xxx = 0 	该约束关系已在之前的操作结果中存在
	 σS_even_Xxz = 0 	该约束关系已在之前的操作结果中存在
	 σS_even_Xyy = 0 	该约束关系已在之前的操作结果中存在
	 σS_even_Xzx = 0 	该约束关系已在之前的操作结果中存在
	 σS_even_Xzz = 0 	该约束关系已在之前的操作结果中存在
	 σS_even_Yxx = 0 	该约束关系已在之前的操作结果中存在
	 σS_even_Yxz = 0 	该约束关系已在之前的操作结果中存在
	 σS_even_Yyy = 0 	该约束关系已在之前的操作结果中存在
	 σS_even_Yzx = 0 	该约束关系已在之前的操作结果中存在
	 σS_even_Yzz = 0 	该约束关系已在之前的操作结果中存在
	 σS_even_Zxy = 0 	该约束关系已在之前的操作结果中存在
	 σS_even_Zyx = 0 	该约束关系已在之前的操作结果中存在
	 σS_even_Zyz = 0 	该约束关系已在之前的操作结果中存在
	 σS_even_Zzy = 0 	该约束关系已在之前的操作结果中存在
================================================================================ 

第56个操作:
	R_spin_Frac is Matrix([[1, 0, 0], [0, -1, 0], [0, 0, -1]])
	R_space_Frac is Matrix([[1, 0, 0], [0, -1, 0], [0, 0, 1]])                
	R_spin_Cart is Matrix([[1, 0, 0], [0, -1, 0], [0, 0, -1]])
	R_space_Cart is Matrix([[1, 0, 0], [0, -1, 0], [0, 0, 1]])                
	Translate is Matrix([[1/2], [1/2], [1/2]])
R_spin = Matrix([[1, 0, 0], [0, -1, 0], [0, 0, 1]])*Matrix([[1, 0, 0], [0, 1, 0], [0, 0, -1]]),                            
R_space = Matrix([[1, 0, 0], [0, 1, 0], [0, 0, 1]])*Matrix([[1, 0, 0], [0, -1, 0], [0, 0, 1]]),                            
是第2个生成元操作和第29个生成元操作的乘积，故不是生成元
================================================================================ 

第57个操作:
	R_spin_Frac is Matrix([[1, 0, 0], [0, 1, 0], [0, 0, 1]])
	R_space_Frac is Matrix([[0, 1, 0], [1, 0, 0], [0, 0, -1]])                
	R_spin_Cart is Matrix([[1, 0, 0], [0, 1, 0], [0, 0, 1]])
	R_space_Cart is Matrix([[0, 1, 0], [1, 0, 0], [0, 0, -1]])                
	Translate is Matrix([[0], [0], [0]])
R_spin = Matrix([[-1, 0, 0], [0, -1, 0], [0, 0, -1]])*Matrix([[-1, 0, 0], [0, -1, 0], [0, 0, -1]]),                            
R_space = Matrix([[0, -1, 0], [1, 0, 0], [0, 0, 1]])*Matrix([[1, 0, 0], [0, -1, 0], [0, 0, -1]]),                            
是第6个生成元操作和第18个生成元操作的乘积，故不是生成元
================================================================================ 

第58个操作:
	R_spin_Frac is Matrix([[1, 0, 0], [0, -1, 0], [0, 0, 1]])
	R_space_Frac is Matrix([[0, 1, 0], [1, 0, 0], [0, 0, -1]])                
	R_spin_Cart is Matrix([[1, 0, 0], [0, -1, 0], [0, 0, 1]])
	R_space_Cart is Matrix([[0, 1, 0], [1, 0, 0], [0, 0, -1]])                
	Translate is Matrix([[0], [0], [0]])
第30个生成元操作

时间反演奇电导约束关系:
	 σC_odd_xx = 0 	该约束关系已在之前的操作结果中存在
	 σC_odd_xy = -σC_odd_yx 	该约束关系已在之前的操作结果中存在
	 σC_odd_xz = -σC_odd_zy 	该约束关系已在之前的操作结果中存在
	 σC_odd_yy = 0 	该约束关系已在之前的操作结果中存在
	 σC_odd_yz = -σC_odd_zy 	该约束关系已在之前的操作结果中存在
	 σC_odd_zx = σC_odd_zy 	该约束关系已在之前的操作结果中存在
	 σC_odd_zz = 0 	该约束关系已在之前的操作结果中存在

时间反演奇自旋电导约束关系:
	 σS_odd_Xxx = σS_odd_Xyy 	该约束关系已在之前的操作结果中存在
	 σS_odd_Xxy = σS_odd_Xyx 	该约束关系已在之前的操作结果中存在
	 σS_odd_Xxz = -σS_odd_Xyz 	该约束关系已在之前的操作结果中存在
	 σS_odd_Xzx = -σS_odd_Xzy 	该约束关系已在之前的操作结果中存在
	 σS_odd_Yxx = -σS_odd_Yyy 	该约束关系已在之前的操作结果中存在
	 σS_odd_Yxy = -σS_odd_Yyx 	该约束关系已在之前的操作结果中存在
	 σS_odd_Yxz = σS_odd_Yyz 	该约束关系已在之前的操作结果中存在
	 σS_odd_Yzx = σS_odd_Yzy 	该约束关系已在之前的操作结果中存在
	 σS_odd_Yzz = 0 	该约束关系已在之前的操作结果中存在
	 σS_odd_Zxx = σS_odd_Zyy 	该约束关系已在之前的操作结果中存在
	 σS_odd_Zxy = σS_odd_Zyx 	该约束关系已在之前的操作结果中存在
	 σS_odd_Zxz = -σS_odd_Zyz
	 σS_odd_Zzx = -σS_odd_Zzy

时间反演偶电导约束关系:
	 σC_even_xx = σC_even_yy 	该约束关系已在之前的操作结果中存在
	 σC_even_xy = σC_even_yx 	该约束关系已在之前的操作结果中存在
	 σC_even_xz = -σC_even_zy
	 σC_even_yz = σC_even_zy 	该约束关系已在之前的操作结果中存在
	 σC_even_zx = -σC_even_zy

时间反演偶自旋电导约束关系:
	 σS_even_Xxx = -σS_even_Xyy 	该约束关系已在之前的操作结果中存在
	 σS_even_Xxy = -σS_even_Xyx 	该约束关系已在之前的操作结果中存在
	 σS_even_Xxz = σS_even_Xyz 	该约束关系已在之前的操作结果中存在
	 σS_even_Xzx = σS_even_Xzy 	该约束关系已在之前的操作结果中存在
	 σS_even_Xzz = 0 	该约束关系已在之前的操作结果中存在
	 σS_even_Yxx = σS_even_Yyy 	该约束关系已在之前的操作结果中存在
	 σS_even_Yxy = σS_even_Yyx 	该约束关系已在之前的操作结果中存在
	 σS_even_Yxz = -σS_even_Yyz 	该约束关系已在之前的操作结果中存在
	 σS_even_Yzx = -σS_even_Yzy 	该约束关系已在之前的操作结果中存在
	 σS_even_Zxx = -σS_even_Zyy 	该约束关系已在之前的操作结果中存在
	 σS_even_Zxy = -σS_even_Zyx 	该约束关系已在之前的操作结果中存在
	 σS_even_Zxz = σS_even_Zyz 	该约束关系已在之前的操作结果中存在
	 σS_even_Zzx = σS_even_Zzy 	该约束关系已在之前的操作结果中存在
	 σS_even_Zzz = 0 	该约束关系已在之前的操作结果中存在
================================================================================ 

第59个操作:
	R_spin_Frac is Matrix([[-1, 0, 0], [0, -1, 0], [0, 0, 1]])
	R_space_Frac is Matrix([[0, 1, 0], [1, 0, 0], [0, 0, -1]])                
	R_spin_Cart is Matrix([[-1, 0, 0], [0, -1, 0], [0, 0, 1]])
	R_space_Cart is Matrix([[0, 1, 0], [1, 0, 0], [0, 0, -1]])                
	Translate is Matrix([[0], [0], [0]])
第31个生成元操作

时间反演奇电导约束关系:
	 σC_odd_xx = 0 	该约束关系已在之前的操作结果中存在
	 σC_odd_xy = 0 	该约束关系已在之前的操作结果中存在
	 σC_odd_xz = σC_odd_zy 	该约束关系已在之前的操作结果中存在
	 σC_odd_yx = 0 	该约束关系已在之前的操作结果中存在
	 σC_odd_yy = 0 	该约束关系已在之前的操作结果中存在
	 σC_odd_yz = -σC_odd_zy 	该约束关系已在之前的操作结果中存在
	 σC_odd_zx = -σC_odd_zy 	该约束关系已在之前的操作结果中存在
	 σC_odd_zz = 0 	该约束关系已在之前的操作结果中存在

时间反演奇自旋电导约束关系:
	 σS_odd_Xxx = -σS_odd_Xyy 	该约束关系已在之前的操作结果中存在
	 σS_odd_Xxy = -σS_odd_Xyx 	该约束关系已在之前的操作结果中存在
	 σS_odd_Xxz = σS_odd_Xyz 	该约束关系已在之前的操作结果中存在
	 σS_odd_Xzx = σS_odd_Xzy 	该约束关系已在之前的操作结果中存在
	 σS_odd_Xzz = 0 	该约束关系已在之前的操作结果中存在
	 σS_odd_Yxx = -σS_odd_Yyy 	该约束关系已在之前的操作结果中存在
	 σS_odd_Yxy = -σS_odd_Yyx 	该约束关系已在之前的操作结果中存在
	 σS_odd_Yxz = σS_odd_Yyz 	该约束关系已在之前的操作结果中存在
	 σS_odd_Yzx = σS_odd_Yzy 	该约束关系已在之前的操作结果中存在
	 σS_odd_Yzz = 0 	该约束关系已在之前的操作结果中存在
	 σS_odd_Zxx = σS_odd_Zyy 	该约束关系已在之前的操作结果中存在
	 σS_odd_Zxy = σS_odd_Zyx 	该约束关系已在之前的操作结果中存在
	 σS_odd_Zxz = -σS_odd_Zyz 	该约束关系已在之前的操作结果中存在
	 σS_odd_Zzx = -σS_odd_Zzy 	该约束关系已在之前的操作结果中存在

时间反演偶电导约束关系:
	 σC_even_xx = σC_even_yy 	该约束关系已在之前的操作结果中存在
	 σC_even_xy = σC_even_yx 	该约束关系已在之前的操作结果中存在
	 σC_even_xz = -σC_even_zy 	该约束关系已在之前的操作结果中存在
	 σC_even_yz = σC_even_zy 	该约束关系已在之前的操作结果中存在
	 σC_even_zx = -σC_even_zy 	该约束关系已在之前的操作结果中存在

时间反演偶自旋电导约束关系:
	 σS_even_Xxx = -σS_even_Xyy 	该约束关系已在之前的操作结果中存在
	 σS_even_Xxy = -σS_even_Xyx 	该约束关系已在之前的操作结果中存在
	 σS_even_Xxz = σS_even_Xyz 	该约束关系已在之前的操作结果中存在
	 σS_even_Xzx = σS_even_Xzy 	该约束关系已在之前的操作结果中存在
	 σS_even_Xzz = 0 	该约束关系已在之前的操作结果中存在
	 σS_even_Yxx = -σS_even_Yyy 	该约束关系已在之前的操作结果中存在
	 σS_even_Yxy = -σS_even_Yyx 	该约束关系已在之前的操作结果中存在
	 σS_even_Yxz = σS_even_Yyz 	该约束关系已在之前的操作结果中存在
	 σS_even_Yzx = σS_even_Yzy 	该约束关系已在之前的操作结果中存在
	 σS_even_Yzz = 0 	该约束关系已在之前的操作结果中存在
	 σS_even_Zxx = σS_even_Zyy 	该约束关系已在之前的操作结果中存在
	 σS_even_Zxy = σS_even_Zyx 	该约束关系已在之前的操作结果中存在
	 σS_even_Zxz = -σS_even_Zyz 	该约束关系已在之前的操作结果中存在
	 σS_even_Zzx = -σS_even_Zzy 	该约束关系已在之前的操作结果中存在
================================================================================ 

第60个操作:
	R_spin_Frac is Matrix([[-1, 0, 0], [0, 1, 0], [0, 0, 1]])
	R_space_Frac is Matrix([[0, 1, 0], [1, 0, 0], [0, 0, -1]])                
	R_spin_Cart is Matrix([[-1, 0, 0], [0, 1, 0], [0, 0, 1]])
	R_space_Cart is Matrix([[0, 1, 0], [1, 0, 0], [0, 0, -1]])                
	Translate is Matrix([[0], [0], [0]])
R_spin = Matrix([[1, 0, 0], [0, -1, 0], [0, 0, 1]])*Matrix([[-1, 0, 0], [0, -1, 0], [0, 0, 1]]),                            
R_space = Matrix([[1, 0, 0], [0, 1, 0], [0, 0, 1]])*Matrix([[0, 1, 0], [1, 0, 0], [0, 0, -1]]),                            
是第2个生成元操作和第31个生成元操作的乘积，故不是生成元
================================================================================ 

第61个操作:
	R_spin_Frac is Matrix([[1, 0, 0], [0, 1, 0], [0, 0, 1]])
	R_space_Frac is Matrix([[0, -1, 0], [-1, 0, 0], [0, 0, 1]])                
	R_spin_Cart is Matrix([[1, 0, 0], [0, 1, 0], [0, 0, 1]])
	R_space_Cart is Matrix([[0, -1, 0], [-1, 0, 0], [0, 0, 1]])                
	Translate is Matrix([[0], [0], [0]])
第32个生成元操作

时间反演奇电导约束关系:
	 σC_odd_xx = 0 	该约束关系已在之前的操作结果中存在
	 σC_odd_xy = 0 	该约束关系已在之前的操作结果中存在
	 σC_odd_xz = σC_odd_zy 	该约束关系已在之前的操作结果中存在
	 σC_odd_yx = 0 	该约束关系已在之前的操作结果中存在
	 σC_odd_yy = 0 	该约束关系已在之前的操作结果中存在
	 σC_odd_yz = -σC_odd_zy 	该约束关系已在之前的操作结果中存在
	 σC_odd_zx = -σC_odd_zy 	该约束关系已在之前的操作结果中存在
	 σC_odd_zz = 0 	该约束关系已在之前的操作结果中存在

时间反演奇自旋电导约束关系:
	 σS_odd_Xxx = σS_odd_Xyy 	该约束关系已在之前的操作结果中存在
	 σS_odd_Xxy = σS_odd_Xyx 	该约束关系已在之前的操作结果中存在
	 σS_odd_Xxz = -σS_odd_Xyz 	该约束关系已在之前的操作结果中存在
	 σS_odd_Xzx = -σS_odd_Xzy 	该约束关系已在之前的操作结果中存在
	 σS_odd_Yxx = σS_odd_Yyy 	该约束关系已在之前的操作结果中存在
	 σS_odd_Yxy = σS_odd_Yyx 	该约束关系已在之前的操作结果中存在
	 σS_odd_Yxz = -σS_odd_Yyz 	该约束关系已在之前的操作结果中存在
	 σS_odd_Yzx = -σS_odd_Yzy 	该约束关系已在之前的操作结果中存在
	 σS_odd_Zxx = σS_odd_Zyy 	该约束关系已在之前的操作结果中存在
	 σS_odd_Zxy = σS_odd_Zyx 	该约束关系已在之前的操作结果中存在
	 σS_odd_Zxz = -σS_odd_Zyz 	该约束关系已在之前的操作结果中存在
	 σS_odd_Zzx = -σS_odd_Zzy 	该约束关系已在之前的操作结果中存在

时间反演偶电导约束关系:
	 σC_even_xx = σC_even_yy 	该约束关系已在之前的操作结果中存在
	 σC_even_xy = σC_even_yx 	该约束关系已在之前的操作结果中存在
	 σC_even_xz = -σC_even_zy 	该约束关系已在之前的操作结果中存在
	 σC_even_yz = σC_even_zy 	该约束关系已在之前的操作结果中存在
	 σC_even_zx = -σC_even_zy 	该约束关系已在之前的操作结果中存在

时间反演偶自旋电导约束关系:
	 σS_even_Xxx = σS_even_Xyy 	该约束关系已在之前的操作结果中存在
	 σS_even_Xxy = σS_even_Xyx 	该约束关系已在之前的操作结果中存在
	 σS_even_Xxz = -σS_even_Xyz 	该约束关系已在之前的操作结果中存在
	 σS_even_Xzx = -σS_even_Xzy 	该约束关系已在之前的操作结果中存在
	 σS_even_Yxx = σS_even_Yyy 	该约束关系已在之前的操作结果中存在
	 σS_even_Yxy = σS_even_Yyx 	该约束关系已在之前的操作结果中存在
	 σS_even_Yxz = -σS_even_Yyz 	该约束关系已在之前的操作结果中存在
	 σS_even_Yzx = -σS_even_Yzy 	该约束关系已在之前的操作结果中存在
	 σS_even_Zxx = σS_even_Zyy 	该约束关系已在之前的操作结果中存在
	 σS_even_Zxy = σS_even_Zyx 	该约束关系已在之前的操作结果中存在
	 σS_even_Zxz = -σS_even_Zyz 	该约束关系已在之前的操作结果中存在
	 σS_even_Zzx = -σS_even_Zzy 	该约束关系已在之前的操作结果中存在
================================================================================ 

第62个操作:
	R_spin_Frac is Matrix([[1, 0, 0], [0, -1, 0], [0, 0, 1]])
	R_space_Frac is Matrix([[0, -1, 0], [-1, 0, 0], [0, 0, 1]])                
	R_spin_Cart is Matrix([[1, 0, 0], [0, -1, 0], [0, 0, 1]])
	R_space_Cart is Matrix([[0, -1, 0], [-1, 0, 0], [0, 0, 1]])                
	Translate is Matrix([[0], [0], [0]])
R_spin = Matrix([[1, 0, 0], [0, -1, 0], [0, 0, 1]])*Matrix([[1, 0, 0], [0, 1, 0], [0, 0, 1]]),                            
R_space = Matrix([[1, 0, 0], [0, 1, 0], [0, 0, 1]])*Matrix([[0, -1, 0], [-1, 0, 0], [0, 0, 1]]),                            
是第2个生成元操作和第32个生成元操作的乘积，故不是生成元
================================================================================ 

第63个操作:
	R_spin_Frac is Matrix([[-1, 0, 0], [0, -1, 0], [0, 0, 1]])
	R_space_Frac is Matrix([[0, -1, 0], [-1, 0, 0], [0, 0, 1]])                
	R_spin_Cart is Matrix([[-1, 0, 0], [0, -1, 0], [0, 0, 1]])
	R_space_Cart is Matrix([[0, -1, 0], [-1, 0, 0], [0, 0, 1]])                
	Translate is Matrix([[0], [0], [0]])
R_spin = Matrix([[-1, 0, 0], [0, -1, 0], [0, 0, 1]])*Matrix([[1, 0, 0], [0, 1, 0], [0, 0, 1]]),                            
R_space = Matrix([[1, 0, 0], [0, 1, 0], [0, 0, 1]])*Matrix([[0, -1, 0], [-1, 0, 0], [0, 0, 1]]),                            
是第3个生成元操作和第32个生成元操作的乘积，故不是生成元
================================================================================ 

第64个操作:
	R_spin_Frac is Matrix([[-1, 0, 0], [0, 1, 0], [0, 0, 1]])
	R_space_Frac is Matrix([[0, -1, 0], [-1, 0, 0], [0, 0, 1]])                
	R_spin_Cart is Matrix([[-1, 0, 0], [0, 1, 0], [0, 0, 1]])
	R_space_Cart is Matrix([[0, -1, 0], [-1, 0, 0], [0, 0, 1]])                
	Translate is Matrix([[0], [0], [0]])
第33个生成元操作

时间反演奇电导约束关系:
	 σC_odd_xx = 0 	该约束关系已在之前的操作结果中存在
	 σC_odd_xy = -σC_odd_yx 	该约束关系已在之前的操作结果中存在
	 σC_odd_xz = -σC_odd_zy 	该约束关系已在之前的操作结果中存在
	 σC_odd_yy = 0 	该约束关系已在之前的操作结果中存在
	 σC_odd_yz = -σC_odd_zy 	该约束关系已在之前的操作结果中存在
	 σC_odd_zx = σC_odd_zy 	该约束关系已在之前的操作结果中存在
	 σC_odd_zz = 0 	该约束关系已在之前的操作结果中存在

时间反演奇自旋电导约束关系:
	 σS_odd_Xxx = -σS_odd_Xyy 	该约束关系已在之前的操作结果中存在
	 σS_odd_Xxy = -σS_odd_Xyx 	该约束关系已在之前的操作结果中存在
	 σS_odd_Xxz = σS_odd_Xyz 	该约束关系已在之前的操作结果中存在
	 σS_odd_Xzx = σS_odd_Xzy 	该约束关系已在之前的操作结果中存在
	 σS_odd_Xzz = 0 	该约束关系已在之前的操作结果中存在
	 σS_odd_Yxx = σS_odd_Yyy 	该约束关系已在之前的操作结果中存在
	 σS_odd_Yxy = σS_odd_Yyx 	该约束关系已在之前的操作结果中存在
	 σS_odd_Yxz = -σS_odd_Yyz 	该约束关系已在之前的操作结果中存在
	 σS_odd_Yzx = -σS_odd_Yzy 	该约束关系已在之前的操作结果中存在
	 σS_odd_Zxx = σS_odd_Zyy 	该约束关系已在之前的操作结果中存在
	 σS_odd_Zxy = σS_odd_Zyx 	该约束关系已在之前的操作结果中存在
	 σS_odd_Zxz = -σS_odd_Zyz 	该约束关系已在之前的操作结果中存在
	 σS_odd_Zzx = -σS_odd_Zzy 	该约束关系已在之前的操作结果中存在

时间反演偶电导约束关系:
	 σC_even_xx = σC_even_yy 	该约束关系已在之前的操作结果中存在
	 σC_even_xy = σC_even_yx 	该约束关系已在之前的操作结果中存在
	 σC_even_xz = -σC_even_zy 	该约束关系已在之前的操作结果中存在
	 σC_even_yz = σC_even_zy 	该约束关系已在之前的操作结果中存在
	 σC_even_zx = -σC_even_zy 	该约束关系已在之前的操作结果中存在

时间反演偶自旋电导约束关系:
	 σS_even_Xxx = σS_even_Xyy 	该约束关系已在之前的操作结果中存在
	 σS_even_Xxy = σS_even_Xyx 	该约束关系已在之前的操作结果中存在
	 σS_even_Xxz = -σS_even_Xyz 	该约束关系已在之前的操作结果中存在
	 σS_even_Xzx = -σS_even_Xzy 	该约束关系已在之前的操作结果中存在
	 σS_even_Yxx = -σS_even_Yyy 	该约束关系已在之前的操作结果中存在
	 σS_even_Yxy = -σS_even_Yyx 	该约束关系已在之前的操作结果中存在
	 σS_even_Yxz = σS_even_Yyz 	该约束关系已在之前的操作结果中存在
	 σS_even_Yzx = σS_even_Yzy 	该约束关系已在之前的操作结果中存在
	 σS_even_Yzz = 0 	该约束关系已在之前的操作结果中存在
	 σS_even_Zxx = -σS_even_Zyy 	该约束关系已在之前的操作结果中存在
	 σS_even_Zxy = -σS_even_Zyx 	该约束关系已在之前的操作结果中存在
	 σS_even_Zxz = σS_even_Zyz 	该约束关系已在之前的操作结果中存在
	 σS_even_Zzx = σS_even_Zzy 	该约束关系已在之前的操作结果中存在
	 σS_even_Zzz = 0 	该约束关系已在之前的操作结果中存在
================================================================================ 

总约束条件

时间反演奇电导约束关系:
	 σC_odd_xx = 0
	 σC_odd_xy = 0
	 σC_odd_xz = 0
	 σC_odd_yx = 0
	 σC_odd_yy = 0
	 σC_odd_yz = 0
	 σC_odd_zx = 0
	 σC_odd_zy = 0
	 σC_odd_zz = 0

时间反演奇自旋电导约束关系:
	 σS_odd_Xxx = 0
	 σS_odd_Xxy = 0
	 σS_odd_Xxz = 0
	 σS_odd_Xyx = 0
	 σS_odd_Xyy = 0
	 σS_odd_Xyz = 0
	 σS_odd_Xzx = 0
	 σS_odd_Xzy = 0
	 σS_odd_Xzz = 0
	 σS_odd_Yxx = 0
	 σS_odd_Yxy = 0
	 σS_odd_Yxz = 0
	 σS_odd_Yyx = 0
	 σS_odd_Yyy = 0
	 σS_odd_Yyz = 0
	 σS_odd_Yzx = 0
	 σS_odd_Yzy = 0
	 σS_odd_Yzz = 0
	 σS_odd_Zxx = 0
	 σS_odd_Zxy = σS_odd_Zyx
	 σS_odd_Zxz = 0
	 σS_odd_Zyy = 0
	 σS_odd_Zyz = 0
	 σS_odd_Zzx = 0
	 σS_odd_Zzy = 0
	 σS_odd_Zzz = 0

时间反演偶电导约束关系:
	 σC_even_xx = σC_even_yy
	 σC_even_xy = 0
	 σC_even_xz = 0
	 σC_even_yx = 0
	 σC_even_yz = 0
	 σC_even_zx = 0
	 σC_even_zy = 0

时间反演偶自旋电导约束关系:
	 σS_even_Xxx = 0
	 σS_even_Xxy = 0
	 σS_even_Xxz = 0
	 σS_even_Xyx = 0
	 σS_even_Xyy = 0
	 σS_even_Xyz = 0
	 σS_even_Xzx = 0
	 σS_even_Xzy = 0
	 σS_even_Xzz = 0
	 σS_even_Yxx = 0
	 σS_even_Yxy = 0
	 σS_even_Yxz = 0
	 σS_even_Yyx = 0
	 σS_even_Yyy = 0
	 σS_even_Yyz = 0
	 σS_even_Yzx = 0
	 σS_even_Yzy = 0
	 σS_even_Yzz = 0
	 σS_even_Zxx = 0
	 σS_even_Zxy = 0
	 σS_even_Zxz = 0
	 σS_even_Zyx = 0
	 σS_even_Zyy = 0
	 σS_even_Zyz = 0
	 σS_even_Zzx = 0
	 σS_even_Zzy = 0
	 σS_even_Zzz = 0
================================================================================
